{"level":"info","message":"Loading mat rung data: 3 months default","service":"matrung-controller","timestamp":"2025-10-07 14:04:18"}
{"level":"info","message":"Loading mat rung data: 3 months default","service":"matrung-controller","timestamp":"2025-10-07 14:20:17"}
{"level":"info","message":"Loading mat rung data: 3 months default","service":"matrung-controller","timestamp":"2025-10-07 14:23:37"}
{"level":"info","message":"Loading mat rung data: 3 months default","service":"matrung-controller","timestamp":"2025-10-07 14:23:47"}
{"level":"info","message":"Loading mat rung data: 3 months default","service":"matrung-controller","timestamp":"2025-10-07 14:53:32"}
{"level":"info","message":"Loading mat rung data: 3 months default","service":"matrung-controller","timestamp":"2025-10-07 15:02:59"}
{"level":"info","message":"Loading mat rung data: 3 months default","service":"matrung-controller","timestamp":"2025-10-07 15:20:14"}
{"level":"info","message":"Cache hit for mat rung data","service":"matrung-controller","timestamp":"2025-10-07 15:21:10"}
{"level":"info","message":"Loading mat rung data: 3 months default","service":"matrung-controller","timestamp":"2025-10-07 20:15:50"}
{"level":"info","message":"Loading mat rung data: 3 months default","service":"matrung-controller","timestamp":"2025-10-07 20:21:45"}
{"level":"info","message":"Cache hit for mat rung data","service":"matrung-controller","timestamp":"2025-10-07 20:25:54"}
{"level":"info","message":"Cache hit for mat rung data","service":"matrung-controller","timestamp":"2025-10-07 20:26:10"}
{"level":"info","message":"Loading mat rung data: 3 months default","service":"matrung-controller","timestamp":"2025-10-07 20:46:33"}
{"level":"info","message":"Loading mat rung data: 3 months default","service":"matrung-controller","timestamp":"2025-10-07 20:51:51"}
{"level":"info","message":"Loading mat rung data: 3 months default","service":"matrung-controller","timestamp":"2025-10-08 07:21:56"}
{"level":"info","message":"Cache hit for mat rung data","service":"matrung-controller","timestamp":"2025-10-08 07:25:42"}
{"level":"info","message":"Loading mat rung data: 3 months default","service":"matrung-controller","timestamp":"2025-10-08 07:40:20"}
{"level":"info","message":"Cache hit for mat rung data","service":"matrung-controller","timestamp":"2025-10-08 07:42:06"}
{"level":"info","message":"Cache hit for mat rung data","service":"matrung-controller","timestamp":"2025-10-08 07:44:24"}
{"level":"info","message":"Cache hit for mat rung data","service":"matrung-controller","timestamp":"2025-10-08 07:45:19"}
{"level":"info","message":"Loading mat rung data: 3 months default","service":"matrung-controller","timestamp":"2025-10-08 08:16:17"}
{"level":"info","message":"Cache hit for mat rung data","service":"matrung-controller","timestamp":"2025-10-08 08:17:19"}
{"level":"info","message":"Loading mat rung data: 3 months default","service":"matrung-controller","timestamp":"2025-10-08 08:25:34"}
{"level":"info","message":"Cache hit for mat rung data","service":"matrung-controller","timestamp":"2025-10-08 08:27:57"}
{"level":"info","message":"Loading mat rung data: 3 months default","service":"matrung-controller","timestamp":"2025-10-08 08:39:31"}
{"level":"info","message":"Cache hit for mat rung data","service":"matrung-controller","timestamp":"2025-10-08 08:41:02"}
{"level":"info","message":"Cache hit for mat rung data","service":"matrung-controller","timestamp":"2025-10-08 08:43:47"}
{"level":"info","message":"Loading mat rung data: 3 months default","service":"matrung-controller","timestamp":"2025-10-08 08:48:45"}
{"level":"info","message":"Loading mat rung data: 3 months default","service":"matrung-controller","timestamp":"2025-10-08 08:54:20"}
{"level":"info","message":"Cache hit for mat rung data","service":"matrung-controller","timestamp":"2025-10-08 08:57:12"}
{"level":"info","message":"Cache hit for mat rung data","service":"matrung-controller","timestamp":"2025-10-08 08:59:09"}
{"level":"info","message":"Loading mat rung data: 3 months default","service":"matrung-controller","timestamp":"2025-10-08 08:59:24"}
{"level":"info","message":"Cache hit for mat rung data","service":"matrung-controller","timestamp":"2025-10-08 08:59:32"}
{"level":"info","message":"Cache hit for mat rung data","service":"matrung-controller","timestamp":"2025-10-08 09:03:03"}
{"level":"info","message":"Loading mat rung data: 3 months default","service":"matrung-controller","timestamp":"2025-10-08 09:05:40"}
{"level":"info","message":"Loading mat rung data: 3 months default","service":"matrung-controller","timestamp":"2025-10-09 14:54:52"}
{"level":"info","message":"Loading mat rung data: 3 months default","service":"matrung-controller","timestamp":"2025-10-09 15:02:12"}
{"level":"info","message":"Loading mat rung data: 3 months default","service":"matrung-controller","timestamp":"2025-10-09 15:36:58"}
{"level":"info","message":"Loading mat rung data: 3 months default","service":"matrung-controller","timestamp":"2025-10-10 17:42:13"}
{"level":"info","message":"Cache hit for mat rung data","service":"matrung-controller","timestamp":"2025-10-10 17:43:50"}
{"level":"info","message":"Cache hit for mat rung data","service":"matrung-controller","timestamp":"2025-10-10 17:44:56"}
{"level":"info","message":"Loading mat rung data: 3 months default","service":"matrung-controller","timestamp":"2025-10-11 22:59:55"}
{"level":"info","message":"Cache hit for mat rung data","service":"matrung-controller","timestamp":"2025-10-11 23:02:58"}
{"level":"info","message":"Cache hit for mat rung data","service":"matrung-controller","timestamp":"2025-10-11 23:04:11"}
{"level":"info","message":"Loading mat rung data: 3 months default","service":"matrung-controller","timestamp":"2025-10-11 23:19:13"}
{"level":"info","message":"Loading mat rung data: 3 months default","service":"matrung-controller","timestamp":"2025-10-12 12:21:39"}
{"level":"info","message":"Cache hit for mat rung data","service":"matrung-controller","timestamp":"2025-10-12 12:24:29"}
{"level":"info","message":"Loading mat rung data: 3 months default","service":"matrung-controller","timestamp":"2025-10-12 12:36:26"}
{"level":"info","message":"Cache hit for mat rung data","service":"matrung-controller","timestamp":"2025-10-12 12:36:43"}
{"level":"info","message":"Loading mat rung data: 3 months default","service":"matrung-controller","timestamp":"2025-10-12 12:47:57"}
{"level":"info","message":"Loading mat rung data: 3 months default","service":"matrung-controller","timestamp":"2025-10-12 12:57:45"}
{"level":"info","message":"Cache hit for mat rung data","service":"matrung-controller","timestamp":"2025-10-12 13:00:46"}
{"level":"info","message":"Loading mat rung data: 3 months default","service":"matrung-controller","timestamp":"2025-10-12 13:04:50"}
{"fromDate":"2023-01-02","huyen":"TP. Lµo Cai","level":"info","message":"Loading mat rung data with filters","service":"matrung-controller","timestamp":"2025-10-12 13:05:36","toDate":"2025-10-12"}
{"level":"info","message":"Loading mat rung data: 3 months default","service":"matrung-controller","timestamp":"2025-10-12 13:14:12"}
{"fromDate":"2023-01-12","huyen":"TP. Lµo Cai","level":"info","message":"Loading mat rung data with filters","service":"matrung-controller","timestamp":"2025-10-12 13:15:02","toDate":"2025-10-12"}
{"level":"info","message":"Loading mat rung data: 3 months default","service":"matrung-controller","timestamp":"2025-10-12 17:44:51"}
{"level":"info","message":"Loading mat rung data: 3 months default","service":"matrung-controller","timestamp":"2025-10-12 21:30:16"}
{"level":"info","message":"Loading mat rung data: 3 months default","service":"matrung-controller","timestamp":"2025-10-12 21:41:26"}
{"level":"info","message":"Loading mat rung data: 3 months default","service":"matrung-controller","timestamp":"2025-10-12 21:47:13"}
{"level":"info","message":"Loading mat rung data: 3 months default","service":"matrung-controller","timestamp":"2025-10-12 21:59:00"}
{"level":"info","message":"Loading mat rung data: 3 months default","service":"matrung-controller","timestamp":"2025-10-12 22:08:19"}
{"level":"info","message":"Cache hit for mat rung data","service":"matrung-controller","timestamp":"2025-10-12 22:11:49"}
{"level":"info","message":"Cache hit for mat rung data","service":"matrung-controller","timestamp":"2025-10-12 22:12:48"}
{"level":"info","message":"Loading mat rung data: 3 months default","service":"matrung-controller","timestamp":"2025-10-12 22:13:32"}
{"level":"info","message":"Loading mat rung data: 3 months default","service":"matrung-controller","timestamp":"2025-10-12 22:22:20"}
{"level":"info","message":"Loading mat rung data: 3 months default","service":"matrung-controller","timestamp":"2025-10-12 22:28:09"}
{"level":"info","message":"Cache hit for mat rung data","service":"matrung-controller","timestamp":"2025-10-12 22:29:38"}
{"level":"info","message":"Loading mat rung data: 12 months default","service":"matrung-controller","timestamp":"2025-10-12 22:29:54"}
{"level":"info","message":"Loading mat rung data: 12 months default","service":"matrung-controller","timestamp":"2025-10-12 22:52:29"}
{"level":"info","message":"Cache hit for mat rung data","service":"matrung-controller","timestamp":"2025-10-12 22:56:54"}
{"level":"info","message":"Loading mat rung data: 12 months default","service":"matrung-controller","timestamp":"2025-10-12 23:01:37"}
{"level":"info","message":"Cache hit for mat rung data","service":"matrung-controller","timestamp":"2025-10-12 23:03:55"}
{"level":"info","message":"Cache hit for mat rung data","service":"matrung-controller","timestamp":"2025-10-12 23:04:35"}
{"level":"info","message":"Cache hit for mat rung data","service":"matrung-controller","timestamp":"2025-10-12 23:05:30"}
{"level":"info","message":"Cache hit for mat rung data","service":"matrung-controller","timestamp":"2025-10-12 23:05:49"}
{"level":"info","message":"Loading mat rung data: 12 months default","service":"matrung-controller","timestamp":"2025-10-12 23:08:52"}
{"level":"info","message":"Cache hit for mat rung data","service":"matrung-controller","timestamp":"2025-10-12 23:13:11"}
{"level":"info","message":"Cache hit for mat rung data","service":"matrung-controller","timestamp":"2025-10-12 23:13:20"}
{"level":"info","message":"Loading mat rung data: 12 months default","service":"matrung-controller","timestamp":"2025-10-12 23:15:07"}
{"level":"info","message":"Loading mat rung data: 12 months default","service":"matrung-controller","timestamp":"2025-10-13 07:05:46"}
{"level":"info","message":"Loading mat rung data: 12 months default","service":"matrung-controller","timestamp":"2025-10-13 07:16:04"}
{"level":"info","message":"Loading mat rung data: 12 months default","service":"matrung-controller","timestamp":"2025-10-13 07:22:40"}
{"level":"info","message":"Loading mat rung data: 12 months default","service":"matrung-controller","timestamp":"2025-10-13 07:59:19"}
{"level":"info","message":"Loading mat rung data: 12 months default","service":"matrung-controller","timestamp":"2025-10-13 08:18:56"}
{"level":"info","message":"Cache hit for mat rung data","service":"matrung-controller","timestamp":"2025-10-13 08:23:46"}
{"level":"info","message":"Loading mat rung data: 12 months default","service":"matrung-controller","timestamp":"2025-10-13 08:26:34"}
{"level":"info","message":"Loading mat rung data: 12 months default","service":"matrung-controller","timestamp":"2025-10-13 08:38:54"}
{"level":"info","message":"Cache hit for mat rung data","service":"matrung-controller","timestamp":"2025-10-13 08:40:33"}
{"level":"info","message":"Loading mat rung data: 12 months default","service":"matrung-controller","timestamp":"2025-10-13 08:44:48"}
{"level":"info","message":"Cache hit for mat rung data","service":"matrung-controller","timestamp":"2025-10-13 08:46:11"}
{"fromDate":"2024-10-01","level":"info","message":"Forecast preview request","month":"10","period":"Cuối","service":"matrung-controller","timestamp":"2025-10-13 13:33:32","toDate":"2024-10-31","year":2024}
{"level":"info","message":"Forecast preview: 0 features, 0 ha, 22ms","service":"matrung-controller","timestamp":"2025-10-13 13:33:32"}
{"fromDate":"2024-07-01","level":"info","message":"Forecast preview request","month":"7","period":"Cuối","service":"matrung-controller","timestamp":"2025-10-13 13:34:01","toDate":"2024-07-31","year":2024}
{"level":"info","message":"Forecast preview: 0 features, 0 ha, 5ms","service":"matrung-controller","timestamp":"2025-10-13 13:34:01"}
{"level":"info","message":"Calculating mat rung statistics","service":"matrung-controller","timestamp":"2025-10-13 13:34:09"}
{"fromDate":"2025-04-01","level":"info","message":"Forecast preview request","month":"4","period":"Cuối","service":"matrung-controller","timestamp":"2025-10-13 13:34:37","toDate":"2025-04-30","year":2025}
{"level":"info","message":"Forecast preview: 223 features, 60.67 ha, 3ms","service":"matrung-controller","timestamp":"2025-10-13 13:34:37"}
{"fromDate":"2024-12-15","level":"info","message":"Auto forecast request","month":"01","period":"Trước ngày 15","service":"matrung-controller","timestamp":"2025-10-13 13:36:11","toDate":"2025-01-15","year":"2025"}
{"level":"info","message":"Auto forecast query completed in 15ms, found 0 records","service":"matrung-controller","timestamp":"2025-10-13 13:36:11"}
{"fromDate":"2025-01-15","level":"info","message":"Forecast preview request","month":"02","period":"Trước ngày 15","service":"matrung-controller","timestamp":"2025-10-13 13:36:20","toDate":"2025-02-15","year":"2025"}
{"level":"info","message":"Forecast preview: 2837 features, 1001.37 ha, 5ms","service":"matrung-controller","timestamp":"2025-10-13 13:36:20"}
{"fromDate":"2025-01-15","level":"info","message":"Auto forecast request","month":"02","period":"Trước ngày 15","service":"matrung-controller","timestamp":"2025-10-13 13:36:21","toDate":"2025-02-15","year":"2025"}
{"level":"info","message":"Auto forecast query completed in 45ms, found 2837 records","service":"matrung-controller","timestamp":"2025-10-13 13:36:21"}
{"fromDate":"2024-12-15","level":"info","message":"Forecast preview request","month":"01","period":"Trước ngày 15","service":"matrung-controller","timestamp":"2025-10-13 13:37:44","toDate":"2025-01-15","year":"2025"}
{"level":"info","message":"Forecast preview: 0 features, 0 ha, 19ms","service":"matrung-controller","timestamp":"2025-10-13 13:37:44"}
{"fromDate":"2023-01-13","huyen":"TP. Lµo Cai","level":"info","message":"Loading mat rung data with filters","service":"matrung-controller","timestamp":"2025-10-13 13:40:00","toDate":"2023-01-27"}
{"fromDate":"2023-01-13","huyen":"TP. Lµo Cai","level":"info","message":"Loading mat rung data with filters","service":"matrung-controller","timestamp":"2025-10-13 13:40:08","toDate":"2025-10-31"}
{"fromDate":"2024-12-15","level":"info","message":"Forecast preview request","month":"01","period":"Trước ngày 15","service":"matrung-controller","timestamp":"2025-10-14 14:31:39","toDate":"2025-01-15","year":"2025"}
{"level":"info","message":"Forecast preview: 0 features, 0 ha, 45ms","service":"matrung-controller","timestamp":"2025-10-14 14:31:40"}
{"fromDate":"2024-12-15","level":"info","message":"Forecast preview request","month":"01","period":"Trước ngày 15","service":"matrung-controller","timestamp":"2025-10-14 15:43:20","toDate":"2025-01-15","year":"2025"}
{"level":"info","message":"Forecast preview: 0 features, 0 ha, 51ms","service":"matrung-controller","timestamp":"2025-10-14 15:43:20"}
{"fromDate":"2024-12-15","level":"info","message":"Forecast preview request","month":"01","period":"Trước ngày 15","service":"matrung-controller","timestamp":"2025-10-14 15:49:49","toDate":"2025-01-15","year":"2025"}
{"level":"info","message":"Forecast preview: 0 features, 0 ha, 41ms","service":"matrung-controller","timestamp":"2025-10-14 15:49:49"}
{"fromDate":"2024-12-15","level":"info","message":"Forecast preview request","month":"01","period":"Trước ngày 15","service":"matrung-controller","timestamp":"2025-10-14 16:13:26","toDate":"2025-01-15","year":"2025"}
{"level":"info","message":"Forecast preview: 0 features, 0 ha, 46ms","service":"matrung-controller","timestamp":"2025-10-14 16:13:26"}
{"fromDate":"2024-12-15","level":"info","message":"Forecast preview request","month":"01","period":"Trước ngày 15","service":"matrung-controller","timestamp":"2025-10-14 16:37:27","toDate":"2025-01-15","year":"2025"}
{"level":"info","message":"Forecast preview: 0 features, 0 ha, 16ms","service":"matrung-controller","timestamp":"2025-10-14 16:37:27"}
{"fromDate":"2023-01-14","huyen":"TP. Lµo Cai","level":"info","message":"Loading mat rung data with filters","service":"matrung-controller","timestamp":"2025-10-14 16:59:45","toDate":"2025-10-14"}
{"level":"info","message":"Cache hit for mat rung data","service":"matrung-controller","timestamp":"2025-10-14 17:00:18"}
{"fromDate":"2024-01-01","huyen":"TP. Lµo Cai","level":"info","message":"Loading mat rung data with filters","service":"matrung-controller","timestamp":"2025-10-14 17:02:11","toDate":"2025-10-14"}
{"fromDate":"2024-12-15","level":"info","message":"Forecast preview request","month":"01","period":"Trước ngày 15","service":"matrung-controller","timestamp":"2025-10-14 17:08:15","toDate":"2025-01-15","year":"2025"}
{"level":"info","message":"Forecast preview: 0 features, 0 ha, 23ms","service":"matrung-controller","timestamp":"2025-10-14 17:08:15"}
{"fromDate":"2024-12-15","level":"info","message":"Auto forecast request","month":"01","period":"Trước ngày 15","service":"matrung-controller","timestamp":"2025-10-14 17:08:18","toDate":"2025-01-15","year":"2025"}
{"level":"info","message":"Auto forecast query completed in 19ms, found 0 records","service":"matrung-controller","timestamp":"2025-10-14 17:08:18"}
{"fromDate":"2025-08-15","level":"info","message":"Forecast preview request","month":"09","period":"Trước ngày 15","service":"matrung-controller","timestamp":"2025-10-14 17:08:22","toDate":"2025-09-15","year":"2025"}
{"level":"info","message":"Forecast preview: 0 features, 0 ha, 5ms","service":"matrung-controller","timestamp":"2025-10-14 17:08:22"}
{"fromDate":"2025-08-15","level":"info","message":"Auto forecast request","month":"09","period":"Trước ngày 15","service":"matrung-controller","timestamp":"2025-10-14 17:08:23","toDate":"2025-09-15","year":"2025"}
{"level":"info","message":"Auto forecast query completed in 5ms, found 0 records","service":"matrung-controller","timestamp":"2025-10-14 17:08:23"}
{"fromDate":"2025-08-15","level":"info","message":"Auto forecast request","month":"09","period":"Trước ngày 15","service":"matrung-controller","timestamp":"2025-10-14 17:08:28","toDate":"2025-09-15","year":"2025"}
{"level":"info","message":"Auto forecast query completed in 7ms, found 0 records","service":"matrung-controller","timestamp":"2025-10-14 17:08:28"}
{"fromDate":"2025-09-01","level":"info","message":"Forecast preview request","month":"09","period":"Sau ngày 15","service":"matrung-controller","timestamp":"2025-10-14 17:08:33","toDate":"2025-09-30","year":"2025"}
{"level":"info","message":"Forecast preview: 929 features, 2034.43 ha, 3ms","service":"matrung-controller","timestamp":"2025-10-14 17:08:33"}
{"fromDate":"2025-09-01","level":"info","message":"Auto forecast request","month":"09","period":"Sau ngày 15","service":"matrung-controller","timestamp":"2025-10-14 17:08:33","toDate":"2025-09-30","year":"2025"}
{"level":"info","message":"Auto forecast query completed in 37ms, found 929 records","service":"matrung-controller","timestamp":"2025-10-14 17:08:33"}
