[0;32m[2025-10-06 21:19:18][0m ==========================================
[0;32m[2025-10-06 21:19:18][0m DuBaoMatRung Database Migration
[0;32m[2025-10-06 21:19:18][0m ==========================================
[0;34m[2025-10-06 21:19:18] INFO:[0m OLD Container: postgres-postgis-17 → Database: geodb
[0;34m[2025-10-06 21:19:18] INFO:[0m NEW Container: QuanLyMatRungPostgres17 → Databases: {auth_db,gis_db,admin_db}
[0;34m[2025-10-06 21:19:18] INFO:[0m Log file: /home/luckyboiz/LuckyBoiz/Projects/Reacts/DuBaoMatRung/microservices/migrations/logs/migration-20251006-211918.log
[0;32m[2025-10-06 21:19:18][0m 
[0;32m[2025-10-06 21:19:18][0m 📍 Step 1: Checking OLD database...
[0;34m[2025-10-06 21:19:18] INFO:[0m Checking connection to OLD database (container: postgres-postgis-17/geodb)...
[0;32m[2025-10-06 21:19:18][0m ✅ Connected to OLD database
[0;32m[2025-10-06 21:19:18][0m 
📍 Step 2: Checking NEW database server...
[0;34m[2025-10-06 21:19:18] INFO:[0m Checking connection to NEW database server (container: QuanLyMatRungPostgres17)...
[0;32m[2025-10-06 21:19:18][0m ✅ Connected to NEW database server
[0;32m[2025-10-06 21:19:18][0m 
📍 Step 3: Backup OLD database...
[1;33m[2025-10-06 21:20:24] WARNING:[0m Skipping backup. Continue at your own risk!
[0;32m[2025-10-06 21:20:24][0m 
📍 Step 4: Creating NEW databases...
[0;34m[2025-10-06 21:20:24] INFO:[0m Checking if database auth_db exists on NEW server...
[0;34m[2025-10-06 21:20:24] INFO:[0m Creating database auth_db on NEW server...
CREATE DATABASE
[0;32m[2025-10-06 21:20:25][0m ✅ Database auth_db created
[0;34m[2025-10-06 21:20:25] INFO:[0m Checking if database gis_db exists on NEW server...
[0;34m[2025-10-06 21:20:25] INFO:[0m Creating database gis_db on NEW server...
CREATE DATABASE
[0;32m[2025-10-06 21:20:25][0m ✅ Database gis_db created
[0;34m[2025-10-06 21:20:25] INFO:[0m Checking if database admin_db exists on NEW server...
[0;34m[2025-10-06 21:20:25] INFO:[0m Creating database admin_db on NEW server...
CREATE DATABASE
[0;32m[2025-10-06 21:20:25][0m ✅ Database admin_db created
[0;32m[2025-10-06 21:20:25][0m 
📍 Step 5: Initializing auth_db schema...
[0;34m[2025-10-06 21:20:25] INFO:[0m Executing /home/luckyboiz/LuckyBoiz/Projects/Reacts/DuBaoMatRung/microservices/migrations/001_auth_db.sql on NEW database auth_db (container: QuanLyMatRungPostgres17)...
CREATE EXTENSION
CREATE TABLE
CREATE TABLE
CREATE TABLE
CREATE INDEX
CREATE INDEX
CREATE INDEX
CREATE INDEX
CREATE INDEX
CREATE INDEX
CREATE INDEX
CREATE INDEX
CREATE INDEX
CREATE INDEX
CREATE FUNCTION
CREATE FUNCTION
CREATE TRIGGER
CREATE VIEW
INSERT 0 1
COMMENT
COMMENT
COMMENT
[0;32m[2025-10-06 21:20:25][0m ✅ Successfully executed /home/luckyboiz/LuckyBoiz/Projects/Reacts/DuBaoMatRung/microservices/migrations/001_auth_db.sql
[0;34m[2025-10-06 21:20:25] INFO:[0m Validating migration for auth_db...
 schemaname |     tablename     |  size  
------------+-------------------+--------
 public     | users             | 112 kB
 public     | user_sessions     | 40 kB
 public     | user_activity_log | 40 kB
(3 rows)

[0;32m[2025-10-06 21:20:25][0m 
📍 Step 6: Initializing gis_db schema...
[0;34m[2025-10-06 21:20:25] INFO:[0m Executing /home/luckyboiz/LuckyBoiz/Projects/Reacts/DuBaoMatRung/microservices/migrations/002_gis_db.sql on NEW database gis_db (container: QuanLyMatRungPostgres17)...
CREATE EXTENSION
CREATE EXTENSION
CREATE TABLE
CREATE TABLE
CREATE TABLE
CREATE INDEX
CREATE INDEX
CREATE INDEX
CREATE INDEX
CREATE INDEX
CREATE INDEX
CREATE INDEX
CREATE INDEX
CREATE INDEX
CREATE INDEX
CREATE INDEX
CREATE INDEX
CREATE INDEX
CREATE INDEX
CREATE FUNCTION
CREATE FUNCTION
CREATE TRIGGER
CREATE TRIGGER
CREATE FUNCTION
CREATE FUNCTION
CREATE VIEW
CREATE VIEW
CREATE VIEW
COMMENT
COMMENT
COMMENT
COMMENT
COMMENT
[0;32m[2025-10-06 21:20:26][0m ✅ Successfully executed /home/luckyboiz/LuckyBoiz/Projects/Reacts/DuBaoMatRung/microservices/migrations/002_gis_db.sql
[0;34m[2025-10-06 21:20:26] INFO:[0m Validating migration for gis_db...
 schemaname |         tablename         |    size    
------------+---------------------------+------------
 public     | spatial_ref_sys           | 7136 kB
 public     | mat_rung                  | 104 kB
 public     | mat_rung_verification_log | 40 kB
 public     | mat_rung_monthly_summary  | 8192 bytes
(4 rows)

[0;32m[2025-10-06 21:20:26][0m 
📍 Step 7: Initializing admin_db schema...
[0;34m[2025-10-06 21:20:26] INFO:[0m Executing /home/luckyboiz/LuckyBoiz/Projects/Reacts/DuBaoMatRung/microservices/migrations/003_admin_db.sql on NEW database admin_db (container: QuanLyMatRungPostgres17)...
CREATE EXTENSION
CREATE EXTENSION
CREATE TABLE
CREATE TABLE
CREATE TABLE
CREATE TABLE
CREATE TABLE
CREATE TABLE
CREATE INDEX
CREATE INDEX
CREATE INDEX
CREATE INDEX
CREATE INDEX
CREATE INDEX
CREATE INDEX
CREATE INDEX
CREATE INDEX
CREATE INDEX
CREATE INDEX
CREATE INDEX
CREATE INDEX
CREATE INDEX
CREATE INDEX
CREATE INDEX
CREATE INDEX
CREATE INDEX
CREATE INDEX
CREATE INDEX
CREATE INDEX
CREATE INDEX
SELECT 0
CREATE INDEX
SELECT 0
CREATE INDEX
SELECT 0
CREATE INDEX
CREATE FUNCTION
CREATE FUNCTION
CREATE FUNCTION
CREATE FUNCTION
CREATE FUNCTION
CREATE FUNCTION
CREATE FUNCTION
CREATE FUNCTION
CREATE FUNCTION
COMMENT
COMMENT
COMMENT
COMMENT
COMMENT
COMMENT
COMMENT
COMMENT
[0;32m[2025-10-06 21:20:26][0m ✅ Successfully executed /home/luckyboiz/LuckyBoiz/Projects/Reacts/DuBaoMatRung/microservices/migrations/003_admin_db.sql
[0;34m[2025-10-06 21:20:26] INFO:[0m Validating migration for admin_db...
 schemaname |      tablename      |  size   
------------+---------------------+---------
 public     | spatial_ref_sys     | 7136 kB
 public     | tlaocai_tkk_3lr_cru | 80 kB
 public     | laocai_rg3lr        | 56 kB
 public     | laocai_ranhgioihc   | 48 kB
 public     | laocai_chuquanly    | 32 kB
 public     | laocai_nendiahinh   | 32 kB
 public     | laocai_huyen        | 24 kB
(7 rows)

[0;32m[2025-10-06 21:20:26][0m 
📍 Step 8: Migrating data from OLD to NEW databases...
[0;34m[2025-10-06 21:20:26] INFO:[0m Copying users table to auth_db...
SET
SET
SET
SET
SET
SET
 set_config 
------------
 
(1 row)

SET
SET
SET
SET
ERROR:  duplicate key value violates unique constraint "users_pkey"
DETAIL:  Key (id)=(1) already exists.
CONTEXT:  COPY users, line 3
 setval 
--------
      3
(1 row)

[0;34m[2025-10-06 21:20:26] INFO:[0m Copying mat_rung tables to gis_db...
SET
SET
SET
SET
SET
SET
 set_config 
------------
 
(1 row)

SET
SET
SET
SET
ERROR:  relation "public.laocai_ranhgioihc" does not exist
invalid command \N
invalid command \N
invalid command \N
invalid command \N
invalid command \N
invalid command \N
invalid command \N
invalid command \N
invalid command \N
invalid command \N
invalid command \N
invalid command \N
invalid command \N
invalid command \N
invalid command \N
invalid command \N
invalid command \N
invalid command \N
invalid command \N
invalid command \N
invalid command \N
invalid command \N
invalid command \N
invalid command \N
invalid command \N
invalid command \N
invalid command \N
invalid command \N
invalid command \N
invalid command \N
invalid command \N
invalid command \N
invalid command \N
invalid command \N
invalid command \N
invalid command \N
invalid command \N
invalid command \N
invalid command \N
invalid command \N
invalid command \N
invalid command \N
invalid command \N
invalid command \N
invalid command \N
invalid command \N
invalid command \N
invalid command \N
invalid command \N
invalid command \N
invalid command \N
invalid command \N
invalid command \N
invalid command \N
invalid command \N
invalid command \N
invalid command \N
invalid command \N
invalid command \N
invalid command \N
invalid command \N
invalid command \N
invalid command \N
invalid command \N
invalid command \N
invalid command \N
invalid command \N
invalid command \N
invalid command \N
invalid command \N
invalid command \N
invalid command \N
invalid command \N
invalid command \N
invalid command \.
ERROR:  syntax error at or near "223"
LINE 1: 223 TX. Sa Pa Ngò ChØ S¬n 249 2 0106000020E61000000100000001...
        ^
invalid command \N
invalid command \N
invalid command \N
invalid command \N
invalid command \N
invalid command \N
invalid command \N
invalid command \N
invalid command \N
invalid command \N
invalid command \N
invalid command \N
invalid command \N
invalid command \N
invalid command \N
invalid command \N
invalid command \N
invalid command \N
invalid command \N
invalid command \N
invalid command \N
invalid command \N
invalid command \N
invalid command \N
invalid command \N
invalid command \N
invalid command \N
invalid command \N
invalid command \N
invalid command \N
invalid command \N
invalid command \N
invalid command \N
invalid command \N
invalid command \N
invalid command \N
invalid command \N
invalid command \N
invalid command \N
invalid command \N
invalid command \N
invalid command \N
invalid command \N
invalid command \N
invalid command \N
invalid command \N
invalid command \N
invalid command \N
invalid command \N
invalid command \N
invalid command \N
invalid command \N
invalid command \N
invalid command \N
invalid command \N
invalid command \N
invalid command \N
invalid command \N
invalid command \N
invalid command \N
invalid command \N
invalid command \N
invalid command \N
invalid command \N
invalid command \N
invalid command \N
invalid command \N
invalid command \N
invalid command \N
invalid command \N
invalid command \N
invalid command \N
invalid command \N
invalid command \N
invalid command \N
invalid command \N
invalid command \N
invalid command \N
invalid command \N
invalid command \N
invalid command \N
invalid command \N
invalid command \N
invalid command \N
invalid command \N
invalid command \N
invalid command \N
invalid command \N
invalid command \N
invalid command \N
invalid command \N
invalid command \N
invalid command \N
invalid command \N
invalid command \N
invalid command \N
invalid command \N
invalid command \N
invalid command \N
invalid command \N
invalid command \N
invalid command \N
invalid command \N
invalid command \N
invalid command \N
invalid command \N
invalid command \N
invalid command \N
invalid command \N
invalid command \N
invalid command \N
invalid command \N
invalid command \N
invalid command \N
invalid command \N
invalid command \N
invalid command \N
invalid command \N
invalid command \N
invalid command \N
invalid command \N
invalid command \N
invalid command \N
invalid command \N
invalid command \N
invalid command \N
invalid command \N
invalid command \N
invalid command \N
invalid command \N
invalid command \N
invalid command \N
invalid command \N
invalid command \N
invalid command \N
invalid command \N
invalid command \N
invalid command \N
invalid command \N
invalid command \N
invalid command \N
invalid command \N
invalid command \N
invalid command \N
invalid command \N
invalid command \N
invalid command \N
invalid command \N
invalid command \N
invalid command \N
invalid command \N
invalid command \N
invalid command \N
invalid command \N
invalid command \N
invalid command \N
invalid command \N
invalid command \N
invalid command \N
invalid command \N
invalid command \N
invalid command \N
invalid command \N
invalid command \N
invalid command \N
invalid command \N
invalid command \N
invalid command \N
invalid command \N
invalid command \N
invalid command \N
invalid command \N
invalid command \N
invalid command \N
invalid command \N
invalid command \N
invalid command \N
invalid command \N
invalid command \N
invalid command \N
invalid command \N
invalid command \N
invalid command \N
invalid command \N
invalid command \N
invalid command \N
invalid command \N
invalid command \N
invalid command \N
invalid command \N
invalid command \N
invalid command \N
invalid command \N
invalid command \N
invalid command \N
invalid command \N
invalid command \N
invalid command \N
invalid command \N
invalid command \N
invalid command \N
invalid command \N
invalid command \N
invalid command \N
invalid command \N
invalid command \N
invalid command \N
invalid command \N
invalid command \N
invalid command \N
invalid command \N
invalid command \N
invalid command \N
invalid command \N
invalid command \N
invalid command \N
invalid command \N
invalid command \N
invalid command \N
invalid command \N
invalid command \N
invalid command \N
invalid command \N
invalid command \N
invalid command \N
invalid command \N
invalid command \N
invalid command \N
invalid command \N
invalid command \N
invalid command \N
invalid command \N
invalid command \N
invalid command \N
invalid command \N
invalid command \N
invalid command \N
invalid command \N
invalid command \N
invalid command \N
invalid command \N
invalid command \N
invalid command \N
invalid command \N
invalid command \N
invalid command \N
invalid command \N
invalid command \N
invalid command \N
invalid command \N
invalid command \N
invalid command \N
invalid command \N
invalid command \N
invalid command \N
invalid command \N
invalid command \N
invalid command \N
invalid command \N
invalid command \N
invalid command \N
invalid command \N
invalid command \N
invalid command \N
invalid command \N
invalid command \N
invalid command \N
invalid command \N
invalid command \N
invalid command \N
invalid command \N
invalid command \N
invalid command \N
invalid command \N
invalid command \N
invalid command \N
invalid command \N
invalid command \N
invalid command \N
invalid command \N
invalid command \N
invalid command \N
invalid command \N
invalid command \N
invalid command \N
invalid command \N
invalid command \N
invalid command \N
invalid command \N
invalid command \N
invalid command \N
invalid command \N
invalid command \N
invalid command \N
invalid command \N
invalid command \N
invalid command \N
invalid command \N
invalid command \N
invalid command \N
invalid command \N
invalid command \N
invalid command \N
invalid command \N
invalid command \N
invalid command \N
invalid command \N
invalid command \N
invalid command \N
invalid command \N
invalid command \N
invalid command \N
invalid command \N
invalid command \N
invalid command \N
invalid command \N
invalid command \N
invalid command \N
invalid command \N
invalid command \N
invalid command \N
invalid command \N
invalid command \N
invalid command \N
invalid command \N
invalid command \N
invalid command \N
invalid command \N
invalid command \N
invalid command \N
invalid command \N
invalid command \N
invalid command \N
invalid command \N
invalid command \N
invalid command \N
invalid command \N
invalid command \N
invalid command \N
invalid command \N
invalid command \N
invalid command \N
invalid command \N
invalid command \N
invalid command \N
invalid command \N
invalid command \N
invalid command \N
invalid command \N
invalid command \N
invalid command \N
invalid command \N
invalid command \N
invalid command \N
invalid command \N
invalid command \N
invalid command \N
invalid command \N
invalid command \N
invalid command \N
invalid command \N
invalid command \N
invalid command \N
invalid command \N
invalid command \N
invalid command \N
invalid command \N
invalid command \N
invalid command \N
invalid command \N
invalid command \N
invalid command \N
invalid command \N
invalid command \N
invalid command \N
invalid command \N
invalid command \N
invalid command \N
invalid command \N
invalid command \N
invalid command \N
invalid command \N
invalid command \N
invalid command \N
invalid command \N
invalid command \N
invalid command \N
invalid command \N
invalid command \N
invalid command \N
invalid command \N
invalid command \N
invalid command \N
invalid command \N
invalid command \N
invalid command \N
invalid command \N
invalid command \N
invalid command \N
invalid command \N
invalid command \N
invalid command \N
invalid command \N
invalid command \N
invalid command \N
invalid command \N
invalid command \N
invalid command \N
invalid command \N
invalid command \N
invalid command \N
invalid command \N
invalid command \N
invalid command \N
invalid command \N
invalid command \N
invalid command \N
invalid command \N
invalid command \N
invalid command \N
invalid command \N
invalid command \N
invalid command \N
invalid command \N
invalid command \N
invalid command \N
invalid command \N
invalid command \N
invalid command \N
invalid command \N
invalid command \N
invalid command \N
invalid command \N
invalid command \N
invalid command \N
invalid command \N
invalid command \N
invalid command \N
invalid command \N
invalid command \N
invalid command \N
invalid command \N
invalid command \N
invalid command \N
invalid command \N
invalid command \N
invalid command \N
invalid command \N
invalid command \N
invalid command \N
invalid command \N
invalid command \N
invalid command \N
invalid command \N
invalid command \N
invalid command \N
invalid command \N
invalid command \N
invalid command \N
invalid command \N
invalid command \N
invalid command \N
invalid command \N
invalid command \N
invalid command \N
invalid command \N
invalid command \N
invalid command \N
invalid command \N
invalid command \N
invalid command \N
invalid command \N
invalid command \N
invalid command \N
invalid command \N
invalid command \N
invalid command \N
invalid command \N
invalid command \N
invalid command \N
invalid command \N
invalid command \N
invalid command \N
invalid command \N
invalid command \N
invalid command \N
invalid command \N
invalid command \N
invalid command \N
invalid command \N
invalid command \N
invalid command \N
invalid command \N
invalid command \N
invalid command \N
invalid command \N
invalid command \N
invalid command \N
invalid command \N
invalid command \N
invalid command \N
invalid command \N
invalid command \N
invalid command \N
invalid command \N
invalid command \N
invalid command \N
invalid command \N
invalid command \N
invalid command \N
invalid command \N
invalid command \N
invalid command \N
invalid command \N
invalid command \N
invalid command \N
invalid command \N
invalid command \N
invalid command \N
invalid command \N
invalid command \N
invalid command \N
invalid command \N
invalid command \N
invalid command \N
invalid command \N
invalid command \N
invalid command \N
invalid command \N
invalid command \N
invalid command \N
invalid command \N
invalid command \N
invalid command \N
invalid command \N
invalid command \N
invalid command \N
invalid command \N
invalid command \N
invalid command \N
invalid command \N
invalid command \N
invalid command \N
invalid command \N
invalid command \N
invalid command \N
invalid command \N
invalid command \N
invalid command \N
invalid command \N
invalid command \N
invalid command \N
invalid command \N
invalid command \N
invalid command \N
invalid command \N
invalid command \N
invalid command \N
invalid command \N
invalid command \N
invalid command \N
invalid command \N
invalid command \N
invalid command \N
invalid command \N
invalid command \N
invalid command \N
invalid command \N
invalid command \N
invalid command \N
invalid command \N
invalid command \N
invalid command \N
invalid command \N
invalid command \N
invalid command \N
invalid command \N
invalid command \N
invalid command \N
invalid command \N
invalid command \N
invalid command \N
invalid command \N
invalid command \N
invalid command \N
invalid command \N
invalid command \N
invalid command \N
invalid command \N
invalid command \N
invalid command \N
invalid command \N
invalid command \N
invalid command \N
invalid command \N
invalid command \N
invalid command \N
invalid command \N
invalid command \N
invalid command \N
invalid command \N
invalid command \N
invalid command \N
invalid command \N
invalid command \N
invalid command \N
invalid command \N
invalid command \N
invalid command \N
invalid command \N
invalid command \N
invalid command \N
invalid command \N
invalid command \N
invalid command \N
invalid command \N
invalid command \N
invalid command \N
invalid command \N
invalid command \N
invalid command \N
invalid command \N
invalid command \N
invalid command \N
invalid command \N
invalid command \N
invalid command \N
invalid command \N
invalid command \N
invalid command \N
invalid command \N
invalid command \N
invalid command \N
invalid command \N
invalid command \N
invalid command \N
invalid command \N
invalid command \N
invalid command \N
invalid command \N
invalid command \N
invalid command \N
invalid command \N
invalid command \N
invalid command \N
invalid command \N
invalid command \N
invalid command \N
invalid command \N
invalid command \N
invalid command \N
invalid command \N
invalid command \N
invalid command \N
invalid command \N
invalid command \N
invalid command \N
invalid command \N
invalid command \N
invalid command \N
invalid command \N
invalid command \N
invalid command \N
invalid command \N
invalid command \N
invalid command \N
invalid command \N
invalid command \N
invalid command \N
invalid command \N
invalid command \N
invalid command \N
invalid command \N
invalid command \N
invalid command \N
invalid command \N
invalid command \N
invalid command \N
invalid command \N
invalid command \N
invalid command \N
invalid command \N
invalid command \N
invalid command \N
invalid command \N
invalid command \N
invalid command \N
invalid command \N
invalid command \N
invalid command \N
invalid command \N
invalid command \N
invalid command \N
invalid command \N
invalid command \N
invalid command \N
invalid command \N
invalid command \N
invalid command \N
invalid command \N
invalid command \N
invalid command \N
invalid command \N
invalid command \N
invalid command \N
invalid command \N
invalid command \N
invalid command \N
invalid command \N
invalid command \N
invalid command \N
invalid command \N
invalid command \N
invalid command \N
invalid command \N
invalid command \N
invalid command \N
invalid command \N
invalid command \N
invalid command \N
invalid command \N
invalid command \N
invalid command \N
invalid command \N
invalid command \N
invalid command \N
invalid command \N
invalid command \N
invalid command \N
invalid command \N
invalid command \N
invalid command \N
invalid command \N
invalid command \N
invalid command \N
invalid command \N
invalid command \N
invalid command \N
invalid command \N
invalid command \N
invalid command \N
invalid command \N
invalid command \N
invalid command \N
invalid command \N
invalid command \N
invalid command \N
invalid command \N
invalid command \N
invalid command \N
invalid command \N
invalid command \N
invalid command \N
invalid command \N
invalid command \N
invalid command \N
invalid command \N
invalid command \N
invalid command \N
invalid command \N
invalid command \N
invalid command \N
invalid command \N
invalid command \N
invalid command \N
invalid command \N
invalid command \N
invalid command \N
invalid command \N
invalid command \N
invalid command \N
invalid command \N
invalid command \N
invalid command \N
invalid command \N
invalid command \N
invalid command \N
invalid command \N
invalid command \N
invalid command \N
invalid command \N
invalid command \N
invalid command \N
invalid command \N
invalid command \N
invalid command \N
invalid command \N
invalid command \N
invalid command \N
invalid command \N
invalid command \N
invalid command \N
invalid command \N
invalid command \N
invalid command \N
invalid command \N
invalid command \N
invalid command \N
invalid command \N
invalid command \N
invalid command \N
invalid command \N
invalid command \N
invalid command \N
invalid command \N
invalid command \N
invalid command \N
invalid command \N
invalid command \N
invalid command \N
invalid command \N
invalid command \N
invalid command \N
invalid command \N
invalid command \N
invalid command \N
invalid command \N
invalid command \N
invalid command \N
invalid command \N
invalid command \N
invalid command \N
invalid command \N
invalid command \N
invalid command \N
invalid command \N
invalid command \N
invalid command \N
invalid command \N
invalid command \N
invalid command \N
invalid command \N
invalid command \N
invalid command \N
invalid command \N
invalid command \N
invalid command \N
invalid command \N
invalid command \N
invalid command \N
invalid command \N
invalid command \N
invalid command \N
invalid command \N
invalid command \N
invalid command \N
invalid command \N
invalid command \N
invalid command \N
invalid command \N
invalid command \N
invalid command \N
invalid command \N
invalid command \N
invalid command \N
invalid command \N
invalid command \N
invalid command \N
invalid command \N
invalid command \N
invalid command \N
invalid command \N
invalid command \N
invalid command \N
invalid command \N
invalid command \N
invalid command \N
invalid command \N
invalid command \N
invalid command \N
invalid command \N
invalid command \N
invalid command \N
invalid command \N
invalid command \N
invalid command \N
invalid command \N
invalid command \N
invalid command \N
invalid command \N
invalid command \N
invalid command \N
invalid command \N
invalid command \N
invalid command \N
invalid command \N
invalid command \N
invalid command \N
invalid command \N
invalid command \N
invalid command \N
invalid command \N
invalid command \N
invalid command \N
invalid command \N
invalid command \N
invalid command \N
invalid command \N
invalid command \N
invalid command \N
invalid command \N
invalid command \N
invalid command \N
invalid command \N
invalid command \N
invalid command \N
invalid command \N
invalid command \N
invalid command \N
invalid command \N
invalid command \N
invalid command \N
invalid command \N
invalid command \N
invalid command \N
invalid command \N
invalid command \N
invalid command \N
invalid command \N
invalid command \N
invalid command \N
invalid command \N
invalid command \N
invalid command \N
invalid command \N
invalid command \N
invalid command \N
invalid command \N
invalid command \N
invalid command \N
invalid command \N
invalid command \N
invalid command \N
invalid command \N
invalid command \N
invalid command \N
invalid command \N
invalid command \N
invalid command \N
invalid command \N
invalid command \N
invalid command \N
invalid command \N
invalid command \N
invalid command \N
invalid command \N
invalid command \N
invalid command \N
invalid command \N
invalid command \N
invalid command \N
invalid command \N
invalid command \N
invalid command \N
invalid command \N
invalid command \N
invalid command \N
invalid command \N
invalid command \N
invalid command \N
invalid command \N
invalid command \N
invalid command \N
invalid command \N
invalid command \N
invalid command \N
invalid command \N
invalid command \N
invalid command \N
invalid command \N
invalid command \N
invalid command \N
invalid command \N
invalid command \N
invalid command \N
invalid command \N
invalid command \N
invalid command \N
invalid command \N
invalid command \N
invalid command \N
invalid command \N
invalid command \N
invalid command \N
invalid command \N
invalid command \N
invalid command \N
invalid command \N
invalid command \N
invalid command \N
invalid command \N
invalid command \N
invalid command \N
invalid command \N
invalid command \N
invalid command \N
invalid command \N
invalid command \N
invalid command \N
invalid command \N
invalid command \N
invalid command \N
invalid command \N
invalid command \N
invalid command \N
invalid command \N
invalid command \N
invalid command \N
invalid command \N
invalid command \N
invalid command \N
invalid command \N
invalid command \N
invalid command \N
invalid command \N
invalid command \N
invalid command \N
invalid command \N
invalid command \N
invalid command \N
invalid command \N
invalid command \N
invalid command \N
invalid command \N
invalid command \N
invalid command \N
invalid command \N
invalid command \N
invalid command \N
invalid command \N
invalid command \N
invalid command \N
invalid command \N
invalid command \N
invalid command \N
invalid command \N
invalid command \N
invalid command \N
invalid command \N
invalid command \N
invalid command \N
invalid command \N
invalid command \N
invalid command \N
invalid command \N
invalid command \N
invalid command \N
invalid command \N
invalid command \N
invalid command \N
invalid command \N
invalid command \N
invalid command \N
invalid command \N
invalid command \N
invalid command \N
invalid command \N
invalid command \N
invalid command \N
invalid command \N
invalid command \N
invalid command \N
invalid command \N
invalid command \N
invalid command \N
invalid command \N
invalid command \N
invalid command \N
invalid command \N
invalid command \N
invalid command \N
invalid command \N
invalid command \N
invalid command \N
invalid command \N
invalid command \N
invalid command \N
invalid command \N
invalid command \N
invalid command \N
invalid command \N
invalid command \N
invalid command \N
invalid command \N
invalid command \N
invalid command \N
invalid command \N
invalid command \N
invalid command \N
invalid command \N
invalid command \N
invalid command \N
invalid command \N
invalid command \N
invalid command \N
invalid command \N
invalid command \N
invalid command \N
invalid command \N
invalid command \N
invalid command \N
invalid command \N
invalid command \N
invalid command \N
invalid command \N
invalid command \N
invalid command \N
invalid command \N
invalid command \N
invalid command \N
invalid command \N
invalid command \N
invalid command \N
invalid command \N
invalid command \N
invalid command \N
invalid command \N
invalid command \N
invalid command \N
invalid command \N
invalid command \N
invalid command \N
invalid command \N
invalid command \N
invalid command \N
invalid command \N
invalid command \N
invalid command \N
invalid command \N
invalid command \N
invalid command \N
invalid command \N
invalid command \N
invalid command \N
invalid command \N
invalid command \N
invalid command \N
invalid command \N
invalid command \N
invalid command \N
invalid command \N
invalid command \N
invalid command \N
invalid command \N
invalid command \N
invalid command \N
invalid command \N
invalid command \N
invalid command \N
invalid command \N
invalid command \N
invalid command \N
invalid command \N
invalid command \N
invalid command \N
invalid command \N
invalid command \N
invalid command \N
invalid command \N
invalid command \N
invalid command \N
invalid command \N
invalid command \N
invalid command \N
invalid command \N
invalid command \N
invalid command \N
invalid command \N
invalid command \N
invalid command \N
invalid command \N
invalid command \N
invalid command \N
invalid command \N
invalid command \N
invalid command \N
invalid command \N
invalid command \N
invalid command \N
invalid command \N
invalid command \N
invalid command \N
invalid command \N
invalid command \N
invalid command \N
invalid command \N
invalid command \N
invalid command \N
invalid command \N
invalid command \N
invalid command \N
invalid command \N
invalid command \N
invalid command \N
invalid command \N
invalid command \N
invalid command \N
invalid command \N
invalid command \N
invalid command \N
invalid command \N
invalid command \N
invalid command \N
invalid command \N
invalid command \N
invalid command \N
invalid command \N
invalid command \N
invalid command \N
invalid command \N
invalid command \N
invalid command \N
invalid command \N
invalid command \N
invalid command \N
invalid command \N
invalid command \N
invalid command \N
invalid command \N
invalid command \N
invalid command \N
invalid command \N
invalid command \N
invalid command \N
invalid command \N
invalid command \N
invalid command \N
invalid command \N
invalid command \N
invalid command \N
invalid command \N
invalid command \N
invalid command \N
invalid command \N
invalid command \N
invalid command \N
invalid command \N
invalid command \N
invalid command \N
invalid command \N
invalid command \N
invalid command \N
invalid command \N
invalid command \N
invalid command \N
invalid command \N
invalid command \N
invalid command \N
invalid command \N
invalid command \N
invalid command \N
invalid command \N
invalid command \N
invalid command \N
invalid command \N
invalid command \N
invalid command \N
invalid command \N
invalid command \N
invalid command \N
invalid command \N
invalid command \N
invalid command \N
invalid command \N
invalid command \N
invalid command \N
invalid command \N
invalid command \N
invalid command \N
invalid command \N
invalid command \N
invalid command \N
invalid command \N
invalid command \N
invalid command \N
invalid command \N
invalid command \N
invalid command \N
invalid command \N
invalid command \N
invalid command \N
invalid command \N
invalid command \N
invalid command \N
invalid command \N
invalid command \N
invalid command \N
invalid command \N
invalid command \N
invalid command \N
invalid command \N
invalid command \N
invalid command \N
invalid command \N
invalid command \N
invalid command \N
invalid command \N
invalid command \N
invalid command \N
invalid command \N
invalid command \N
invalid command \N
invalid command \N
invalid command \N
invalid command \N
invalid command \N
invalid command \N
invalid command \N
invalid command \N
invalid command \N
invalid command \N
invalid command \N
invalid command \N
invalid command \N
invalid command \N
invalid command \N
invalid command \N
invalid command \N
invalid command \N
invalid command \N
invalid command \N
invalid command \N
invalid command \N
invalid command \N
invalid command \N
invalid command \N
invalid command \N
invalid command \N
invalid command \N
invalid command \N
invalid command \N
invalid command \N
invalid command \N
invalid command \N
invalid command \N
invalid command \N
invalid command \N
invalid command \N
invalid command \N
invalid command \N
invalid command \N
invalid command \N
invalid command \N
invalid command \N
invalid command \N
invalid command \N
invalid command \N
invalid command \N
invalid command \N
invalid command \N
invalid command \N
invalid command \N
invalid command \N
invalid command \N
invalid command \N
invalid command \N
invalid command \N
invalid command \N
invalid command \N
invalid command \N
invalid command \N
invalid command \N
invalid command \N
invalid command \N
invalid command \N
invalid command \N
invalid command \N
invalid command \N
invalid command \N
invalid command \N
invalid command \N
invalid command \N
invalid command \N
invalid command \N
invalid command \N
invalid command \N
invalid command \N
invalid command \N
invalid command \N
invalid command \N
invalid command \N
invalid command \N
invalid command \N
invalid command \N
invalid command \N
invalid command \N
invalid command \N
invalid command \N
invalid command \N
invalid command \N
invalid command \N
invalid command \N
invalid command \N
invalid command \N
invalid command \N
invalid command \N
invalid command \N
invalid command \N
invalid command \N
invalid command \N
invalid command \N
invalid command \N
invalid command \N
invalid command \N
invalid command \N
invalid command \N
invalid command \N
invalid command \N
invalid command \N
invalid command \N
invalid command \N
invalid command \N
invalid command \N
invalid command \N
invalid command \N
invalid command \N
invalid command \N
invalid command \N
invalid command \N
invalid command \N
invalid command \N
invalid command \N
invalid command \N
invalid command \N
invalid command \N
invalid command \N
invalid command \N
invalid command \N
invalid command \N
invalid command \N
invalid command \N
invalid command \N
invalid command \N
invalid command \N
invalid command \N
invalid command \N
invalid command \N
invalid command \N
invalid command \N
invalid command \N
invalid command \N
invalid command \N
invalid command \N
invalid command \N
invalid command \N
invalid command \N
invalid command \N
invalid command \N
invalid command \N
invalid command \N
invalid command \N
invalid command \N
invalid command \N
invalid command \N
invalid command \N
invalid command \N
invalid command \N
invalid command \N
invalid command \N
invalid command \N
invalid command \N
invalid command \N
invalid command \N
invalid command \N
invalid command \N
invalid command \N
invalid command \N
invalid command \N
invalid command \N
invalid command \N
invalid command \N
invalid command \N
invalid command \N
invalid command \N
invalid command \N
invalid command \N
invalid command \N
invalid command \N
invalid command \N
invalid command \N
invalid command \N
invalid command \N
invalid command \N
invalid command \N
invalid command \N
invalid command \N
invalid command \N
invalid command \N
invalid command \N
invalid command \N
invalid command \N
invalid command \N
invalid command \N
invalid command \N
invalid command \N
invalid command \N
invalid command \N
invalid command \N
invalid command \N
invalid command \N
invalid command \N
invalid command \N
invalid command \N
invalid command \N
invalid command \N
invalid command \N
invalid command \N
invalid command \N
invalid command \N
invalid command \N
invalid command \N
invalid command \N
invalid command \N
invalid command \N
invalid command \N
invalid command \N
invalid command \N
invalid command \N
invalid command \N
invalid command \N
invalid command \N
invalid command \N
invalid command \N
invalid command \N
invalid command \N
invalid command \N
invalid command \N
invalid command \N
invalid command \N
invalid command \N
invalid command \N
invalid command \N
invalid command \N
invalid command \N
invalid command \N
invalid command \N
invalid command \N
invalid command \N
invalid command \N
invalid command \N
invalid command \N
invalid command \N
invalid command \N
invalid command \N
invalid command \N
invalid command \N
invalid command \N
invalid command \N
invalid command \N
invalid command \N
invalid command \N
invalid command \N
invalid command \N
invalid command \N
invalid command \N
invalid command \N
invalid command \N
invalid command \N
invalid command \N
invalid command \N
invalid command \N
invalid command \N
invalid command \N
invalid command \N
invalid command \N
invalid command \N
invalid command \N
invalid command \N
invalid command \N
invalid command \N
invalid command \N
invalid command \N
invalid command \N
invalid command \N
invalid command \N
invalid command \N
invalid command \N
invalid command \N
invalid command \N
invalid command \N
invalid command \N
invalid command \N
invalid command \N
invalid command \N
invalid command \N
invalid command \N
invalid command \N
invalid command \N
invalid command \N
invalid command \N
invalid command \N
invalid command \N
invalid command \N
invalid command \N
invalid command \N
invalid command \N
invalid command \N
invalid command \N
invalid command \N
invalid command \N
invalid command \N
invalid command \N
invalid command \N
invalid command \N
invalid command \N
invalid command \N
invalid command \N
invalid command \N
invalid command \N
invalid command \N
invalid command \N
invalid command \N
invalid command \N
invalid command \N
invalid command \N
invalid command \N
invalid command \N
invalid command \N
invalid command \N
invalid command \N
invalid command \N
invalid command \N
invalid command \N
invalid command \N
invalid command \N
invalid command \N
invalid command \N
invalid command \N
invalid command \N
invalid command \N
invalid command \N
invalid command \N
invalid command \N
invalid command \N
invalid command \N
invalid command \N
invalid command \N
invalid command \N
invalid command \N
invalid command \N
invalid command \N
invalid command \N
invalid command \N
invalid command \N
invalid command \N
invalid command \N
invalid command \N
invalid command \N
invalid command \N
invalid command \N
invalid command \N
invalid command \N
invalid command \N
invalid command \N
invalid command \N
invalid command \N
invalid command \N
invalid command \N
invalid command \N
invalid command \N
invalid command \N
invalid command \N
invalid command \N
invalid command \N
invalid command \N
invalid command \N
invalid command \N
invalid command \N
invalid command \N
invalid command \N
invalid command \N
invalid command \N
invalid command \N
invalid command \N
invalid command \N
invalid command \N
invalid command \N
invalid command \N
invalid command \N
invalid command \N
invalid command \N
invalid command \N
invalid command \N
invalid command \N
invalid command \N
invalid command \N
invalid command \N
invalid command \N
invalid command \N
invalid command \N
invalid command \N
invalid command \N
invalid command \N
invalid command \N
invalid command \N
invalid command \N
invalid command \N
invalid command \N
invalid command \N
invalid command \N
invalid command \N
invalid command \N
invalid command \N
invalid command \N
invalid command \N
invalid command \N
invalid command \N
invalid command \N
invalid command \N
invalid command \N
invalid command \N
invalid command \N
invalid command \N
invalid command \N
invalid command \N
invalid command \N
invalid command \N
invalid command \N
invalid command \N
invalid command \N
invalid command \N
invalid command \N
invalid command \N
invalid command \N
invalid command \N
invalid command \N
invalid command \N
invalid command \N
invalid command \N
invalid command \N
invalid command \N
invalid command \N
invalid command \N
invalid command \N
invalid command \N
invalid command \N
invalid command \N
invalid command \N
invalid command \N
invalid command \N
invalid command \N
invalid command \N
invalid command \N
invalid command \N
invalid command \N
invalid command \N
invalid command \N
invalid command \N
invalid command \N
invalid command \N
invalid command \N
invalid command \N
invalid command \N
invalid command \N
invalid command \N
invalid command \N
invalid command \N
invalid command \N
invalid command \N
invalid command \N
invalid command \N
invalid command \N
invalid command \N
invalid command \N
invalid command \N
invalid command \N
invalid command \N
invalid command \N
invalid command \N
invalid command \N
invalid command \N
invalid command \N
invalid command \N
invalid command \N
invalid command \N
invalid command \N
invalid command \N
invalid command \N
invalid command \N
invalid command \N
invalid command \N
invalid command \N
invalid command \N
invalid command \N
invalid command \N
invalid command \N
invalid command \N
invalid command \N
invalid command \N
invalid command \N
invalid command \N
invalid command \N
invalid command \N
invalid command \N
invalid command \N
invalid command \N
invalid command \N
invalid command \N
invalid command \N
invalid command \N
invalid command \N
invalid command \N
invalid command \N
invalid command \N
invalid command \N
invalid command \N
invalid command \N
invalid command \N
invalid command \N
invalid command \N
invalid command \N
invalid command \N
invalid command \N
invalid command \N
invalid command \N
invalid command \N
invalid command \N
invalid command \N
invalid command \N
invalid command \N
invalid command \N
invalid command \N
invalid command \N
invalid command \N
invalid command \N
invalid command \N
invalid command \N
invalid command \N
invalid command \N
invalid command \N
invalid command \N
invalid command \N
invalid command \N
invalid command \N
invalid command \N
invalid command \N
invalid command \N
invalid command \N
invalid command \N
invalid command \N
invalid command \N
invalid command \N
invalid command \N
invalid command \N
invalid command \N
invalid command \N
invalid command \N
invalid command \N
invalid command \N
invalid command \N
invalid command \N
invalid command \N
invalid command \N
invalid command \N
invalid command \N
invalid command \N
invalid command \N
invalid command \N
invalid command \N
invalid command \N
invalid command \N
invalid command \N
invalid command \N
invalid command \N
invalid command \N
invalid command \N
invalid command \N
invalid command \N
invalid command \N
invalid command \N
invalid command \N
invalid command \N
invalid command \N
invalid command \N
invalid command \N
invalid command \N
invalid command \N
invalid command \N
invalid command \N
invalid command \N
invalid command \N
invalid command \N
invalid command \N
invalid command \N
invalid command \N
invalid command \N
invalid command \N
invalid command \N
invalid command \N
invalid command \N
invalid command \N
invalid command \N
invalid command \N
invalid command \N
invalid command \N
invalid command \N
invalid command \N
invalid command \N
invalid command \N
invalid command \N
invalid command \N
invalid command \N
invalid command \N
invalid command \N
invalid command \N
invalid command \N
invalid command \N
invalid command \N
invalid command \N
invalid command \N
invalid command \N
invalid command \N
invalid command \N
invalid command \N
invalid command \N
invalid command \N
invalid command \N
invalid command \N
invalid command \N
invalid command \N
invalid command \N
invalid command \N
invalid command \N
invalid command \N
invalid command \N
invalid command \N
invalid command \N
invalid command \N
invalid command \N
invalid command \N
invalid command \N
invalid command \N
invalid command \N
invalid command \N
invalid command \N
invalid command \N
invalid command \N
invalid command \N
invalid command \N
invalid command \N
invalid command \N
invalid command \N
invalid command \N
invalid command \N
invalid command \N
invalid command \N
invalid command \N
invalid command \N
invalid command \N
invalid command \N
invalid command \N
invalid command \N
invalid command \N
invalid command \N
invalid command \N
invalid command \N
invalid command \N
invalid command \N
invalid command \N
invalid command \N
invalid command \N
invalid command \N
invalid command \N
invalid command \N
invalid command \N
invalid command \N
invalid command \N
invalid command \N
invalid command \N
invalid command \N
invalid command \N
invalid command \N
invalid command \N
invalid command \N
invalid command \N
invalid command \N
invalid command \N
invalid command \N
invalid command \N
invalid command \N
invalid command \N
invalid command \N
invalid command \N
invalid command \N
invalid command \N
invalid command \N
invalid command \N
invalid command \N
invalid command \N
invalid command \N
invalid command \N
invalid command \N
invalid command \N
invalid command \N
invalid command \N
invalid command \N
invalid command \N
invalid command \N
invalid command \N
invalid command \N
invalid command \N
invalid command \N
invalid command \N
invalid command \N
invalid command \N
invalid command \N
invalid command \N
invalid command \N
invalid command \N
invalid command \N
invalid command \N
invalid command \N
invalid command \N
invalid command \N
invalid command \N
invalid command \N
invalid command \N
invalid command \N
invalid command \N
invalid command \N
invalid command \N
invalid command \N
invalid command \N
invalid command \N
invalid command \N
invalid command \N
invalid command \N
invalid command \N
invalid command \N
invalid command \N
invalid command \N
invalid command \N
invalid command \N
invalid command \N
invalid command \N
invalid command \N
invalid command \N
invalid command \N
invalid command \N
invalid command \N
invalid command \N
invalid command \N
invalid command \N
invalid command \N
invalid command \N
invalid command \N
invalid command \N
invalid command \N
invalid command \N
invalid command \N
invalid command \N
invalid command \N
invalid command \N
invalid command \N
invalid command \N
invalid command \N
invalid command \N
invalid command \N
invalid command \N
invalid command \N
invalid command \N
invalid command \N
invalid command \N
invalid command \N
invalid command \N
invalid command \N
invalid command \N
invalid command \N
invalid command \N
invalid command \N
invalid command \N
invalid command \N
invalid command \N
invalid command \N
invalid command \N
invalid command \N
invalid command \N
invalid command \N
invalid command \N
invalid command \N
invalid command \N
invalid command \N
invalid command \N
invalid command \N
invalid command \N
invalid command \N
invalid command \N
invalid command \N
invalid command \N
invalid command \N
invalid command \N
invalid command \N
invalid command \N
invalid command \N
invalid command \N
invalid command \N
invalid command \N
invalid command \N
invalid command \N
invalid command \N
invalid command \N
invalid command \N
invalid command \N
invalid command \N
invalid command \N
invalid command \N
invalid command \N
invalid command \N
invalid command \N
invalid command \N
invalid command \N
invalid command \N
invalid command \N
invalid command \N
invalid command \N
invalid command \N
invalid command \N
invalid command \N
invalid command \N
invalid command \N
invalid command \N
invalid command \N
invalid command \N
invalid command \N
invalid command \N
invalid command \N
invalid command \N
invalid command \N
invalid command \N
invalid command \N
invalid command \N
invalid command \N
invalid command \N
invalid command \N
invalid command \N
invalid command \N
invalid command \N
invalid command \N
invalid command \N
invalid command \N
invalid command \N
invalid command \N
invalid command \N
invalid command \N
invalid command \N
invalid command \N
invalid command \N
invalid command \N
invalid command \N
invalid command \N
invalid command \N
invalid command \N
invalid command \N
invalid command \N
invalid command \N
invalid command \N
invalid command \N
invalid command \N
invalid command \N
invalid command \N
invalid command \N
invalid command \N
invalid command \N
invalid command \N
invalid command \N
invalid command \N
invalid command \N
invalid command \N
invalid command \N
invalid command \N
invalid command \N
invalid command \N
invalid command \N
invalid command \N
invalid command \N
invalid command \N
invalid command \N
invalid command \N
invalid command \N
invalid command \N
invalid command \N
invalid command \N
invalid command \N
invalid command \N
invalid command \N
invalid command \N
invalid command \N
invalid command \N
invalid command \N
invalid command \N
invalid command \N
invalid command \N
invalid command \N
invalid command \N
invalid command \N
invalid command \N
invalid command \N
invalid command \N
invalid command \N
invalid command \N
invalid command \N
invalid command \N
invalid command \N
invalid command \N
invalid command \N
invalid command \N
invalid command \N
invalid command \N
invalid command \N
invalid command \N
invalid command \N
invalid command \N
invalid command \N
invalid command \N
invalid command \N
invalid command \N
invalid command \N
invalid command \N
invalid command \N
invalid command \N
invalid command \N
invalid command \N
invalid command \N
invalid command \N
invalid command \N
invalid command \N
invalid command \N
invalid command \N
invalid command \N
invalid command \N
invalid command \N
invalid command \N
invalid command \N
invalid command \N
invalid command \N
invalid command \N
invalid command \N
invalid command \N
invalid command \N
invalid command \N
invalid command \N
invalid command \N
invalid command \N
invalid command \N
invalid command \N
invalid command \N
invalid command \N
invalid command \N
invalid command \N
invalid command \N
invalid command \N
invalid command \N
invalid command \N
invalid command \N
invalid command \N
invalid command \N
invalid command \N
invalid command \N
invalid command \N
invalid command \N
invalid command \N
invalid command \N
invalid command \N
invalid command \N
invalid command \N
invalid command \N
invalid command \N
invalid command \N
invalid command \N
invalid command \N
invalid command \N
invalid command \N
invalid command \N
invalid command \N
invalid command \N
invalid command \N
invalid command \N
invalid command \N
invalid command \N
invalid command \N
invalid command \N
invalid command \N
invalid command \N
invalid command \N
invalid command \N
invalid command \N
invalid command \N
invalid command \N
invalid command \N
invalid command \N
invalid command \N
invalid command \N
invalid command \N
invalid command \N
invalid command \N
invalid command \N
invalid command \N
invalid command \N
invalid command \N
invalid command \N
invalid command \N
invalid command \N
invalid command \N
invalid command \N
invalid command \N
invalid command \N
invalid command \N
invalid command \N
invalid command \N
invalid command \N
invalid command \N
invalid command \N
invalid command \N
invalid command \N
invalid command \N
invalid command \N
invalid command \N
invalid command \N
invalid command \N
invalid command \N
invalid command \N
invalid command \N
invalid command \N
invalid command \N
invalid command \N
invalid command \N
invalid command \N
invalid command \N
invalid command \N
invalid command \N
invalid command \N
invalid command \N
invalid command \N
invalid command \N
invalid command \N
invalid command \N
invalid command \N
invalid command \N
invalid command \N
invalid command \N
invalid command \N
invalid command \N
invalid command \N
invalid command \N
invalid command \N
invalid command \N
invalid command \N
invalid command \N
invalid command \N
invalid command \N
invalid command \N
invalid command \N
invalid command \N
invalid command \N
invalid command \N
invalid command \N
invalid command \N
invalid command \N
invalid command \N
invalid command \N
invalid command \N
invalid command \N
invalid command \N
invalid command \N
invalid command \N
invalid command \N
invalid command \N
invalid command \N
invalid command \N
invalid command \N
invalid command \N
invalid command \N
invalid command \N
invalid command \N
invalid command \N
invalid command \N
invalid command \N
invalid command \N
invalid command \N
invalid command \N
invalid command \N
invalid command \N
invalid command \N
invalid command \N
invalid command \N
invalid command \N
invalid command \N
invalid command \N
invalid command \N
invalid command \N
invalid command \N
invalid command \N
invalid command \N
invalid command \N
invalid command \N
invalid command \N
invalid command \N
invalid command \N
invalid command \N
invalid command \N
invalid command \N
invalid command \N
invalid command \N
invalid command \N
invalid command \N
invalid command \N
invalid command \N
invalid command \N
invalid command \N
invalid command \N
invalid command \N
invalid command \N
invalid command \N
invalid command \N
invalid command \N
invalid command \N
invalid command \N
invalid command \N
invalid command \N
invalid command \N
invalid command \N
invalid command \N
invalid command \N
invalid command \N
invalid command \N
invalid command \N
invalid command \N
invalid command \N
invalid command \N
invalid command \N
invalid command \N
invalid command \N
invalid command \N
invalid command \N
invalid command \N
invalid command \N
invalid command \N
invalid command \N
invalid command \N
invalid command \N
invalid command \N
invalid command \N
invalid command \N
invalid command \N
invalid command \N
invalid command \N
invalid command \N
invalid command \N
invalid command \N
invalid command \N
invalid command \N
invalid command \N
invalid command \N
invalid command \N
invalid command \N
invalid command \N
invalid command \N
invalid command \N
invalid command \N
invalid command \N
invalid command \N
invalid command \N
invalid command \N
invalid command \N
invalid command \N
invalid command \N
invalid command \N
invalid command \N
invalid command \N
invalid command \N
invalid command \N
invalid command \N
invalid command \N
invalid command \N
invalid command \N
invalid command \N
invalid command \N
invalid command \N
invalid command \N
invalid command \N
invalid command \N
invalid command \N
invalid command \N
invalid command \N
invalid command \N
invalid command \N
invalid command \N
invalid command \N
invalid command \N
invalid command \N
invalid command \N
invalid command \N
invalid command \N
invalid command \N
invalid command \N
invalid command \N
invalid command \N
invalid command \N
invalid command \N
invalid command \N
invalid command \N
invalid command \N
invalid command \N
invalid command \N
invalid command \N
invalid command \N
invalid command \N
invalid command \N
invalid command \N
invalid command \N
invalid command \N
invalid command \N
invalid command \N
invalid command \N
invalid command \N
invalid command \N
invalid command \N
invalid command \N
invalid command \N
invalid command \N
invalid command \N
invalid command \N
invalid command \N
invalid command \N
invalid command \N
invalid command \N
invalid command \N
invalid command \N
invalid command \N
invalid command \N
invalid command \N
invalid command \N
invalid command \N
invalid command \N
invalid command \N
invalid command \N
invalid command \N
invalid command \N
invalid command \N
invalid command \N
invalid command \N
invalid command \N
invalid command \N
invalid command \N
invalid command \N
invalid command \N
invalid command \N
invalid command \N
invalid command \N
invalid command \N
invalid command \N
invalid command \N
invalid command \N
invalid command \N
invalid command \N
invalid command \N
invalid command \N
invalid command \N
invalid command \N
invalid command \N
invalid command \N
invalid command \N
invalid command \N
invalid command \N
invalid command \N
invalid command \N
invalid command \N
invalid command \N
invalid command \N
invalid command \N
invalid command \N
invalid command \N
invalid command \N
invalid command \N
invalid command \N
invalid command \N
invalid command \N
invalid command \N
invalid command \N
invalid command \N
invalid command \N
invalid command \N
invalid command \N
invalid command \N
invalid command \N
invalid command \N
invalid command \N
invalid command \N
invalid command \N
invalid command \N
invalid command \N
invalid command \N
invalid command \N
invalid command \N
invalid command \N
invalid command \N
invalid command \N
invalid command \N
invalid command \N
invalid command \N
invalid command \N
invalid command \N
invalid command \N
invalid command \N
invalid command \N
invalid command \N
invalid command \N
invalid command \N
invalid command \N
invalid command \N
invalid command \N
invalid command \N
invalid command \N
invalid command \N
invalid command \N
invalid command \N
invalid command \N
invalid command \N
invalid command \N
invalid command \N
invalid command \N
invalid command \N
invalid command \N
invalid command \N
invalid command \N
invalid command \N
invalid command \N
invalid command \N
invalid command \N
invalid command \N
invalid command \N
invalid command \N
invalid command \N
invalid command \N
invalid command \N
invalid command \N
invalid command \N
invalid command \N
invalid command \N
invalid command \N
invalid command \N
invalid command \N
invalid command \N
invalid command \N
invalid command \N
invalid command \N
invalid command \N
invalid command \N
invalid command \N
invalid command \N
invalid command \N
invalid command \N
invalid command \N
invalid command \N
invalid command \N
invalid command \N
invalid command \N
invalid command \N
invalid command \N
invalid command \N
invalid command \N
invalid command \N
invalid command \N
invalid command \N
invalid command \N
invalid command \N
invalid command \N
invalid command \N
invalid command \N
invalid command \N
invalid command \N
invalid command \N
invalid command \N
invalid command \N
invalid command \N
invalid command \N
invalid command \N
invalid command \N
invalid command \N
invalid command \N
invalid command \N
invalid command \N
invalid command \N
invalid command \N
invalid command \N
invalid command \N
invalid command \N
invalid command \N
invalid command \N
invalid command \N
invalid command \N
invalid command \N
invalid command \N
invalid command \N
invalid command \N
invalid command \N
invalid command \N
invalid command \N
invalid command \N
invalid command \N
invalid command \N
invalid command \N
invalid command \N
invalid command \N
invalid command \N
invalid command \N
invalid command \N
invalid command \N
invalid command \N
invalid command \N
invalid command \N
invalid command \N
invalid command \N
invalid command \N
invalid command \N
invalid command \N
invalid command \N
invalid command \N
invalid command \N
invalid command \N
invalid command \N
invalid command \N
invalid command \N
invalid command \N
invalid command \N
invalid command \N
invalid command \N
invalid command \N
invalid command \N
invalid command \N
invalid command \N
invalid command \N
invalid command \N
invalid command \N
invalid command \N
invalid command \N
invalid command \N
invalid command \N
invalid command \N
invalid command \N
invalid command \N
invalid command \N
invalid command \N
invalid command \N
invalid command \N
invalid command \N
invalid command \N
invalid command \N
invalid command \N
invalid command \N
invalid command \N
invalid command \N
invalid command \N
invalid command \N
invalid command \N
invalid command \N
invalid command \N
invalid command \N
invalid command \N
invalid command \N
invalid command \N
invalid command \N
invalid command \N
invalid command \N
invalid command \N
invalid command \N
invalid command \N
invalid command \N
invalid command \N
invalid command \N
invalid command \N
invalid command \N
invalid command \N
invalid command \N
invalid command \N
invalid command \N
invalid command \N
invalid command \N
invalid command \N
invalid command \N
invalid command \N
invalid command \N
invalid command \N
invalid command \N
invalid command \N
invalid command \N
invalid command \N
invalid command \N
invalid command \N
invalid command \N
invalid command \N
invalid command \N
invalid command \N
invalid command \N
invalid command \N
invalid command \N
invalid command \N
invalid command \N
invalid command \N
invalid command \N
invalid command \N
invalid command \N
invalid command \N
invalid command \N
invalid command \N
invalid command \N
invalid command \N
invalid command \N
invalid command \N
invalid command \N
invalid command \N
invalid command \N
invalid command \N
invalid command \N
invalid command \N
invalid command \N
invalid command \N
invalid command \N
invalid command \N
invalid command \N
invalid command \N
invalid command \N
invalid command \N
invalid command \N
invalid command \N
invalid command \N
invalid command \N
invalid command \N
invalid command \N
invalid command \N
invalid command \N
invalid command \N
invalid command \N
invalid command \N
invalid command \N
invalid command \N
invalid command \N
invalid command \N
invalid command \N
invalid command \N
invalid command \N
invalid command \N
invalid command \N
invalid command \N
invalid command \N
invalid command \N
invalid command \N
invalid command \N
invalid command \N
invalid command \N
invalid command \N
invalid command \N
invalid command \N
invalid command \N
invalid command \N
invalid command \N
invalid command \N
invalid command \N
invalid command \N
invalid command \N
invalid command \N
invalid command \N
invalid command \N
invalid command \N
invalid command \N
invalid command \N
invalid command \N
invalid command \N
invalid command \N
invalid command \N
invalid command \N
invalid command \N
invalid command \N
invalid command \N
invalid command \N
invalid command \N
invalid command \N
invalid command \N
invalid command \N
invalid command \N
invalid command \N
invalid command \N
invalid command \N
invalid command \N
invalid command \N
invalid command \N
invalid command \N
invalid command \N
invalid command \N
invalid command \N
invalid command \N
invalid command \N
invalid command \N
invalid command \N
invalid command \N
invalid command \N
invalid command \N
invalid command \N
invalid command \N
invalid command \N
invalid command \N
invalid command \N
invalid command \N
invalid command \N
invalid command \N
invalid command \N
invalid command \N
invalid command \N
invalid command \N
invalid command \N
invalid command \N
invalid command \N
invalid command \N
invalid command \N
invalid command \N
invalid command \N
invalid command \N
invalid command \N
invalid command \N
invalid command \N
invalid command \N
invalid command \N
invalid command \N
invalid command \N
invalid command \N
invalid command \N
invalid command \N
invalid command \N
invalid command \N
invalid command \N
invalid command \N
invalid command \N
invalid command \N
invalid command \N
invalid command \N
invalid command \N
invalid command \N
invalid command \N
invalid command \N
invalid command \N
invalid command \N
invalid command \N
invalid command \N
invalid command \N
invalid command \N
invalid command \N
invalid command \N
invalid command \N
invalid command \N
invalid command \N
invalid command \N
invalid command \N
invalid command \N
invalid command \N
invalid command \N
invalid command \N
invalid command \N
invalid command \N
invalid command \N
invalid command \N
invalid command \N
invalid command \N
invalid command \N
invalid command \N
invalid command \N
invalid command \N
invalid command \N
invalid command \N
invalid command \N
invalid command \N
invalid command \N
invalid command \N
invalid command \N
invalid command \N
invalid command \N
invalid command \N
invalid command \N
invalid command \N
invalid command \N
invalid command \N
invalid command \N
invalid command \N
invalid command \N
invalid command \N
invalid command \N
invalid command \N
invalid command \N
invalid command \N
invalid command \N
invalid command \N
invalid command \N
invalid command \N
invalid command \N
invalid command \N
invalid command \N
invalid command \N
invalid command \N
invalid command \N
invalid command \N
invalid command \N
invalid command \N
invalid command \N
invalid command \N
invalid command \N
invalid command \N
invalid command \N
invalid command \N
invalid command \N
invalid command \N
invalid command \N
invalid command \N
invalid command \N
invalid command \N
invalid command \N
invalid command \N
invalid command \N
invalid command \N
invalid command \N
invalid command \N
invalid command \N
invalid command \N
invalid command \N
invalid command \N
invalid command \N
invalid command \N
invalid command \N
invalid command \N
invalid command \N
invalid command \N
invalid command \N
invalid command \N
invalid command \N
invalid command \N
invalid command \N
invalid command \N
invalid command \N
invalid command \N
invalid command \N
invalid command \N
invalid command \N
invalid command \N
invalid command \N
invalid command \N
invalid command \N
invalid command \N
invalid command \N
invalid command \N
invalid command \N
invalid command \N
invalid command \N
invalid command \N
invalid command \N
invalid command \N
invalid command \N
invalid command \N
invalid command \N
invalid command \N
invalid command \N
invalid command \N
invalid command \N
invalid command \N
invalid command \N
invalid command \N
invalid command \N
invalid command \N
invalid command \N
invalid command \N
invalid command \N
invalid command \N
invalid command \N
invalid command \N
invalid command \N
invalid command \N
invalid command \N
invalid command \N
invalid command \N
invalid command \N
invalid command \N
invalid command \N
invalid command \N
invalid command \N
invalid command \N
invalid command \N
invalid command \N
invalid command \N
invalid command \N
invalid command \N
invalid command \N
invalid command \N
invalid command \N
invalid command \N
invalid command \N
invalid command \N
invalid command \N
invalid command \N
invalid command \N
invalid command \N
invalid command \N
invalid command \N
invalid command \N
invalid command \N
invalid command \N
invalid command \N
invalid command \N
invalid command \N
invalid command \N
invalid command \N
invalid command \N
invalid command \N
invalid command \N
invalid command \N
invalid command \N
invalid command \N
invalid command \N
invalid command \N
invalid command \N
invalid command \N
invalid command \N
invalid command \N
invalid command \N
invalid command \N
invalid command \N
invalid command \N
invalid command \N
invalid command \N
invalid command \N
invalid command \N
invalid command \N
invalid command \N
invalid command \N
invalid command \N
invalid command \N
invalid command \N
invalid command \N
invalid command \N
invalid command \N
invalid command \N
invalid command \N
invalid command \N
invalid command \N
invalid command \N
invalid command \N
invalid command \N
invalid command \N
invalid command \N
invalid command \N
invalid command \N
invalid command \N
invalid command \N
invalid command \N
invalid command \N
invalid command \N
invalid command \N
invalid command \N
invalid command \N
invalid command \N
invalid command \N
invalid command \N
invalid command \N
invalid command \N
invalid command \N
invalid command \N
invalid command \N
invalid command \N
invalid command \N
invalid command \N
invalid command \N
invalid command \N
invalid command \N
invalid command \N
invalid command \N
invalid command \N
invalid command \N
invalid command \N
invalid command \N
invalid command \N
invalid command \N
invalid command \N
invalid command \N
invalid command \N
invalid command \N
invalid command \N
invalid command \N
invalid command \N
invalid command \N
invalid command \N
invalid command \N
invalid command \N
invalid command \N
invalid command \N
invalid command \N
invalid command \N
invalid command \N
invalid command \N
invalid command \N
invalid command \N
invalid command \N
invalid command \N
invalid command \N
invalid command \N
invalid command \N
invalid command \N
invalid command \N
invalid command \N
invalid command \N
invalid command \N
invalid command \N
invalid command \N
invalid command \N
invalid command \N
invalid command \N
invalid command \N
invalid command \N
invalid command \N
invalid command \N
invalid command \N
invalid command \N
invalid command \N
invalid command \N
invalid command \N
invalid command \N
invalid command \N
invalid command \N
invalid command \N
invalid command \N
invalid command \N
invalid command \N
invalid command \N
invalid command \N
invalid command \N
invalid command \N
invalid command \N
invalid command \N
invalid command \N
invalid command \N
invalid command \N
invalid command \N
invalid command \N
invalid command \N
invalid command \N
invalid command \N
invalid command \N
invalid command \N
invalid command \N
invalid command \N
invalid command \N
invalid command \N
invalid command \N
invalid command \N
invalid command \N
invalid command \N
invalid command \N
invalid command \N
invalid command \N
invalid command \N
invalid command \N
invalid command \N
invalid command \N
invalid command \N
invalid command \N
invalid command \N
invalid command \N
invalid command \N
invalid command \N
invalid command \N
invalid command \N
invalid command \N
invalid command \N
invalid command \N
invalid command \N
invalid command \N
invalid command \N
invalid command \N
invalid command \N
invalid command \N
invalid command \N
invalid command \N
invalid command \N
invalid command \N
invalid command \N
invalid command \N
invalid command \N
invalid command \N
invalid command \N
invalid command \N
invalid command \N
invalid command \N
invalid command \N
invalid command \N
invalid command \N
invalid command \N
invalid command \N
invalid command \N
invalid command \N
invalid command \N
invalid command \N
invalid command \N
invalid command \N
invalid command \N
invalid command \N
invalid command \N
invalid command \N
invalid command \N
invalid command \N
invalid command \N
invalid command \N
invalid command \N
invalid command \N
invalid command \N
invalid command \N
invalid command \N
invalid command \N
invalid command \N
invalid command \N
invalid command \N
invalid command \N
invalid command \N
invalid command \N
invalid command \N
invalid command \N
invalid command \N
invalid command \N
invalid command \N
invalid command \N
invalid command \N
invalid command \N
invalid command \N
invalid command \N
invalid command \N
invalid command \N
invalid command \N
invalid command \N
invalid command \N
invalid command \N
invalid command \N
invalid command \N
invalid command \N
invalid command \N
invalid command \N
invalid command \N
invalid command \N
invalid command \N
invalid command \N
invalid command \N
invalid command \N
invalid command \N
invalid command \N
invalid command \N
invalid command \N
invalid command \N
invalid command \N
invalid command \N
invalid command \N
invalid command \N
invalid command \N
invalid command \N
invalid command \N
invalid command \N
invalid command \N
invalid command \N
invalid command \N
invalid command \N
invalid command \N
invalid command \N
invalid command \N
invalid command \N
invalid command \N
invalid command \N
invalid command \N
invalid command \N
invalid command \N
invalid command \N
invalid command \N
invalid command \N
invalid command \N
invalid command \N
invalid command \N
invalid command \N
invalid command \N
invalid command \N
invalid command \N
invalid command \N
invalid command \N
invalid command \N
invalid command \N
invalid command \N
invalid command \N
invalid command \N
invalid command \N
invalid command \N
invalid command \N
invalid command \N
invalid command \N
invalid command \N
invalid command \N
invalid command \N
invalid command \N
invalid command \N
invalid command \N
invalid command \N
invalid command \N
invalid command \N
invalid command \N
invalid command \N
invalid command \N
invalid command \N
invalid command \N
invalid command \N
invalid command \N
invalid command \N
invalid command \N
invalid command \N
invalid command \N
invalid command \N
invalid command \N
invalid command \N
invalid command \N
invalid command \N
invalid command \N
invalid command \N
invalid command \N
invalid command \N
invalid command \N
invalid command \N
invalid command \N
invalid command \N
invalid command \N
invalid command \N
invalid command \N
invalid command \N
invalid command \N
invalid command \N
invalid command \N
invalid command \N
invalid command \N
invalid command \N
invalid command \N
invalid command \N
invalid command \N
invalid command \N
invalid command \N
invalid command \N
invalid command \N
invalid command \N
invalid command \N
invalid command \N
invalid command \N
invalid command \N
invalid command \N
invalid command \N
invalid command \N
invalid command \N
invalid command \N
invalid command \N
invalid command \N
invalid command \N
invalid command \N
invalid command \N
invalid command \N
invalid command \N
invalid command \N
invalid command \N
invalid command \N
invalid command \N
invalid command \N
invalid command \N
invalid command \N
invalid command \N
invalid command \N
invalid command \N
invalid command \N
invalid command \N
invalid command \N
invalid command \N
invalid command \N
invalid command \N
invalid command \N
invalid command \N
invalid command \N
invalid command \N
invalid command \N
invalid command \N
invalid command \N
invalid command \N
invalid command \N
invalid command \N
invalid command \N
invalid command \N
invalid command \N
invalid command \N
invalid command \N
invalid command \N
invalid command \N
invalid command \N
invalid command \N
invalid command \N
invalid command \N
invalid command \N
invalid command \N
invalid command \N
invalid command \N
invalid command \N
invalid command \N
invalid command \N
invalid command \N
invalid command \N
invalid command \N
invalid command \N
invalid command \N
invalid command \N
invalid command \N
invalid command \N
invalid command \N
invalid command \N
invalid command \N
invalid command \N
invalid command \N
invalid command \N
invalid command \N
invalid command \N
invalid command \N
invalid command \N
invalid command \N
invalid command \N
invalid command \N
invalid command \N
invalid command \N
invalid command \N
invalid command \N
invalid command \N
invalid command \N
invalid command \N
invalid command \N
invalid command \N
invalid command \N
invalid command \N
invalid command \N
invalid command \N
invalid command \N
invalid command \N
invalid command \N
invalid command \N
invalid command \N
invalid command \N
invalid command \N
invalid command \N
invalid command \N
invalid command \N
invalid command \N
invalid command \N
invalid command \N
invalid command \N
invalid command \N
invalid command \N
invalid command \N
invalid command \N
invalid command \N
invalid command \N
invalid command \N
invalid command \N
invalid command \N
invalid command \N
invalid command \N
invalid command \N
invalid command \N
invalid command \N
invalid command \N
invalid command \N
invalid command \N
invalid command \N
invalid command \N
invalid command \N
invalid command \N
invalid command \N
invalid command \N
invalid command \N
invalid command \N
invalid command \N
invalid command \N
invalid command \N
invalid command \N
invalid command \N
invalid command \N
invalid command \N
invalid command \N
invalid command \N
invalid command \N
invalid command \N
invalid command \N
invalid command \N
invalid command \N
invalid command \N
invalid command \N
invalid command \N
invalid command \N
invalid command \N
invalid command \N
invalid command \N
invalid command \N
invalid command \N
invalid command \N
invalid command \N
invalid command \N
invalid command \N
invalid command \N
invalid command \N
invalid command \N
invalid command \N
invalid command \N
invalid command \N
invalid command \N
invalid command \N
invalid command \N
invalid command \N
invalid command \N
invalid command \N
invalid command \N
invalid command \N
invalid command \N
invalid command \N
invalid command \N
invalid command \N
invalid command \N
invalid command \N
invalid command \N
invalid command \N
invalid command \N
invalid command \N
invalid command \N
invalid command \N
invalid command \N
invalid command \N
invalid command \N
invalid command \N
invalid command \N
invalid command \N
invalid command \N
invalid command \N
invalid command \N
invalid command \N
invalid command \N
invalid command \N
invalid command \N
invalid command \N
invalid command \N
invalid command \N
invalid command \N
invalid command \N
invalid command \N
invalid command \N
invalid command \N
invalid command \N
invalid command \N
invalid command \N
invalid command \N
invalid command \N
invalid command \N
invalid command \N
invalid command \N
invalid command \N
invalid command \N
invalid command \N
invalid command \N
invalid command \N
invalid command \N
invalid command \N
invalid command \N
invalid command \N
invalid command \N
invalid command \N
invalid command \N
invalid command \N
invalid command \N
invalid command \N
invalid command \N
invalid command \N
invalid command \N
invalid command \N
invalid command \N
invalid command \N
invalid command \N
invalid command \N
invalid command \N
invalid command \N
invalid command \N
invalid command \N
invalid command \N
invalid command \N
invalid command \N
invalid command \N
invalid command \N
invalid command \N
invalid command \N
invalid command \N
invalid command \N
invalid command \N
invalid command \N
invalid command \N
invalid command \N
invalid command \N
invalid command \N
invalid command \N
invalid command \N
invalid command \N
invalid command \N
invalid command \N
invalid command \N
invalid command \N
invalid command \N
invalid command \N
invalid command \N
invalid command \N
invalid command \N
invalid command \N
invalid command \N
invalid command \N
invalid command \N
invalid command \N
invalid command \N
invalid command \N
invalid command \N
invalid command \N
invalid command \N
invalid command \N
invalid command \N
invalid command \N
invalid command \N
invalid command \N
invalid command \N
invalid command \N
invalid command \N
invalid command \N
invalid command \N
invalid command \N
invalid command \N
invalid command \N
invalid command \N
invalid command \N
invalid command \N
invalid command \N
invalid command \N
invalid command \N
invalid command \N
invalid command \N
invalid command \N
invalid command \N
invalid command \N
invalid command \N
invalid command \N
invalid command \N
invalid command \N
invalid command \N
invalid command \N
invalid command \N
invalid command \N
invalid command \N
invalid command \N
invalid command \N
invalid command \N
invalid command \N
invalid command \N
invalid command \N
invalid command \N
invalid command \N
invalid command \N
invalid command \N
invalid command \N
invalid command \N
invalid command \N
invalid command \N
invalid command \N
invalid command \N
invalid command \N
invalid command \N
invalid command \N
invalid command \N
invalid command \N
invalid command \N
invalid command \N
invalid command \N
invalid command \N
invalid command \N
invalid command \N
invalid command \N
invalid command \N
invalid command \N
invalid command \N
invalid command \N
invalid command \N
invalid command \N
invalid command \N
invalid command \N
invalid command \N
invalid command \N
invalid command \N
invalid command \N
invalid command \N
invalid command \N
invalid command \N
invalid command \N
invalid command \N
invalid command \N
invalid command \N
invalid command \N
invalid command \N
invalid command \N
invalid command \N
invalid command \N
invalid command \N
invalid command \N
invalid command \N
invalid command \N
invalid command \N
invalid command \N
invalid command \N
invalid command \N
invalid command \N
invalid command \N
invalid command \N
invalid command \N
invalid command \N
invalid command \N
invalid command \N
invalid command \N
invalid command \N
invalid command \N
invalid command \N
invalid command \N
invalid command \N
invalid command \N
invalid command \N
invalid command \N
invalid command \N
invalid command \N
invalid command \N
invalid command \N
invalid command \N
invalid command \N
invalid command \N
invalid command \N
invalid command \N
invalid command \N
invalid command \N
invalid command \N
invalid command \N
invalid command \N
invalid command \N
invalid command \N
invalid command \N
invalid command \N
invalid command \N
invalid command \N
invalid command \N
invalid command \N
invalid command \N
invalid command \N
invalid command \N
invalid command \N
invalid command \N
invalid command \N
invalid command \N
invalid command \N
invalid command \N
invalid command \N
invalid command \N
invalid command \N
invalid command \N
invalid command \N
invalid command \N
invalid command \N
invalid command \N
invalid command \N
invalid command \N
invalid command \N
invalid command \N
invalid command \N
invalid command \N
invalid command \N
invalid command \N
invalid command \N
invalid command \N
invalid command \N
invalid command \N
invalid command \N
invalid command \N
invalid command \N
invalid command \N
invalid command \N
invalid command \N
invalid command \N
invalid command \N
invalid command \N
invalid command \N
invalid command \N
invalid command \N
invalid command \N
invalid command \N
invalid command \N
invalid command \N
invalid command \N
invalid command \N
invalid command \N
invalid command \N
invalid command \N
invalid command \N
invalid command \N
invalid command \N
invalid command \N
invalid command \N
invalid command \N
invalid command \N
invalid command \N
invalid command \N
invalid command \N
invalid command \N
invalid command \N
invalid command \N
invalid command \N
invalid command \N
invalid command \N
invalid command \N
invalid command \N
invalid command \N
invalid command \N
invalid command \N
invalid command \N
invalid command \N
invalid command \N
invalid command \N
invalid command \N
invalid command \N
invalid command \N
invalid command \N
invalid command \N
invalid command \N
invalid command \N
invalid command \N
invalid command \N
invalid command \N
invalid command \N
invalid command \N
invalid command \N
invalid command \N
invalid command \N
invalid command \N
invalid command \N
invalid command \N
invalid command \N
invalid command \N
invalid command \N
invalid command \N
invalid command \N
invalid command \N
invalid command \N
invalid command \N
invalid command \N
invalid command \N
invalid command \N
invalid command \N
invalid command \N
invalid command \N
invalid command \N
invalid command \N
invalid command \N
invalid command \N
invalid command \N
invalid command \N
invalid command \N
invalid command \N
invalid command \N
invalid command \N
invalid command \N
invalid command \N
invalid command \N
invalid command \N
invalid command \N
invalid command \N
invalid command \N
invalid command \N
invalid command \N
invalid command \N
invalid command \N
invalid command \N
invalid command \N
invalid command \N
invalid command \N
invalid command \N
invalid command \N
invalid command \N
invalid command \N
invalid command \N
invalid command \N
invalid command \N
invalid command \N
invalid command \N
invalid command \N
invalid command \N
invalid command \N
invalid command \N
invalid command \N
invalid command \N
invalid command \N
invalid command \N
invalid command \N
invalid command \N
invalid command \N
invalid command \N
invalid command \N
invalid command \N
invalid command \N
invalid command \N
invalid command \N
invalid command \N
invalid command \N
invalid command \N
invalid command \N
invalid command \N
invalid command \N
invalid command \N
invalid command \N
invalid command \N
invalid command \N
invalid command \N
invalid command \N
invalid command \N
invalid command \N
invalid command \N
invalid command \N
invalid command \N
invalid command \N
invalid command \N
invalid command \N
invalid command \N
invalid command \N
invalid command \N
invalid command \N
invalid command \N
invalid command \N
invalid command \N
invalid command \N
invalid command \N
invalid command \N
invalid command \N
invalid command \N
invalid command \N
invalid command \N
invalid command \N
invalid command \N
invalid command \N
invalid command \N
invalid command \N
invalid command \N
invalid command \N
invalid command \N
invalid command \N
invalid command \N
invalid command \N
invalid command \N
invalid command \N
invalid command \N
invalid command \N
invalid command \N
invalid command \N
invalid command \N
invalid command \N
invalid command \N
invalid command \N
invalid command \N
invalid command \N
invalid command \N
invalid command \N
invalid command \N
invalid command \N
invalid command \N
invalid command \N
invalid command \N
invalid command \N
invalid command \N
invalid command \N
invalid command \N
invalid command \N
invalid command \N
invalid command \N
invalid command \N
invalid command \N
invalid command \N
invalid command \N
invalid command \N
invalid command \N
invalid command \N
invalid command \N
invalid command \N
invalid command \N
invalid command \N
invalid command \N
invalid command \N
invalid command \N
invalid command \N
invalid command \N
invalid command \N
invalid command \N
invalid command \N
invalid command \N
invalid command \N
invalid command \N
invalid command \N
invalid command \N
invalid command \N
invalid command \N
invalid command \N
invalid command \N
invalid command \N
invalid command \N
invalid command \N
invalid command \N
invalid command \N
invalid command \N
invalid command \N
invalid command \N
invalid command \N
invalid command \N
invalid command \N
invalid command \N
invalid command \N
invalid command \N
invalid command \N
invalid command \N
invalid command \N
invalid command \N
invalid command \N
invalid command \N
invalid command \N
invalid command \N
invalid command \N
invalid command \N
invalid command \N
invalid command \N
invalid command \N
invalid command \N
invalid command \N
invalid command \N
invalid command \N
invalid command \N
invalid command \N
invalid command \N
invalid command \N
invalid command \N
invalid command \N
invalid command \N
invalid command \N
invalid command \N
invalid command \N
invalid command \N
invalid command \N
invalid command \N
invalid command \N
invalid command \N
invalid command \N
invalid command \N
invalid command \N
invalid command \N
invalid command \N
invalid command \N
invalid command \N
invalid command \N
invalid command \N
invalid command \N
invalid command \N
invalid command \N
invalid command \N
invalid command \N
invalid command \N
invalid command \N
invalid command \N
invalid command \N
invalid command \N
invalid command \N
invalid command \N
invalid command \N
invalid command \N
invalid command \N
invalid command \N
invalid command \N
invalid command \N
invalid command \N
invalid command \N
invalid command \N
invalid command \N
invalid command \N
invalid command \N
invalid command \N
invalid command \N
invalid command \N
invalid command \N
invalid command \N
invalid command \N
invalid command \N
invalid command \N
invalid command \N
invalid command \N
invalid command \N
invalid command \N
invalid command \N
invalid command \N
invalid command \N
invalid command \N
invalid command \N
invalid command \N
invalid command \N
invalid command \N
invalid command \N
invalid command \N
invalid command \N
invalid command \N
invalid command \N
invalid command \N
invalid command \N
invalid command \N
invalid command \N
invalid command \N
invalid command \N
invalid command \N
invalid command \N
invalid command \N
invalid command \N
invalid command \N
invalid command \N
invalid command \N
invalid command \N
invalid command \N
invalid command \N
invalid command \N
invalid command \N
invalid command \N
invalid command \N
invalid command \N
invalid command \N
invalid command \N
invalid command \N
invalid command \N
invalid command \N
invalid command \N
invalid command \N
invalid command \N
invalid command \N
invalid command \N
invalid command \N
invalid command \N
invalid command \N
invalid command \N
invalid command \N
invalid command \N
invalid command \N
invalid command \N
invalid command \N
invalid command \N
invalid command \N
invalid command \N
invalid command \N
invalid command \N
invalid command \N
invalid command \N
invalid command \N
invalid command \N
invalid command \N
invalid command \N
invalid command \N
invalid command \N
invalid command \N
invalid command \N
invalid command \N
invalid command \N
invalid command \N
invalid command \N
invalid command \N
invalid command \N
invalid command \N
invalid command \N
invalid command \N
invalid command \N
invalid command \N
invalid command \N
invalid command \N
invalid command \N
invalid command \N
invalid command \N
invalid command \N
invalid command \N
invalid command \N
invalid command \N
invalid command \N
invalid command \N
invalid command \N
invalid command \N
invalid command \N
invalid command \N
invalid command \N
invalid command \N
invalid command \N
invalid command \N
invalid command \N
invalid command \N
invalid command \N
invalid command \N
invalid command \N
invalid command \N
invalid command \N
invalid command \N
invalid command \N
invalid command \N
invalid command \N
invalid command \N
invalid command \N
invalid command \N
invalid command \N
invalid command \N
invalid command \N
invalid command \N
invalid command \N
invalid command \N
invalid command \N
invalid command \N
invalid command \N
invalid command \N
invalid command \N
invalid command \N
invalid command \N
invalid command \N
invalid command \N
invalid command \N
invalid command \N
invalid command \N
invalid command \N
invalid command \N
invalid command \N
invalid command \N
invalid command \N
invalid command \N
invalid command \N
invalid command \N
invalid command \N
invalid command \N
invalid command \N
invalid command \N
invalid command \N
invalid command \N
invalid command \N
invalid command \N
invalid command \N
invalid command \N
invalid command \N
invalid command \N
invalid command \N
invalid command \N
invalid command \N
invalid command \N
invalid command \N
invalid command \N
invalid command \N
invalid command \N
invalid command \N
invalid command \N
invalid command \N
invalid command \N
invalid command \N
invalid command \N
invalid command \N
invalid command \N
invalid command \N
invalid command \N
invalid command \N
invalid command \N
invalid command \.
ERROR:  syntax error at or near "528"
LINE 1: 528 2025-03-01 1106.3394545337815 2025-01-01 2025-04-01 85 2...
        ^
invalid command \.
ERROR:  syntax error at or near "2025"
LINE 1: 2025-03-31 17:00:00+00 80 0106000020E61000000D00000001030000...
        ^
invalid command \N
invalid command \N
invalid command \N
invalid command \N
invalid command \.
ERROR:  syntax error at or near "1"
LINE 1: 1 4899 VERIFY Chưa xác minh Đã xác minh 
        ^
 setval 
--------
   4899
(1 row)

 setval 
--------
      4
(1 row)

[0;34m[2025-10-06 21:20:27] INFO:[0m Copying admin tables to admin_db...
SET
SET
SET
SET
SET
SET
 set_config 
------------
 
(1 row)

SET
SET
SET
SET
COPY 10
COPY 97354
 setval 
--------
     10
(1 row)

 setval 
--------
  97354
(1 row)

[0;32m[2025-10-06 21:20:33][0m ✅ Data migration completed
[0;32m[2025-10-06 21:20:33][0m 
📍 Step 9: Final validation...
[0;34m[2025-10-06 21:20:33] INFO:[0m Auth DB Statistics:
 table_name | count 
------------+-------
 users      |     1
(1 row)

[0;34m[2025-10-06 21:20:33] INFO:[0m GIS DB Statistics:
ERROR:  relation "laocai_tieukhu" does not exist
LINE 4:         SELECT 'laocai_tieukhu', COUNT(*) FROM laocai_tieukh...
                                                       ^
[0;34m[2025-10-06 21:20:33] INFO:[0m Admin DB Statistics:
     table_name      | count 
---------------------+-------
 tlaocai_tkk_3lr_cru | 97354
 laocai_huyen        |    10
(2 rows)

[0;34m[2025-10-06 21:20:33] INFO:[0m PostGIS Version:
            postgis_version            
---------------------------------------
 3.5 USE_GEOS=1 USE_PROJ=1 USE_STATS=1
(1 row)

[0;32m[2025-10-06 21:20:33][0m 
==========================================
[0;32m[2025-10-06 21:20:33][0m ✅ Migration completed successfully!
[0;32m[2025-10-06 21:20:33][0m ==========================================
[0;34m[2025-10-06 21:20:33] INFO:[0m OLD Container: postgres-postgis-17 → geodb
[0;34m[2025-10-06 21:20:33] INFO:[0m NEW Container: QuanLyMatRungPostgres17
[0;34m[2025-10-06 21:20:33] INFO:[0m   - auth_db
[0;34m[2025-10-06 21:20:33] INFO:[0m   - gis_db
[0;34m[2025-10-06 21:20:33] INFO:[0m   - admin_db
[0;34m[2025-10-06 21:20:33] INFO:[0m 
[0;34m[2025-10-06 21:20:33] INFO:[0m Next steps:
[0;34m[2025-10-06 21:20:33] INFO:[0m   1. Review log: /home/luckyboiz/LuckyBoiz/Projects/Reacts/DuBaoMatRung/microservices/migrations/logs/migration-20251006-211918.log
[0;34m[2025-10-06 21:20:33] INFO:[0m   2. Update .env file
[0;34m[2025-10-06 21:20:33] INFO:[0m   3. Start microservices: docker-compose up -d
[0;34m[2025-10-06 21:20:33] INFO:[0m   4. Test API connections
[0;32m[2025-10-06 21:20:33][0m ==========================================
