[0;32m[2025-10-06 21:15:05][0m ==========================================
[0;32m[2025-10-06 21:15:05][0m DuBaoMatRung Database Migration
[0;32m[2025-10-06 21:15:05][0m ==========================================
[0;34m[2025-10-06 21:15:05] INFO:[0m OLD Container: postgres-postgis-17 → Database: geodb
[0;34m[2025-10-06 21:15:05] INFO:[0m NEW Container: QuanLyMatRungPostgres17 → Databases: {auth_db,gis_db,admin_db}
[0;34m[2025-10-06 21:15:05] INFO:[0m Log file: /home/luckyboiz/LuckyBoiz/Projects/Reacts/DuBaoMatRung/microservices/migrations/logs/migration-20251006-211505.log
[0;32m[2025-10-06 21:15:05][0m 
[0;32m[2025-10-06 21:15:05][0m 📍 Step 1: Checking OLD database...
[0;34m[2025-10-06 21:15:05] INFO:[0m Checking connection to OLD database (container: postgres-postgis-17/geodb)...
[0;32m[2025-10-06 21:15:05][0m ✅ Connected to OLD database
[0;32m[2025-10-06 21:15:05][0m 
📍 Step 2: Checking NEW database server...
[0;34m[2025-10-06 21:15:05] INFO:[0m Checking connection to NEW database server (container: QuanLyMatRungPostgres17)...
[0;32m[2025-10-06 21:15:05][0m ✅ Connected to NEW database server
[0;32m[2025-10-06 21:15:05][0m 
📍 Step 3: Backup OLD database...
[0;34m[2025-10-06 21:15:08] INFO:[0m Creating backup of OLD database geodb...
[0;32m[2025-10-06 21:15:16][0m ✅ Backup created: /home/luckyboiz/LuckyBoiz/Projects/Reacts/DuBaoMatRung/microservices/migrations/logs/backup-geodb-20251006-211508.sql
[0;32m[2025-10-06 21:15:16][0m 
📍 Step 4: Creating NEW databases...
[0;34m[2025-10-06 21:15:16] INFO:[0m Checking if database auth_db exists on NEW server...
