{"level":"info","message":"Login attempt","service":"auth-controller","timestamp":"2025-10-07 20:20:08","username":"admin"}
{"level":"warn","message":"Login failed: invalid password","service":"auth-controller","timestamp":"2025-10-07 20:20:08","username":"admin"}
{"level":"info","message":"Login attempt","service":"auth-controller","timestamp":"2025-10-07 20:54:48","username":"admin"}
{"level":"warn","message":"Login failed: invalid password","service":"auth-controller","timestamp":"2025-10-07 20:54:48","username":"admin"}
{"level":"info","message":"Login attempt","service":"auth-controller","timestamp":"2025-10-07 21:56:22","username":"admin"}
{"level":"warn","message":"Login failed: invalid password","service":"auth-controller","timestamp":"2025-10-07 21:56:22","username":"admin"}
{"level":"info","message":"Login attempt","service":"auth-controller","timestamp":"2025-10-07 21:56:28","username":"admin"}
{"level":"warn","message":"Login failed: invalid password","service":"auth-controller","timestamp":"2025-10-07 21:56:28","username":"admin"}
{"level":"info","message":"Login attempt","service":"auth-controller","timestamp":"2025-10-07 21:56:57","username":"admin"}
{"level":"info","message":"Login successful","service":"auth-controller","timestamp":"2025-10-07 21:56:58","userId":1,"username":"admin"}
{"level":"info","message":"Login attempt","service":"auth-controller","timestamp":"2025-10-08 08:28:24","username":"admin"}
{"level":"info","message":"Login successful","service":"auth-controller","timestamp":"2025-10-08 08:28:24","userId":1,"username":"admin"}
{"level":"info","message":"Login attempt","service":"auth-controller","timestamp":"2025-10-08 08:28:26","username":"admin"}
{"level":"info","message":"Login successful","service":"auth-controller","timestamp":"2025-10-08 08:28:26","userId":1,"username":"admin"}
{"level":"info","message":"Login attempt","service":"auth-controller","timestamp":"2025-10-08 08:44:22","username":"admin"}
{"level":"info","message":"Login successful","service":"auth-controller","timestamp":"2025-10-08 08:44:22","userId":1,"username":"admin"}
{"level":"info","message":"Login attempt","service":"auth-controller","timestamp":"2025-10-08 08:44:23","username":"admin"}
{"level":"info","message":"Login successful","service":"auth-controller","timestamp":"2025-10-08 08:44:23","userId":1,"username":"admin"}
{"level":"info","message":"Login attempt","service":"auth-controller","timestamp":"2025-10-08 08:48:43","username":"LuckyBoiz"}
{"level":"info","message":"Login successful","service":"auth-controller","timestamp":"2025-10-08 08:48:43","userId":4,"username":"LuckyBoiz"}
{"level":"info","message":"Login attempt","service":"auth-controller","timestamp":"2025-10-08 08:54:19","username":"LuckyBoiz"}
{"level":"info","message":"Login successful","service":"auth-controller","timestamp":"2025-10-08 08:54:19","userId":4,"username":"LuckyBoiz"}
{"level":"info","message":"Login attempt","service":"auth-controller","timestamp":"2025-10-08 08:57:19","username":"LuckyBoiz"}
{"level":"info","message":"Login successful","service":"auth-controller","timestamp":"2025-10-08 08:57:19","userId":4,"username":"LuckyBoiz"}
{"level":"info","message":"Login attempt","service":"auth-controller","timestamp":"2025-10-08 08:59:18","username":"LuckyBoiz"}
{"level":"info","message":"Login successful","service":"auth-controller","timestamp":"2025-10-08 08:59:18","userId":4,"username":"LuckyBoiz"}
{"level":"info","message":"Login attempt","service":"auth-controller","timestamp":"2025-10-08 08:59:22","username":"LuckyBoiz"}
{"level":"info","message":"Login successful","service":"auth-controller","timestamp":"2025-10-08 08:59:22","userId":4,"username":"LuckyBoiz"}
{"level":"info","message":"Login attempt","service":"auth-controller","timestamp":"2025-10-08 08:59:30","username":"LuckyBoiz"}
{"level":"info","message":"Login successful","service":"auth-controller","timestamp":"2025-10-08 08:59:30","userId":4,"username":"LuckyBoiz"}
{"level":"info","message":"Login attempt","service":"auth-controller","timestamp":"2025-10-08 09:03:01","username":"LuckyBoiz"}
{"level":"info","message":"Login successful","service":"auth-controller","timestamp":"2025-10-08 09:03:01","userId":4,"username":"LuckyBoiz"}
{"level":"info","message":"Login attempt","service":"auth-controller","timestamp":"2025-10-08 09:05:38","username":"LuckyBoiz"}
{"level":"info","message":"Login successful","service":"auth-controller","timestamp":"2025-10-08 09:05:38","userId":4,"username":"LuckyBoiz"}
{"level":"info","message":"Login attempt","service":"auth-controller","timestamp":"2025-10-08 10:13:17","username":"LuckyBoiz"}
{"level":"info","message":"Login successful","service":"auth-controller","timestamp":"2025-10-08 10:13:17","userId":4,"username":"LuckyBoiz"}
{"level":"info","message":"Login attempt","service":"auth-controller","timestamp":"2025-10-08 14:09:06","username":"LuckyBoiz"}
{"level":"info","message":"Login successful","service":"auth-controller","timestamp":"2025-10-08 14:09:06","userId":4,"username":"LuckyBoiz"}
{"level":"info","message":"Login attempt","service":"auth-controller","timestamp":"2025-10-08 14:09:31","username":"admin"}
{"level":"info","message":"Login successful","service":"auth-controller","timestamp":"2025-10-08 14:09:31","userId":1,"username":"admin"}
{"level":"info","message":"Login attempt","service":"auth-controller","timestamp":"2025-10-09 14:22:15","username":"admin"}
{"level":"info","message":"Login successful","service":"auth-controller","timestamp":"2025-10-09 14:22:15","userId":1,"username":"admin"}
{"level":"info","message":"Login attempt","service":"auth-controller","timestamp":"2025-10-09 14:22:19","username":"admin"}
{"level":"info","message":"Login successful","service":"auth-controller","timestamp":"2025-10-09 14:22:19","userId":1,"username":"admin"}
{"level":"info","message":"Login attempt","service":"auth-controller","timestamp":"2025-10-09 14:54:50","username":"admin"}
{"level":"info","message":"Login successful","service":"auth-controller","timestamp":"2025-10-09 14:54:51","userId":1,"username":"admin"}
{"level":"info","message":"Login attempt","service":"auth-controller","timestamp":"2025-10-09 15:02:10","username":"admin"}
{"level":"info","message":"Login successful","service":"auth-controller","timestamp":"2025-10-09 15:02:10","userId":1,"username":"admin"}
{"level":"info","message":"Login attempt","service":"auth-controller","timestamp":"2025-10-10 17:42:17","username":"admin"}
{"level":"info","message":"Login successful","service":"auth-controller","timestamp":"2025-10-10 17:42:17","userId":1,"username":"admin"}
{"level":"info","message":"Login attempt","service":"auth-controller","timestamp":"2025-10-10 17:43:48","username":"admin"}
{"level":"info","message":"Login successful","service":"auth-controller","timestamp":"2025-10-10 17:43:48","userId":1,"username":"admin"}
{"level":"info","message":"Login attempt","service":"auth-controller","timestamp":"2025-10-10 17:44:54","username":"admin"}
{"level":"info","message":"Login successful","service":"auth-controller","timestamp":"2025-10-10 17:44:54","userId":1,"username":"admin"}
{"level":"info","message":"Login attempt","service":"auth-controller","timestamp":"2025-10-11 22:37:46","username":"admin"}
{"level":"info","message":"Login successful","service":"auth-controller","timestamp":"2025-10-11 22:37:46","userId":1,"username":"admin"}
{"level":"info","message":"Login attempt","service":"auth-controller","timestamp":"2025-10-11 23:02:46","username":"admin"}
{"level":"info","message":"Login successful","service":"auth-controller","timestamp":"2025-10-11 23:02:46","userId":1,"username":"admin"}
{"level":"info","message":"Login attempt","service":"auth-controller","timestamp":"2025-10-11 23:02:56","username":"admin"}
{"level":"info","message":"Login successful","service":"auth-controller","timestamp":"2025-10-11 23:02:56","userId":1,"username":"admin"}
{"level":"info","message":"Login attempt","service":"auth-controller","timestamp":"2025-10-11 23:06:22","username":"admin"}
{"level":"info","message":"Login successful","service":"auth-controller","timestamp":"2025-10-11 23:06:22","userId":1,"username":"admin"}
{"level":"info","message":"Login attempt","service":"auth-controller","timestamp":"2025-10-11 23:19:12","username":"admin"}
{"level":"info","message":"Login successful","service":"auth-controller","timestamp":"2025-10-11 23:19:12","userId":1,"username":"admin"}
{"level":"info","message":"Login attempt","service":"auth-controller","timestamp":"2025-10-12 12:25:59","username":"test"}
{"level":"warn","message":"Login failed: user not found","service":"auth-controller","timestamp":"2025-10-12 12:25:59","username":"test"}
{"level":"info","message":"Login attempt","service":"auth-controller","timestamp":"2025-10-12 12:28:02","username":"admin"}
{"level":"info","message":"Login successful","service":"auth-controller","timestamp":"2025-10-12 12:28:02","userId":1,"username":"admin"}
{"level":"info","message":"Login attempt","service":"auth-controller","timestamp":"2025-10-12 12:33:03","username":"admin"}
{"level":"info","message":"Login successful","service":"auth-controller","timestamp":"2025-10-12 12:33:04","userId":1,"username":"admin"}
{"level":"info","message":"Login attempt","service":"auth-controller","timestamp":"2025-10-12 12:35:44","username":"admin"}
{"level":"info","message":"Login successful","service":"auth-controller","timestamp":"2025-10-12 12:35:44","userId":1,"username":"admin"}
{"level":"info","message":"Login attempt","service":"auth-controller","timestamp":"2025-10-12 12:36:26","username":"admin"}
{"level":"info","message":"Login successful","service":"auth-controller","timestamp":"2025-10-12 12:36:26","userId":1,"username":"admin"}
{"level":"info","message":"Login attempt","service":"auth-controller","timestamp":"2025-10-12 12:36:45","username":"admin"}
{"level":"info","message":"Login successful","service":"auth-controller","timestamp":"2025-10-12 12:36:46","userId":1,"username":"admin"}
{"level":"info","message":"Login attempt","service":"auth-controller","timestamp":"2025-10-12 12:47:57","username":"admin"}
{"level":"info","message":"Login successful","service":"auth-controller","timestamp":"2025-10-12 12:47:57","userId":1,"username":"admin"}
{"level":"info","message":"Login attempt","service":"auth-controller","timestamp":"2025-10-12 12:57:45","username":"admin"}
{"level":"info","message":"Login successful","service":"auth-controller","timestamp":"2025-10-12 12:57:45","userId":1,"username":"admin"}
{"level":"info","message":"Login attempt","service":"auth-controller","timestamp":"2025-10-12 13:00:58","username":"admin"}
{"level":"info","message":"Login successful","service":"auth-controller","timestamp":"2025-10-12 13:00:58","userId":1,"username":"admin"}
{"level":"info","message":"Login attempt","service":"auth-controller","timestamp":"2025-10-12 13:04:50","username":"admin"}
{"level":"info","message":"Login successful","service":"auth-controller","timestamp":"2025-10-12 13:04:51","userId":1,"username":"admin"}
{"level":"info","message":"Login attempt","service":"auth-controller","timestamp":"2025-10-12 13:14:13","username":"admin"}
{"level":"info","message":"Login successful","service":"auth-controller","timestamp":"2025-10-12 13:14:13","userId":1,"username":"admin"}
{"level":"info","message":"Login attempt","service":"auth-controller","timestamp":"2025-10-12 17:44:52","username":"admin"}
{"level":"info","message":"Login successful","service":"auth-controller","timestamp":"2025-10-12 17:44:52","userId":1,"username":"admin"}
{"level":"info","message":"Login attempt","service":"auth-controller","timestamp":"2025-10-12 21:34:25","username":"admin"}
{"level":"info","message":"Login successful","service":"auth-controller","timestamp":"2025-10-12 21:34:26","userId":1,"username":"admin"}
{"level":"info","message":"Login attempt","service":"auth-controller","timestamp":"2025-10-12 21:41:26","username":"admin"}
{"level":"info","message":"Login successful","service":"auth-controller","timestamp":"2025-10-12 21:41:27","userId":1,"username":"admin"}
{"level":"info","message":"User logout","service":"auth-controller","timestamp":"2025-10-12 23:02:42","userId":"1"}
{"level":"info","message":"Login attempt","service":"auth-controller","timestamp":"2025-10-12 23:02:45","username":"admin"}
{"level":"info","message":"Login successful","service":"auth-controller","timestamp":"2025-10-12 23:02:45","userId":1,"username":"admin"}
{"level":"info","message":"User logout","service":"auth-controller","timestamp":"2025-10-12 23:04:35","userId":"1"}
{"level":"info","message":"User logout","service":"auth-controller","timestamp":"2025-10-12 23:04:35","userId":"1"}
{"level":"info","message":"Login attempt","service":"auth-controller","timestamp":"2025-10-12 23:04:43","username":"admin"}
{"level":"info","message":"Login successful","service":"auth-controller","timestamp":"2025-10-12 23:04:43","userId":1,"username":"admin"}
{"level":"info","message":"User logout","service":"auth-controller","timestamp":"2025-10-12 23:05:30","userId":"1"}
{"level":"info","message":"User logout","service":"auth-controller","timestamp":"2025-10-12 23:05:30","userId":"1"}
{"level":"info","message":"User logout","service":"auth-controller","timestamp":"2025-10-12 23:05:30","userId":"1"}
{"level":"info","message":"Login attempt","service":"auth-controller","timestamp":"2025-10-12 23:05:49","username":"admin"}
{"level":"info","message":"Login successful","service":"auth-controller","timestamp":"2025-10-12 23:05:49","userId":1,"username":"admin"}
{"level":"info","message":"Login attempt","service":"auth-controller","timestamp":"2025-10-12 23:12:01","username":"admin"}
{"level":"info","message":"Login successful","service":"auth-controller","timestamp":"2025-10-12 23:12:01","userId":1,"username":"admin"}
{"level":"info","message":"Login attempt","service":"auth-controller","timestamp":"2025-10-12 23:12:08","username":"admin"}
{"level":"info","message":"Login successful","service":"auth-controller","timestamp":"2025-10-12 23:12:08","userId":1,"username":"admin"}
{"level":"info","message":"Login attempt","service":"auth-controller","timestamp":"2025-10-13 07:16:07","username":"admin"}
{"level":"info","message":"Login successful","service":"auth-controller","timestamp":"2025-10-13 07:16:07","userId":1,"username":"admin"}
{"level":"info","message":"Login attempt","service":"auth-controller","timestamp":"2025-10-13 08:39:16","username":"admin"}
{"level":"info","message":"Login successful","service":"auth-controller","timestamp":"2025-10-13 08:39:16","userId":1,"username":"admin"}
{"level":"info","message":"Login attempt","service":"auth-controller","timestamp":"2025-10-14 14:03:37","username":"admin"}
{"level":"info","message":"Login successful","service":"auth-controller","timestamp":"2025-10-14 14:03:37","userId":1,"username":"admin"}
{"level":"info","message":"Login attempt","service":"auth-controller","timestamp":"2025-10-14 15:16:55","username":"admin"}
{"level":"info","message":"Login successful","service":"auth-controller","timestamp":"2025-10-14 15:16:55","userId":1,"username":"admin"}
{"level":"info","message":"Login attempt","service":"auth-controller","timestamp":"2025-10-16 14:25:55","username":"admin"}
{"level":"info","message":"Login successful","service":"auth-controller","timestamp":"2025-10-16 14:25:55","userId":1,"username":"admin"}
{"level":"info","message":"Login attempt","service":"auth-controller","timestamp":"2025-10-16 23:15:29","username":"admin"}
{"level":"warn","message":"Login failed: user not found","service":"auth-controller","timestamp":"2025-10-16 23:15:29","username":"admin"}
{"level":"info","message":"Login attempt","service":"auth-controller","timestamp":"2025-10-16 23:15:40","username":"admin"}
{"level":"warn","message":"Login failed: user not found","service":"auth-controller","timestamp":"2025-10-16 23:15:40","username":"admin"}
{"level":"info","message":"Login attempt","service":"auth-controller","timestamp":"2025-10-16 23:16:27","username":"admin"}
{"level":"warn","message":"Login failed: user not found","service":"auth-controller","timestamp":"2025-10-16 23:16:27","username":"admin"}
{"level":"info","message":"Login attempt","service":"auth-controller","timestamp":"2025-10-16 23:16:39","username":"admin"}
{"level":"warn","message":"Login failed: user not found","service":"auth-controller","timestamp":"2025-10-16 23:16:39","username":"admin"}
{"level":"info","message":"Login attempt","service":"auth-controller","timestamp":"2025-10-16 23:16:59","username":"admin"}
{"level":"warn","message":"Login failed: user not found","service":"auth-controller","timestamp":"2025-10-16 23:16:59","username":"admin"}
{"level":"info","message":"Login attempt","service":"auth-controller","timestamp":"2025-10-16 23:17:02","username":"admin"}
{"level":"warn","message":"Login failed: user not found","service":"auth-controller","timestamp":"2025-10-16 23:17:02","username":"admin"}
{"level":"info","message":"Login attempt","service":"auth-controller","timestamp":"2025-10-16 23:17:03","username":"admin"}
{"level":"warn","message":"Login failed: user not found","service":"auth-controller","timestamp":"2025-10-16 23:17:03","username":"admin"}
{"level":"info","message":"Login attempt","service":"auth-controller","timestamp":"2025-10-16 23:17:24","username":"admin"}
{"level":"warn","message":"Login failed: user not found","service":"auth-controller","timestamp":"2025-10-16 23:17:24","username":"admin"}
{"level":"info","message":"Login attempt","service":"auth-controller","timestamp":"2025-10-16 23:17:24","username":"admin"}
{"level":"warn","message":"Login failed: user not found","service":"auth-controller","timestamp":"2025-10-16 23:17:24","username":"admin"}
{"level":"info","message":"Login attempt","service":"auth-controller","timestamp":"2025-10-16 23:22:48","username":"admin"}
{"level":"warn","message":"Login failed: invalid password","service":"auth-controller","timestamp":"2025-10-16 23:22:48","username":"admin"}
{"level":"info","message":"Login attempt","service":"auth-controller","timestamp":"2025-10-16 23:22:59","username":"admin"}
{"level":"warn","message":"Login failed: invalid password","service":"auth-controller","timestamp":"2025-10-16 23:22:59","username":"admin"}
{"level":"info","message":"Login attempt","service":"auth-controller","timestamp":"2025-10-16 23:23:15","username":"admin"}
{"level":"info","message":"Login successful","service":"auth-controller","timestamp":"2025-10-16 23:23:15","userId":1,"username":"admin"}
