{"code":"ECONNREFUSED","level":"error","message":"","service":"user-service","timestamp":"2025-10-07 13:51:14"}
{"date":"Tue Oct 07 2025 13:51:14 GMT+0700 (Indochina Time)","error":{"code":"ECONNREFUSED"},"level":"error","message":"unhandledRejection: (no error message)\nAggregateError [ECONNREFUSED]: \n    at /home/luckyboiz/LuckyBoiz/Projects/Reacts/DuBaoMatRung/microservices/shared/database/node_modules/pg-pool/index.js:45:11\n    at process.processTicksAndRejections (node:internal/process/task_queues:95:5)\n    at async DatabaseManager.testConnection (/home/luckyboiz/LuckyBoiz/Projects/Reacts/DuBaoMatRung/microservices/shared/database/index.js:61:22)\n    at async DatabaseManager.initialize (/home/luckyboiz/LuckyBoiz/Projects/Reacts/DuBaoMatRung/microservices/shared/database/index.js:53:5)\n    at async startServer (/home/luckyboiz/LuckyBoiz/Projects/Reacts/DuBaoMatRung/microservices/services/user-service/src/index.js:38:3)","os":{"loadavg":[1.44,1.85,1.99],"uptime":24355.18},"process":{"argv":["/home/luckyboiz/.nvm/versions/node/v20.19.5/bin/node","/home/luckyboiz/LuckyBoiz/Projects/Reacts/DuBaoMatRung/microservices/services/user-service/src/index.js"],"cwd":"/home/luckyboiz/LuckyBoiz/Projects/Reacts/DuBaoMatRung/microservices/services/user-service","execPath":"/home/luckyboiz/.nvm/versions/node/v20.19.5/bin/node","gid":1000,"memoryUsage":{"arrayBuffers":74102,"external":3412115,"heapTotal":20054016,"heapUsed":13850728,"rss":69505024},"pid":185341,"uid":1000,"version":"v20.19.5"},"rejection":true,"service":"user-service","stack":"AggregateError [ECONNREFUSED]: \n    at /home/luckyboiz/LuckyBoiz/Projects/Reacts/DuBaoMatRung/microservices/shared/database/node_modules/pg-pool/index.js:45:11\n    at process.processTicksAndRejections (node:internal/process/task_queues:95:5)\n    at async DatabaseManager.testConnection (/home/luckyboiz/LuckyBoiz/Projects/Reacts/DuBaoMatRung/microservices/shared/database/index.js:61:22)\n    at async DatabaseManager.initialize (/home/luckyboiz/LuckyBoiz/Projects/Reacts/DuBaoMatRung/microservices/shared/database/index.js:53:5)\n    at async startServer (/home/luckyboiz/LuckyBoiz/Projects/Reacts/DuBaoMatRung/microservices/services/user-service/src/index.js:38:3)","timestamp":"2025-10-07 13:51:14","trace":[{"column":11,"file":"/home/luckyboiz/LuckyBoiz/Projects/Reacts/DuBaoMatRung/microservices/shared/database/node_modules/pg-pool/index.js","function":null,"line":45,"method":null,"native":false},{"column":5,"file":"node:internal/process/task_queues","function":"process.processTicksAndRejections","line":95,"method":"processTicksAndRejections","native":false},{"column":22,"file":"/home/luckyboiz/LuckyBoiz/Projects/Reacts/DuBaoMatRung/microservices/shared/database/index.js","function":"async DatabaseManager.testConnection","line":61,"method":"testConnection","native":false},{"column":5,"file":"/home/luckyboiz/LuckyBoiz/Projects/Reacts/DuBaoMatRung/microservices/shared/database/index.js","function":"async DatabaseManager.initialize","line":53,"method":"initialize","native":false},{"column":3,"file":"/home/luckyboiz/LuckyBoiz/Projects/Reacts/DuBaoMatRung/microservices/services/user-service/src/index.js","function":"async startServer","line":38,"method":null,"native":false}]}
{"database":"auth_db","level":"info","message":"Database connection test successful","service":"user-service","timestamp":"2025-10-07T06:59:12.268Z"}
{"level":"info","message":"User Service running on port 3002","service":"user-service","timestamp":"2025-10-07 13:59:12"}
{"level":"info","message":"Database pool initialized successfully","service":"user-service","timestamp":"2025-10-07 13:59:12"}
{"database":"auth_db","level":"info","message":"Database connection test successful","service":"user-service","timestamp":"2025-10-07T07:03:13.059Z"}
{"level":"info","message":"User Service running on port 3002","service":"user-service","timestamp":"2025-10-07 14:03:13"}
{"level":"info","message":"Database pool initialized successfully","service":"user-service","timestamp":"2025-10-07 14:03:13"}
{"database":"auth_db","level":"info","message":"Database connection test successful","service":"user-service","timestamp":"2025-10-07T07:06:23.385Z"}
{"level":"info","message":"User Service running on port 3002","service":"user-service","timestamp":"2025-10-07 14:06:23"}
{"level":"info","message":"Database pool initialized successfully","service":"user-service","timestamp":"2025-10-07 14:06:23"}
{"database":"auth_db","level":"info","message":"Database connection test successful","service":"user-service","timestamp":"2025-10-07T07:12:02.694Z"}
{"level":"info","message":"User Service running on port 3002","service":"user-service","timestamp":"2025-10-07 14:12:02"}
{"level":"info","message":"Database pool initialized successfully","service":"user-service","timestamp":"2025-10-07 14:12:02"}
{"database":"auth_db","level":"info","message":"Database connection test successful","service":"user-service","timestamp":"2025-10-07T07:18:47.669Z"}
{"level":"info","message":"User Service running on port 3002","service":"user-service","timestamp":"2025-10-07 14:18:47"}
{"level":"info","message":"Database pool initialized successfully","service":"user-service","timestamp":"2025-10-07 14:18:47"}
{"database":"auth_db","level":"info","message":"Database connection test successful","service":"user-service","timestamp":"2025-10-07T07:21:38.833Z"}
{"database":"auth_db","level":"info","message":"Database connection test successful","service":"user-service","timestamp":"2025-10-07T07:23:28.062Z"}
{"level":"info","message":"User Service running on port 3002","service":"user-service","timestamp":"2025-10-07 14:23:28"}
{"level":"info","message":"Database pool initialized successfully","service":"user-service","timestamp":"2025-10-07 14:23:28"}
{"database":"auth_db","level":"info","message":"Database connection test successful","service":"user-service","timestamp":"2025-10-07T07:53:18.524Z"}
{"level":"info","message":"User Service running on port 3002","service":"user-service","timestamp":"2025-10-07 14:53:18"}
{"level":"info","message":"Database pool initialized successfully","service":"user-service","timestamp":"2025-10-07 14:53:18"}
{"database":"auth_db","level":"info","message":"Database connection test successful","service":"user-service","timestamp":"2025-10-07T08:02:54.693Z"}
{"level":"info","message":"User Service running on port 3002","service":"user-service","timestamp":"2025-10-07 15:02:54"}
{"level":"info","message":"Database pool initialized successfully","service":"user-service","timestamp":"2025-10-07 15:02:54"}
{"database":"auth_db","level":"info","message":"Database connection test successful","service":"user-service","timestamp":"2025-10-07T08:20:07.172Z"}
{"level":"info","message":"User Service running on port 3002","service":"user-service","timestamp":"2025-10-07 15:20:07"}
{"level":"info","message":"Database pool initialized successfully","service":"user-service","timestamp":"2025-10-07 15:20:07"}
{"database":"auth_db","level":"info","message":"Database connection test successful","service":"user-service","timestamp":"2025-10-07T08:20:52.279Z"}
{"level":"info","message":"User Service running on port 3002","service":"user-service","timestamp":"2025-10-07 15:20:52"}
{"level":"info","message":"Database pool initialized successfully","service":"user-service","timestamp":"2025-10-07 15:20:52"}
{"database":"auth_db","level":"info","message":"Database connection test successful","service":"user-service","timestamp":"2025-10-07T13:15:33.809Z"}
{"level":"info","message":"User Service running on port 3002","service":"user-service","timestamp":"2025-10-07 20:15:33"}
{"level":"info","message":"Database pool initialized successfully","service":"user-service","timestamp":"2025-10-07 20:15:33"}
{"database":"auth_db","level":"info","message":"Database connection test successful","service":"user-service","timestamp":"2025-10-07T13:23:15.004Z"}
{"level":"info","message":"User Service running on port 3002","service":"user-service","timestamp":"2025-10-07 20:23:15"}
{"level":"info","message":"Database pool initialized successfully","service":"user-service","timestamp":"2025-10-07 20:23:15"}
{"database":"auth_db","level":"info","message":"Database connection test successful","service":"user-service","timestamp":"2025-10-07T13:25:28.838Z"}
{"level":"info","message":"User Service running on port 3002","service":"user-service","timestamp":"2025-10-07 20:25:28"}
{"level":"info","message":"Database pool initialized successfully","service":"user-service","timestamp":"2025-10-07 20:25:28"}
{"database":"auth_db","level":"info","message":"Database connection test successful","service":"user-service","timestamp":"2025-10-07T13:25:50.681Z"}
{"database":"auth_db","level":"info","message":"Database connection test successful","service":"user-service","timestamp":"2025-10-07T13:44:58.465Z"}
{"level":"info","message":"User Service running on port 3002","service":"user-service","timestamp":"2025-10-07 20:44:58"}
{"level":"info","message":"Database pool initialized successfully","service":"user-service","timestamp":"2025-10-07 20:44:58"}
{"database":"auth_db","level":"info","message":"Database connection test successful","service":"user-service","timestamp":"2025-10-07T13:51:41.429Z"}
{"level":"info","message":"User Service running on port 3002","service":"user-service","timestamp":"2025-10-07 20:51:41"}
{"level":"info","message":"Database pool initialized successfully","service":"user-service","timestamp":"2025-10-07 20:51:41"}
{"database":"auth_db","level":"info","message":"Database connection test successful","service":"user-service","timestamp":"2025-10-07T16:25:42.199Z"}
{"database":"auth_db","level":"info","message":"Database connection test successful","service":"user-service","timestamp":"2025-10-07T16:26:15.322Z"}
{"database":"auth_db","level":"info","message":"Database connection test successful","service":"user-service","timestamp":"2025-10-07T16:30:42.548Z"}
{"database":"auth_db","level":"info","message":"Database connection test successful","service":"user-service","timestamp":"2025-10-07T16:31:51.642Z"}
{"code":"ECONNREFUSED","level":"error","message":"","service":"user-service","timestamp":"2025-10-08 07:15:39"}
{"error":"","level":"error","message":"Failed to start user service","service":"user-service","timestamp":"2025-10-08 07:15:39"}
{"database":"auth_db","level":"info","message":"Database connection test successful","service":"user-service","timestamp":"2025-10-08T00:17:27.851Z"}
{"level":"info","message":"User Service running on port 3002","service":"user-service","timestamp":"2025-10-08 07:17:27"}
{"level":"info","message":"Database pool initialized successfully","service":"user-service","timestamp":"2025-10-08 07:17:27"}
{"database":"auth_db","level":"info","message":"Database connection test successful","service":"user-service","timestamp":"2025-10-08T00:17:55.359Z"}
{"level":"info","message":"User Service running on port 3002","service":"user-service","timestamp":"2025-10-08 07:17:55"}
{"level":"info","message":"Database pool initialized successfully","service":"user-service","timestamp":"2025-10-08 07:17:55"}
{"database":"auth_db","level":"info","message":"Database connection test successful","service":"user-service","timestamp":"2025-10-08T00:20:30.811Z"}
{"level":"info","message":"User Service running on port 3002","service":"user-service","timestamp":"2025-10-08 07:20:30"}
{"level":"info","message":"Database pool initialized successfully","service":"user-service","timestamp":"2025-10-08 07:20:30"}
{"database":"auth_db","level":"info","message":"Database connection test successful","service":"user-service","timestamp":"2025-10-08T00:21:29.549Z"}
{"level":"info","message":"User Service running on port 3002","service":"user-service","timestamp":"2025-10-08 07:21:29"}
{"level":"info","message":"Database pool initialized successfully","service":"user-service","timestamp":"2025-10-08 07:21:29"}
{"database":"auth_db","level":"info","message":"Database connection test successful","service":"user-service","timestamp":"2025-10-08T00:25:36.245Z"}
{"level":"info","message":"User Service running on port 3002","service":"user-service","timestamp":"2025-10-08 07:25:36"}
{"level":"info","message":"Database pool initialized successfully","service":"user-service","timestamp":"2025-10-08 07:25:36"}
{"database":"auth_db","level":"info","message":"Database connection test successful","service":"user-service","timestamp":"2025-10-08T00:30:15.217Z"}
{"level":"info","message":"User Service running on port 3002","service":"user-service","timestamp":"2025-10-08 07:30:15"}
{"level":"info","message":"Database pool initialized successfully","service":"user-service","timestamp":"2025-10-08 07:30:15"}
{"database":"auth_db","level":"info","message":"Database connection test successful","service":"user-service","timestamp":"2025-10-08T00:34:27.149Z"}
{"level":"info","message":"User Service running on port 3002","service":"user-service","timestamp":"2025-10-08 07:34:27"}
{"level":"info","message":"Database pool initialized successfully","service":"user-service","timestamp":"2025-10-08 07:34:27"}
{"database":"auth_db","level":"info","message":"Database connection test successful","service":"user-service","timestamp":"2025-10-08T00:38:35.872Z"}
{"level":"info","message":"User Service running on port 3002","service":"user-service","timestamp":"2025-10-08 07:38:35"}
{"level":"info","message":"Database pool initialized successfully","service":"user-service","timestamp":"2025-10-08 07:38:35"}
{"database":"auth_db","level":"info","message":"Database connection test successful","service":"user-service","timestamp":"2025-10-08T00:39:46.882Z"}
{"level":"info","message":"User Service running on port 3002","service":"user-service","timestamp":"2025-10-08 07:39:46"}
{"level":"info","message":"Database pool initialized successfully","service":"user-service","timestamp":"2025-10-08 07:39:46"}
{"database":"auth_db","level":"info","message":"Database connection test successful","service":"user-service","timestamp":"2025-10-08T00:45:11.261Z"}
{"database":"auth_db","level":"info","message":"Database connection test successful","service":"user-service","timestamp":"2025-10-08T00:45:33.327Z"}
{"database":"auth_db","level":"info","message":"Database connection test successful","service":"user-service","timestamp":"2025-10-08T01:03:01.263Z"}
{"database":"auth_db","level":"info","message":"Database connection test successful","service":"user-service","timestamp":"2025-10-08T01:06:55.580Z"}
{"level":"info","message":"User Service running on port 3002","service":"user-service","timestamp":"2025-10-08 08:06:55"}
{"level":"info","message":"Database pool initialized successfully","service":"user-service","timestamp":"2025-10-08 08:06:55"}
{"database":"auth_db","level":"info","message":"Database connection test successful","service":"user-service","timestamp":"2025-10-08T01:09:06.658Z"}
{"level":"info","message":"User Service running on port 3002","service":"user-service","timestamp":"2025-10-08 08:09:06"}
{"level":"info","message":"Database pool initialized successfully","service":"user-service","timestamp":"2025-10-08 08:09:06"}
{"database":"auth_db","level":"info","message":"Database connection test successful","service":"user-service","timestamp":"2025-10-08T01:15:50.845Z"}
{"database":"auth_db","level":"info","message":"Database connection test successful","service":"user-service","timestamp":"2025-10-08T01:16:13.720Z"}
{"database":"auth_db","level":"info","message":"Database connection test successful","service":"user-service","timestamp":"2025-10-08T01:17:39.061Z"}
{"level":"info","message":"User Service running on port 3002","service":"user-service","timestamp":"2025-10-08 08:17:39"}
{"level":"info","message":"Database pool initialized successfully","service":"user-service","timestamp":"2025-10-08 08:17:39"}
{"database":"auth_db","level":"info","message":"Database connection test successful","service":"user-service","timestamp":"2025-10-08T01:18:06.609Z"}
{"database":"auth_db","level":"info","message":"Database connection test successful","service":"user-service","timestamp":"2025-10-08T01:20:05.059Z"}
{"database":"auth_db","level":"info","message":"Database connection test successful","service":"user-service","timestamp":"2025-10-08T01:21:34.931Z"}
{"address":"0.0.0.0","code":"EADDRINUSE","errno":-98,"level":"error","message":"Server error: listen EADDRINUSE: address already in use 0.0.0.0:3002","port":3002,"service":"user-service","stack":"Error: listen EADDRINUSE: address already in use 0.0.0.0:3002\n    at Server.setupListenHandle [as _listen2] (node:net:1908:16)\n    at listenInCluster (node:net:1965:12)\n    at doListen (node:net:2139:7)\n    at process.processTicksAndRejections (node:internal/process/task_queues:83:21)","syscall":"listen","timestamp":"2025-10-08 08:21:34"}
{"database":"auth_db","level":"info","message":"Database connection test successful","service":"user-service","timestamp":"2025-10-08T01:21:46.309Z"}
{"level":"info","message":"User Service running on port 3002","service":"user-service","timestamp":"2025-10-08 08:21:46"}
{"level":"info","message":"Database pool initialized successfully","service":"user-service","timestamp":"2025-10-08 08:21:46"}
{"database":"auth_db","level":"info","message":"Database connection test successful","service":"user-service","timestamp":"2025-10-08T01:22:18.548Z"}
{"level":"info","message":"User Service running on port 3002","service":"user-service","timestamp":"2025-10-08 08:22:18"}
{"level":"info","message":"Database pool initialized successfully","service":"user-service","timestamp":"2025-10-08 08:22:18"}
{"database":"auth_db","level":"info","message":"Database connection test successful","service":"user-service","timestamp":"2025-10-08T01:24:44.755Z"}
{"address":"0.0.0.0","code":"EADDRINUSE","errno":-98,"level":"error","message":"Server error: listen EADDRINUSE: address already in use 0.0.0.0:3002","port":3002,"service":"user-service","stack":"Error: listen EADDRINUSE: address already in use 0.0.0.0:3002\n    at Server.setupListenHandle [as _listen2] (node:net:1908:16)\n    at listenInCluster (node:net:1965:12)\n    at doListen (node:net:2139:7)\n    at process.processTicksAndRejections (node:internal/process/task_queues:83:21)","syscall":"listen","timestamp":"2025-10-08 08:24:44"}
{"database":"auth_db","level":"info","message":"Database connection test successful","service":"user-service","timestamp":"2025-10-08T01:25:19.236Z"}
{"address":"0.0.0.0","code":"EADDRINUSE","errno":-98,"level":"error","message":"Server error: listen EADDRINUSE: address already in use 0.0.0.0:3002","port":3002,"service":"user-service","stack":"Error: listen EADDRINUSE: address already in use 0.0.0.0:3002\n    at Server.setupListenHandle [as _listen2] (node:net:1908:16)\n    at listenInCluster (node:net:1965:12)\n    at doListen (node:net:2139:7)\n    at process.processTicksAndRejections (node:internal/process/task_queues:83:21)","syscall":"listen","timestamp":"2025-10-08 08:25:19"}
{"database":"auth_db","level":"info","message":"Database connection test successful","service":"user-service","timestamp":"2025-10-08T01:27:49.162Z"}
{"level":"info","message":"User Service running on port 3002","service":"user-service","timestamp":"2025-10-08 08:27:49"}
{"level":"info","message":"Database pool initialized successfully","service":"user-service","timestamp":"2025-10-08 08:27:49"}
{"database":"auth_db","level":"info","message":"Database connection test successful","service":"user-service","timestamp":"2025-10-08T01:34:07.783Z"}
{"level":"info","message":"User Service running on port 3002","service":"user-service","timestamp":"2025-10-08 08:34:07"}
{"level":"info","message":"Database pool initialized successfully","service":"user-service","timestamp":"2025-10-08 08:34:07"}
{"database":"auth_db","level":"info","message":"Database connection test successful","service":"user-service","timestamp":"2025-10-08T01:38:43.823Z"}
{"address":"0.0.0.0","code":"EADDRINUSE","errno":-98,"level":"error","message":"Server error: listen EADDRINUSE: address already in use 0.0.0.0:3002","port":3002,"service":"user-service","stack":"Error: listen EADDRINUSE: address already in use 0.0.0.0:3002\n    at Server.setupListenHandle [as _listen2] (node:net:1940:16)\n    at listenInCluster (node:net:1997:12)\n    at node:net:2206:7\n    at process.processTicksAndRejections (node:internal/process/task_queues:90:21)","syscall":"listen","timestamp":"2025-10-08 08:38:43"}
{"database":"auth_db","level":"info","message":"Database connection test successful","service":"user-service","timestamp":"2025-10-08T01:39:21.191Z"}
{"level":"info","message":"User Service running on port 3002","service":"user-service","timestamp":"2025-10-08 08:39:21"}
{"level":"info","message":"Database pool initialized successfully","service":"user-service","timestamp":"2025-10-08 08:39:21"}
{"database":"auth_db","level":"info","message":"Database connection test successful","service":"user-service","timestamp":"2025-10-08T01:39:36.859Z"}
{"address":"0.0.0.0","code":"EADDRINUSE","errno":-98,"level":"error","message":"Server error: listen EADDRINUSE: address already in use 0.0.0.0:3002","port":3002,"service":"user-service","stack":"Error: listen EADDRINUSE: address already in use 0.0.0.0:3002\n    at Server.setupListenHandle [as _listen2] (node:net:1940:16)\n    at listenInCluster (node:net:1997:12)\n    at node:net:2206:7\n    at process.processTicksAndRejections (node:internal/process/task_queues:90:21)","syscall":"listen","timestamp":"2025-10-08 08:39:36"}
{"database":"auth_db","level":"info","message":"Database connection test successful","service":"user-service","timestamp":"2025-10-08T01:40:13.054Z"}
{"level":"info","message":"User Service running on port 3002","service":"user-service","timestamp":"2025-10-08 08:40:13"}
{"level":"info","message":"Database pool initialized successfully","service":"user-service","timestamp":"2025-10-08 08:40:13"}
{"database":"auth_db","level":"info","message":"Database connection test successful","service":"user-service","timestamp":"2025-10-08T01:40:35.798Z"}
{"address":"0.0.0.0","code":"EADDRINUSE","errno":-98,"level":"error","message":"Server error: listen EADDRINUSE: address already in use 0.0.0.0:3002","port":3002,"service":"user-service","stack":"Error: listen EADDRINUSE: address already in use 0.0.0.0:3002\n    at Server.setupListenHandle [as _listen2] (node:net:1908:16)\n    at listenInCluster (node:net:1965:12)\n    at doListen (node:net:2139:7)\n    at process.processTicksAndRejections (node:internal/process/task_queues:83:21)","syscall":"listen","timestamp":"2025-10-08 08:40:35"}
{"database":"auth_db","level":"info","message":"Database connection test successful","service":"user-service","timestamp":"2025-10-08T01:40:53.167Z"}
{"level":"info","message":"User Service running on port 3002","service":"user-service","timestamp":"2025-10-08 08:40:53"}
{"level":"info","message":"Database pool initialized successfully","service":"user-service","timestamp":"2025-10-08 08:40:53"}
{"database":"auth_db","level":"info","message":"Database connection test successful","service":"user-service","timestamp":"2025-10-08T01:42:29.137Z"}
{"level":"info","message":"User Service running on port 3002","service":"user-service","timestamp":"2025-10-08 08:42:29"}
{"level":"info","message":"Database pool initialized successfully","service":"user-service","timestamp":"2025-10-08 08:42:29"}
{"database":"auth_db","level":"info","message":"Database connection test successful","service":"user-service","timestamp":"2025-10-08T01:43:24.460Z"}
{"address":"0.0.0.0","code":"EADDRINUSE","errno":-98,"level":"error","message":"Server error: listen EADDRINUSE: address already in use 0.0.0.0:3002","port":3002,"service":"user-service","stack":"Error: listen EADDRINUSE: address already in use 0.0.0.0:3002\n    at Server.setupListenHandle [as _listen2] (node:net:1908:16)\n    at listenInCluster (node:net:1965:12)\n    at doListen (node:net:2139:7)\n    at process.processTicksAndRejections (node:internal/process/task_queues:83:21)","syscall":"listen","timestamp":"2025-10-08 08:43:24"}
{"database":"auth_db","level":"info","message":"Database connection test successful","service":"user-service","timestamp":"2025-10-08T01:43:38.143Z"}
{"level":"info","message":"User Service running on port 3002","service":"user-service","timestamp":"2025-10-08 08:43:38"}
{"level":"info","message":"Database pool initialized successfully","service":"user-service","timestamp":"2025-10-08 08:43:38"}
{"database":"auth_db","level":"info","message":"Database connection test successful","service":"user-service","timestamp":"2025-10-08T01:48:32.639Z"}
{"level":"info","message":"User Service running on port 3002","service":"user-service","timestamp":"2025-10-08 08:48:32"}
{"level":"info","message":"Database pool initialized successfully","service":"user-service","timestamp":"2025-10-08 08:48:32"}
{"database":"auth_db","level":"info","message":"Database connection test successful","service":"user-service","timestamp":"2025-10-08T01:54:12.418Z"}
{"level":"info","message":"User Service running on port 3002","service":"user-service","timestamp":"2025-10-08 08:54:12"}
{"level":"info","message":"Database pool initialized successfully","service":"user-service","timestamp":"2025-10-08 08:54:12"}
{"database":"auth_db","level":"info","message":"Database connection test successful","service":"user-service","timestamp":"2025-10-08T02:16:21.571Z"}
{"level":"info","message":"User Service running on port 3002","service":"user-service","timestamp":"2025-10-08 09:16:21"}
{"level":"info","message":"Database pool initialized successfully","service":"user-service","timestamp":"2025-10-08 09:16:21"}
{"database":"auth_db","level":"info","message":"Database connection test successful","service":"user-service","timestamp":"2025-10-08T02:19:30.776Z"}
{"level":"info","message":"User Service running on port 3002","service":"user-service","timestamp":"2025-10-08 09:19:30"}
{"level":"info","message":"Database pool initialized successfully","service":"user-service","timestamp":"2025-10-08 09:19:30"}
{"database":"auth_db","level":"info","message":"Database connection test successful","service":"user-service","timestamp":"2025-10-08T02:20:34.461Z"}
{"level":"info","message":"User Service running on port 3002","service":"user-service","timestamp":"2025-10-08 09:20:34"}
{"level":"info","message":"Database pool initialized successfully","service":"user-service","timestamp":"2025-10-08 09:20:34"}
{"database":"auth_db","level":"info","message":"Database connection test successful","service":"user-service","timestamp":"2025-10-08T02:20:45.004Z"}
{"level":"info","message":"User Service running on port 3002","service":"user-service","timestamp":"2025-10-08 09:20:45"}
{"level":"info","message":"Database pool initialized successfully","service":"user-service","timestamp":"2025-10-08 09:20:45"}
{"database":"auth_db","level":"info","message":"Database connection test successful","service":"user-service","timestamp":"2025-10-08T02:21:32.720Z"}
{"level":"info","message":"User Service running on port 3002","service":"user-service","timestamp":"2025-10-08 09:21:32"}
{"level":"info","message":"Database pool initialized successfully","service":"user-service","timestamp":"2025-10-08 09:21:32"}
{"database":"auth_db","level":"info","message":"Database connection test successful","service":"user-service","timestamp":"2025-10-08T03:07:39.817Z"}
{"level":"info","message":"User Service running on port 3002","service":"user-service","timestamp":"2025-10-08 10:07:39"}
{"level":"info","message":"Database pool initialized successfully","service":"user-service","timestamp":"2025-10-08 10:07:39"}
{"database":"auth_db","level":"info","message":"Database connection test successful","service":"user-service","timestamp":"2025-10-08T03:09:12.456Z"}
{"level":"info","message":"User Service running on port 3002","service":"user-service","timestamp":"2025-10-08 10:09:12"}
{"level":"info","message":"Database pool initialized successfully","service":"user-service","timestamp":"2025-10-08 10:09:12"}
{"database":"auth_db","level":"info","message":"Database connection test successful","service":"user-service","timestamp":"2025-10-08T03:10:08.478Z"}
{"level":"info","message":"User Service running on port 3002","service":"user-service","timestamp":"2025-10-08 10:10:08"}
{"level":"info","message":"Database pool initialized successfully","service":"user-service","timestamp":"2025-10-08 10:10:08"}
{"database":"auth_db","level":"info","message":"Database connection test successful","service":"user-service","timestamp":"2025-10-08T03:12:34.564Z"}
{"level":"info","message":"User Service running on port 3002","service":"user-service","timestamp":"2025-10-08 10:12:34"}
{"level":"info","message":"Database pool initialized successfully","service":"user-service","timestamp":"2025-10-08 10:12:34"}
{"database":"auth_db","level":"info","message":"Database connection test successful","service":"user-service","timestamp":"2025-10-08T03:16:48.213Z"}
{"level":"info","message":"User Service running on port 3002","service":"user-service","timestamp":"2025-10-08 10:16:48"}
{"level":"info","message":"Database pool initialized successfully","service":"user-service","timestamp":"2025-10-08 10:16:48"}
{"database":"auth_db","level":"info","message":"Database connection test successful","service":"user-service","timestamp":"2025-10-08T07:08:48.673Z"}
{"level":"info","message":"User Service running on port 3002","service":"user-service","timestamp":"2025-10-08 14:08:48"}
{"level":"info","message":"Database pool initialized successfully","service":"user-service","timestamp":"2025-10-08 14:08:48"}
{"database":"auth_db","level":"info","message":"Database connection test successful","service":"user-service","timestamp":"2025-10-08T09:46:24.183Z"}
{"level":"info","message":"User Service running on port 3002","service":"user-service","timestamp":"2025-10-08 16:46:24"}
{"level":"info","message":"Database pool initialized successfully","service":"user-service","timestamp":"2025-10-08 16:46:24"}
{"code":"ECONNREFUSED","level":"error","message":"","service":"user-service","timestamp":"2025-10-09 08:15:24"}
{"error":"","level":"error","message":"Failed to start user service","service":"user-service","timestamp":"2025-10-09 08:15:24"}
{"database":"auth_db","level":"info","message":"Database connection test successful","service":"user-service","timestamp":"2025-10-09T01:15:55.851Z"}
{"level":"info","message":"User Service running on port 3002","service":"user-service","timestamp":"2025-10-09 08:15:55"}
{"level":"info","message":"Database pool initialized successfully","service":"user-service","timestamp":"2025-10-09 08:15:55"}
{"database":"auth_db","level":"info","message":"Database connection test successful","service":"user-service","timestamp":"2025-10-09T01:16:24.117Z"}
{"level":"info","message":"User Service running on port 3002","service":"user-service","timestamp":"2025-10-09 08:16:24"}
{"level":"info","message":"Database pool initialized successfully","service":"user-service","timestamp":"2025-10-09 08:16:24"}
{"database":"auth_db","level":"info","message":"Database connection test successful","service":"user-service","timestamp":"2025-10-09T07:07:21.019Z"}
{"level":"info","message":"User Service running on port 3002","service":"user-service","timestamp":"2025-10-09 14:07:21"}
{"level":"info","message":"Database pool initialized successfully","service":"user-service","timestamp":"2025-10-09 14:07:21"}
{"database":"auth_db","level":"info","message":"Database connection test successful","service":"user-service","timestamp":"2025-10-09T07:10:04.838Z"}
{"level":"info","message":"User Service running on port 3002","service":"user-service","timestamp":"2025-10-09 14:10:04"}
{"level":"info","message":"Database pool initialized successfully","service":"user-service","timestamp":"2025-10-09 14:10:04"}
{"database":"auth_db","level":"info","message":"Database connection test successful","service":"user-service","timestamp":"2025-10-09T07:28:35.318Z"}
{"level":"info","message":"User Service running on port 3002","service":"user-service","timestamp":"2025-10-09 14:28:35"}
{"level":"info","message":"Database pool initialized successfully","service":"user-service","timestamp":"2025-10-09 14:28:35"}
{"database":"auth_db","level":"info","message":"Database connection test successful","service":"user-service","timestamp":"2025-10-09T07:37:19.904Z"}
{"address":"0.0.0.0","code":"EADDRINUSE","errno":-98,"level":"error","message":"Server error: listen EADDRINUSE: address already in use 0.0.0.0:3002","port":3002,"service":"user-service","stack":"Error: listen EADDRINUSE: address already in use 0.0.0.0:3002\n    at Server.setupListenHandle [as _listen2] (node:net:1908:16)\n    at listenInCluster (node:net:1965:12)\n    at doListen (node:net:2139:7)\n    at process.processTicksAndRejections (node:internal/process/task_queues:83:21)","syscall":"listen","timestamp":"2025-10-09 14:37:19"}
{"database":"auth_db","level":"info","message":"Database connection test successful","service":"user-service","timestamp":"2025-10-09T07:37:59.213Z"}
{"address":"0.0.0.0","code":"EADDRINUSE","errno":-98,"level":"error","message":"Server error: listen EADDRINUSE: address already in use 0.0.0.0:3002","port":3002,"service":"user-service","stack":"Error: listen EADDRINUSE: address already in use 0.0.0.0:3002\n    at Server.setupListenHandle [as _listen2] (node:net:1908:16)\n    at listenInCluster (node:net:1965:12)\n    at doListen (node:net:2139:7)\n    at process.processTicksAndRejections (node:internal/process/task_queues:83:21)","syscall":"listen","timestamp":"2025-10-09 14:37:59"}
{"database":"auth_db","level":"info","message":"Database connection test successful","service":"user-service","timestamp":"2025-10-09T07:39:41.946Z"}
{"level":"info","message":"User Service running on port 3002","service":"user-service","timestamp":"2025-10-09 14:39:41"}
{"level":"info","message":"Database pool initialized successfully","service":"user-service","timestamp":"2025-10-09 14:39:41"}
{"database":"auth_db","level":"info","message":"Database connection test successful","service":"user-service","timestamp":"2025-10-09T07:39:42.181Z"}
{"address":"0.0.0.0","code":"EADDRINUSE","errno":-98,"level":"error","message":"Server error: listen EADDRINUSE: address already in use 0.0.0.0:3002","port":3002,"service":"user-service","stack":"Error: listen EADDRINUSE: address already in use 0.0.0.0:3002\n    at Server.setupListenHandle [as _listen2] (node:net:1908:16)\n    at listenInCluster (node:net:1965:12)\n    at doListen (node:net:2139:7)\n    at process.processTicksAndRejections (node:internal/process/task_queues:83:21)","syscall":"listen","timestamp":"2025-10-09 14:39:42"}
{"database":"auth_db","level":"info","message":"Database connection test successful","service":"user-service","timestamp":"2025-10-09T07:40:28.157Z"}
{"level":"info","message":"User Service running on port 3002","service":"user-service","timestamp":"2025-10-09 14:40:28"}
{"level":"info","message":"Database pool initialized successfully","service":"user-service","timestamp":"2025-10-09 14:40:28"}
{"database":"auth_db","level":"info","message":"Database connection test successful","service":"user-service","timestamp":"2025-10-09T07:42:37.651Z"}
{"level":"info","message":"User Service running on port 3002","service":"user-service","timestamp":"2025-10-09 14:42:37"}
{"level":"info","message":"Database pool initialized successfully","service":"user-service","timestamp":"2025-10-09 14:42:37"}
{"database":"auth_db","level":"info","message":"Database connection test successful","service":"user-service","timestamp":"2025-10-09T07:43:35.786Z"}
{"level":"info","message":"User Service running on port 3002","service":"user-service","timestamp":"2025-10-09 14:43:35"}
{"level":"info","message":"Database pool initialized successfully","service":"user-service","timestamp":"2025-10-09 14:43:35"}
{"database":"auth_db","level":"info","message":"Database connection test successful","service":"user-service","timestamp":"2025-10-09T07:47:53.209Z"}
{"level":"info","message":"User Service running on port 3002","service":"user-service","timestamp":"2025-10-09 14:47:53"}
{"level":"info","message":"Database pool initialized successfully","service":"user-service","timestamp":"2025-10-09 14:47:53"}
{"database":"auth_db","level":"info","message":"Database connection test successful","service":"user-service","timestamp":"2025-10-09T07:53:23.383Z"}
{"level":"info","message":"User Service running on port 3002","service":"user-service","timestamp":"2025-10-09 14:53:23"}
{"level":"info","message":"Database pool initialized successfully","service":"user-service","timestamp":"2025-10-09 14:53:23"}
{"database":"auth_db","level":"info","message":"Database connection test successful","service":"user-service","timestamp":"2025-10-09T08:35:02.977Z"}
{"level":"info","message":"User Service running on port 3002","service":"user-service","timestamp":"2025-10-09 15:35:02"}
{"level":"info","message":"Database pool initialized successfully","service":"user-service","timestamp":"2025-10-09 15:35:02"}
{"database":"auth_db","level":"info","message":"Database connection test successful","service":"user-service","timestamp":"2025-10-09T08:36:53.897Z"}
{"level":"info","message":"User Service running on port 3002","service":"user-service","timestamp":"2025-10-09 15:36:53"}
{"level":"info","message":"Database pool initialized successfully","service":"user-service","timestamp":"2025-10-09 15:36:53"}
{"database":"auth_db","level":"info","message":"Database connection test successful","service":"user-service","timestamp":"2025-10-09T08:41:18.954Z"}
{"level":"info","message":"User Service running on port 3002","service":"user-service","timestamp":"2025-10-09 15:41:18"}
{"level":"info","message":"Database pool initialized successfully","service":"user-service","timestamp":"2025-10-09 15:41:18"}
{"database":"auth_db","level":"info","message":"Database connection test successful","service":"user-service","timestamp":"2025-10-10T07:43:52.735Z"}
{"level":"info","message":"User Service running on port 3002","service":"user-service","timestamp":"2025-10-10 14:43:52"}
{"level":"info","message":"Database pool initialized successfully","service":"user-service","timestamp":"2025-10-10 14:43:52"}
{"database":"auth_db","level":"info","message":"Database connection test successful","service":"user-service","timestamp":"2025-10-10T10:28:28.923Z"}
{"level":"info","message":"User Service running on port 3002","service":"user-service","timestamp":"2025-10-10 17:28:28"}
{"level":"info","message":"Database pool initialized successfully","service":"user-service","timestamp":"2025-10-10 17:28:28"}
{"code":"ECONNREFUSED","level":"error","message":"","service":"user-service","timestamp":"2025-10-11 22:31:44"}
{"error":"","level":"error","message":"Failed to start user service","service":"user-service","timestamp":"2025-10-11 22:31:44"}
{"database":"auth_db","level":"info","message":"Database connection test successful","service":"user-service","timestamp":"2025-10-11T15:32:00.143Z"}
{"level":"info","message":"User Service running on port 3002","service":"user-service","timestamp":"2025-10-11 22:32:00"}
{"level":"info","message":"Database pool initialized successfully","service":"user-service","timestamp":"2025-10-11 22:32:00"}
{"database":"auth_db","level":"info","message":"Database connection test successful","service":"user-service","timestamp":"2025-10-11T15:35:35.346Z"}
{"level":"info","message":"User Service running on port 3002","service":"user-service","timestamp":"2025-10-11 22:35:35"}
{"level":"info","message":"Database pool initialized successfully","service":"user-service","timestamp":"2025-10-11 22:35:35"}
{"database":"auth_db","level":"info","message":"Database connection test successful","service":"user-service","timestamp":"2025-10-11T15:37:42.099Z"}
{"level":"info","message":"User Service running on port 3002","service":"user-service","timestamp":"2025-10-11 22:37:42"}
{"level":"info","message":"Database pool initialized successfully","service":"user-service","timestamp":"2025-10-11 22:37:42"}
{"database":"auth_db","level":"info","message":"Database connection test successful","service":"user-service","timestamp":"2025-10-11T16:02:42.222Z"}
{"level":"info","message":"User Service running on port 3002","service":"user-service","timestamp":"2025-10-11 23:02:42"}
{"level":"info","message":"Database pool initialized successfully","service":"user-service","timestamp":"2025-10-11 23:02:42"}
{"database":"auth_db","level":"info","message":"Database connection test successful","service":"user-service","timestamp":"2025-10-11T16:06:14.953Z"}
{"level":"info","message":"User Service running on port 3002","service":"user-service","timestamp":"2025-10-11 23:06:14"}
{"level":"info","message":"Database pool initialized successfully","service":"user-service","timestamp":"2025-10-11 23:06:14"}
{"database":"auth_db","level":"info","message":"Database connection test successful","service":"user-service","timestamp":"2025-10-11T16:19:06.934Z"}
{"level":"info","message":"User Service running on port 3002","service":"user-service","timestamp":"2025-10-11 23:19:06"}
{"level":"info","message":"Database pool initialized successfully","service":"user-service","timestamp":"2025-10-11 23:19:06"}
{"database":"auth_db","level":"info","message":"Database connection test successful","service":"user-service","timestamp":"2025-10-11T16:20:49.432Z"}
{"level":"info","message":"User Service running on port 3002","service":"user-service","timestamp":"2025-10-11 23:20:49"}
{"database":"auth_db","level":"info","message":"Database connection test successful","service":"user-service","timestamp":"2025-10-12T05:21:29.199Z"}
{"level":"info","message":"User Service running on port 3002","service":"user-service","timestamp":"2025-10-12 12:21:29"}
{"level":"info","message":"Database pool initialized successfully","service":"user-service","timestamp":"2025-10-12 12:21:29"}
{"database":"auth_db","level":"info","message":"Database connection test successful","service":"user-service","timestamp":"2025-10-12T05:24:25.228Z"}
{"level":"info","message":"User Service running on port 3002","service":"user-service","timestamp":"2025-10-12 12:24:25"}
{"level":"info","message":"Database pool initialized successfully","service":"user-service","timestamp":"2025-10-12 12:24:25"}
{"database":"auth_db","level":"info","message":"Database connection test successful","service":"user-service","timestamp":"2025-10-12T05:33:50.591Z"}
{"level":"info","message":"User Service running on port 3002","service":"user-service","timestamp":"2025-10-12 12:33:50"}
{"level":"info","message":"Database pool initialized successfully","service":"user-service","timestamp":"2025-10-12 12:33:50"}
{"database":"auth_db","level":"info","message":"Database connection test successful","service":"user-service","timestamp":"2025-10-12T05:34:13.026Z"}
{"level":"info","message":"User Service running on port 3002","service":"user-service","timestamp":"2025-10-12 12:34:13"}
{"level":"info","message":"Database pool initialized successfully","service":"user-service","timestamp":"2025-10-12 12:34:13"}
{"database":"auth_db","level":"info","message":"Database connection test successful","service":"user-service","timestamp":"2025-10-12T05:35:40.964Z"}
{"level":"info","message":"User Service running on port 3002","service":"user-service","timestamp":"2025-10-12 12:35:40"}
{"level":"info","message":"Database pool initialized successfully","service":"user-service","timestamp":"2025-10-12 12:35:40"}
{"database":"auth_db","level":"info","message":"Database connection test successful","service":"user-service","timestamp":"2025-10-12T05:47:40.719Z"}
{"level":"info","message":"User Service running on port 3002","service":"user-service","timestamp":"2025-10-12 12:47:40"}
{"level":"info","message":"Database pool initialized successfully","service":"user-service","timestamp":"2025-10-12 12:47:40"}
{"database":"auth_db","level":"info","message":"Database connection test successful","service":"user-service","timestamp":"2025-10-12T05:47:51.099Z"}
{"level":"info","message":"User Service running on port 3002","service":"user-service","timestamp":"2025-10-12 12:47:51"}
{"level":"info","message":"Database pool initialized successfully","service":"user-service","timestamp":"2025-10-12 12:47:51"}
{"database":"auth_db","level":"info","message":"Database connection test successful","service":"user-service","timestamp":"2025-10-12T05:57:38.059Z"}
{"level":"info","message":"User Service running on port 3002","service":"user-service","timestamp":"2025-10-12 12:57:38"}
{"level":"info","message":"Database pool initialized successfully","service":"user-service","timestamp":"2025-10-12 12:57:38"}
{"database":"auth_db","level":"info","message":"Database connection test successful","service":"user-service","timestamp":"2025-10-12T06:00:54.394Z"}
{"level":"info","message":"User Service running on port 3002","service":"user-service","timestamp":"2025-10-12 13:00:54"}
{"level":"info","message":"Database pool initialized successfully","service":"user-service","timestamp":"2025-10-12 13:00:54"}
{"database":"auth_db","level":"info","message":"Database connection test successful","service":"user-service","timestamp":"2025-10-12T06:04:42.779Z"}
{"level":"info","message":"User Service running on port 3002","service":"user-service","timestamp":"2025-10-12 13:04:42"}
{"level":"info","message":"Database pool initialized successfully","service":"user-service","timestamp":"2025-10-12 13:04:42"}
{"database":"auth_db","level":"info","message":"Database connection test successful","service":"user-service","timestamp":"2025-10-12T06:16:50.176Z"}
{"level":"info","message":"User Service running on port 3002","service":"user-service","timestamp":"2025-10-12 13:16:50"}
{"level":"info","message":"Database pool initialized successfully","service":"user-service","timestamp":"2025-10-12 13:16:50"}
{"database":"auth_db","level":"info","message":"Database connection test successful","service":"user-service","timestamp":"2025-10-12T10:39:41.921Z"}
{"level":"info","message":"User Service running on port 3002","service":"user-service","timestamp":"2025-10-12 17:39:41"}
{"level":"info","message":"Database pool initialized successfully","service":"user-service","timestamp":"2025-10-12 17:39:41"}
{"database":"auth_db","level":"info","message":"Database connection test successful","service":"user-service","timestamp":"2025-10-12T10:41:55.756Z"}
{"address":"0.0.0.0","code":"EADDRINUSE","errno":-98,"level":"error","message":"Server error: listen EADDRINUSE: address already in use 0.0.0.0:3002","port":3002,"service":"user-service","stack":"Error: listen EADDRINUSE: address already in use 0.0.0.0:3002\n    at Server.setupListenHandle [as _listen2] (node:net:1908:16)\n    at listenInCluster (node:net:1965:12)\n    at doListen (node:net:2139:7)\n    at process.processTicksAndRejections (node:internal/process/task_queues:83:21)","syscall":"listen","timestamp":"2025-10-12 17:41:55"}
{"database":"auth_db","level":"info","message":"Database connection test successful","service":"user-service","timestamp":"2025-10-12T10:42:10.000Z"}
{"address":"0.0.0.0","code":"EADDRINUSE","errno":-98,"level":"error","message":"Server error: listen EADDRINUSE: address already in use 0.0.0.0:3002","port":3002,"service":"user-service","stack":"Error: listen EADDRINUSE: address already in use 0.0.0.0:3002\n    at Server.setupListenHandle [as _listen2] (node:net:1908:16)\n    at listenInCluster (node:net:1965:12)\n    at doListen (node:net:2139:7)\n    at process.processTicksAndRejections (node:internal/process/task_queues:83:21)","syscall":"listen","timestamp":"2025-10-12 17:42:10"}
{"database":"auth_db","level":"info","message":"Database connection test successful","service":"user-service","timestamp":"2025-10-12T10:44:40.415Z"}
{"level":"info","message":"User Service running on port 3002","service":"user-service","timestamp":"2025-10-12 17:44:40"}
{"level":"info","message":"Database pool initialized successfully","service":"user-service","timestamp":"2025-10-12 17:44:40"}
{"database":"auth_db","level":"info","message":"Database connection test successful","service":"user-service","timestamp":"2025-10-12T14:39:37.823Z"}
{"level":"info","message":"User Service running on port 3002","service":"user-service","timestamp":"2025-10-12 21:39:37"}
{"level":"info","message":"Database pool initialized successfully","service":"user-service","timestamp":"2025-10-12 21:39:37"}
{"database":"auth_db","level":"info","message":"Database connection test successful","service":"user-service","timestamp":"2025-10-12T14:40:55.703Z"}
{"address":"0.0.0.0","code":"EADDRINUSE","errno":-98,"level":"error","message":"Server error: listen EADDRINUSE: address already in use 0.0.0.0:3002","port":3002,"service":"user-service","stack":"Error: listen EADDRINUSE: address already in use 0.0.0.0:3002\n    at Server.setupListenHandle [as _listen2] (node:net:1908:16)\n    at listenInCluster (node:net:1965:12)\n    at doListen (node:net:2139:7)\n    at process.processTicksAndRejections (node:internal/process/task_queues:83:21)","syscall":"listen","timestamp":"2025-10-12 21:40:55"}
{"database":"auth_db","level":"info","message":"Database connection test successful","service":"user-service","timestamp":"2025-10-12T14:41:15.366Z"}
{"level":"info","message":"User Service running on port 3002","service":"user-service","timestamp":"2025-10-12 21:41:15"}
{"level":"info","message":"Database pool initialized successfully","service":"user-service","timestamp":"2025-10-12 21:41:15"}
{"database":"auth_db","level":"info","message":"Database connection test successful","service":"user-service","timestamp":"2025-10-12T14:45:51.015Z"}
{"level":"info","message":"User Service running on port 3002","service":"user-service","timestamp":"2025-10-12 21:45:51"}
{"level":"info","message":"Database pool initialized successfully","service":"user-service","timestamp":"2025-10-12 21:45:51"}
{"database":"auth_db","level":"info","message":"Database connection test successful","service":"user-service","timestamp":"2025-10-12T14:46:48.602Z"}
{"level":"info","message":"User Service running on port 3002","service":"user-service","timestamp":"2025-10-12 21:46:48"}
{"level":"info","message":"Database pool initialized successfully","service":"user-service","timestamp":"2025-10-12 21:46:48"}
{"database":"auth_db","level":"info","message":"Database connection test successful","service":"user-service","timestamp":"2025-10-12T14:57:05.741Z"}
{"level":"info","message":"User Service running on port 3002","service":"user-service","timestamp":"2025-10-12 21:57:05"}
{"level":"info","message":"Database pool initialized successfully","service":"user-service","timestamp":"2025-10-12 21:57:05"}
{"database":"auth_db","level":"info","message":"Database connection test successful","service":"user-service","timestamp":"2025-10-12T14:58:33.622Z"}
{"level":"info","message":"User Service running on port 3002","service":"user-service","timestamp":"2025-10-12 21:58:33"}
{"level":"info","message":"Database pool initialized successfully","service":"user-service","timestamp":"2025-10-12 21:58:33"}
{"database":"auth_db","level":"info","message":"Database connection test successful","service":"user-service","timestamp":"2025-10-12T15:07:56.847Z"}
{"level":"info","message":"User Service running on port 3002","service":"user-service","timestamp":"2025-10-12 22:07:56"}
{"level":"info","message":"Database pool initialized successfully","service":"user-service","timestamp":"2025-10-12 22:07:56"}
{"database":"auth_db","level":"info","message":"Database connection test successful","service":"user-service","timestamp":"2025-10-12T15:11:27.928Z"}
{"level":"info","message":"User Service running on port 3002","service":"user-service","timestamp":"2025-10-12 22:11:27"}
{"level":"info","message":"Database pool initialized successfully","service":"user-service","timestamp":"2025-10-12 22:11:27"}
{"database":"auth_db","level":"info","message":"Database connection test successful","service":"user-service","timestamp":"2025-10-12T15:19:16.414Z"}
{"address":"0.0.0.0","code":"EADDRINUSE","errno":-98,"level":"error","message":"Server error: listen EADDRINUSE: address already in use 0.0.0.0:3002","port":3002,"service":"user-service","stack":"Error: listen EADDRINUSE: address already in use 0.0.0.0:3002\n    at Server.setupListenHandle [as _listen2] (node:net:1908:16)\n    at listenInCluster (node:net:1965:12)\n    at doListen (node:net:2139:7)\n    at process.processTicksAndRejections (node:internal/process/task_queues:83:21)","syscall":"listen","timestamp":"2025-10-12 22:19:16"}
{"database":"auth_db","level":"info","message":"Database connection test successful","service":"user-service","timestamp":"2025-10-12T15:19:49.121Z"}
{"address":"0.0.0.0","code":"EADDRINUSE","errno":-98,"level":"error","message":"Server error: listen EADDRINUSE: address already in use 0.0.0.0:3002","port":3002,"service":"user-service","stack":"Error: listen EADDRINUSE: address already in use 0.0.0.0:3002\n    at Server.setupListenHandle [as _listen2] (node:net:1908:16)\n    at listenInCluster (node:net:1965:12)\n    at doListen (node:net:2139:7)\n    at process.processTicksAndRejections (node:internal/process/task_queues:83:21)","syscall":"listen","timestamp":"2025-10-12 22:19:49"}
{"database":"auth_db","level":"info","message":"Database connection test successful","service":"user-service","timestamp":"2025-10-12T15:20:42.959Z"}
{"level":"info","message":"User Service running on port 3002","service":"user-service","timestamp":"2025-10-12 22:20:42"}
{"level":"info","message":"Database pool initialized successfully","service":"user-service","timestamp":"2025-10-12 22:20:42"}
{"database":"auth_db","level":"info","message":"Database connection test successful","service":"user-service","timestamp":"2025-10-12T15:22:03.668Z"}
{"level":"info","message":"User Service running on port 3002","service":"user-service","timestamp":"2025-10-12 22:22:03"}
{"level":"info","message":"Database pool initialized successfully","service":"user-service","timestamp":"2025-10-12 22:22:03"}
{"database":"auth_db","level":"info","message":"Database connection test successful","service":"user-service","timestamp":"2025-10-12T15:52:08.128Z"}
{"level":"info","message":"User Service running on port 3002","service":"user-service","timestamp":"2025-10-12 22:52:08"}
{"level":"info","message":"Database pool initialized successfully","service":"user-service","timestamp":"2025-10-12 22:52:08"}
{"database":"auth_db","level":"info","message":"Database connection test successful","service":"user-service","timestamp":"2025-10-12T16:02:36.854Z"}
{"level":"info","message":"User Service running on port 3002","service":"user-service","timestamp":"2025-10-12 23:02:36"}
{"level":"info","message":"Database pool initialized successfully","service":"user-service","timestamp":"2025-10-12 23:02:36"}
{"database":"auth_db","level":"info","message":"Database connection test successful","service":"user-service","timestamp":"2025-10-12T16:04:58.941Z"}
{"level":"info","message":"User Service running on port 3002","service":"user-service","timestamp":"2025-10-12 23:04:58"}
{"level":"info","message":"Database pool initialized successfully","service":"user-service","timestamp":"2025-10-12 23:04:58"}
{"database":"auth_db","level":"info","message":"Database connection test successful","service":"user-service","timestamp":"2025-10-12T16:10:50.107Z"}
{"level":"info","message":"User Service running on port 3002","service":"user-service","timestamp":"2025-10-12 23:10:50"}
{"level":"info","message":"Database pool initialized successfully","service":"user-service","timestamp":"2025-10-12 23:10:50"}
{"database":"auth_db","level":"info","message":"Database connection test successful","service":"user-service","timestamp":"2025-10-12T16:21:02.500Z"}
{"level":"info","message":"User Service running on port 3002","service":"user-service","timestamp":"2025-10-12 23:21:02"}
{"level":"info","message":"Database pool initialized successfully","service":"user-service","timestamp":"2025-10-12 23:21:02"}
{"database":"auth_db","level":"info","message":"Database connection test successful","service":"user-service","timestamp":"2025-10-13T00:05:24.445Z"}
{"level":"info","message":"User Service running on port 3002","service":"user-service","timestamp":"2025-10-13 07:05:24"}
{"level":"info","message":"Database pool initialized successfully","service":"user-service","timestamp":"2025-10-13 07:05:24"}
{"database":"auth_db","level":"info","message":"Database connection test successful","service":"user-service","timestamp":"2025-10-13T00:15:57.923Z"}
{"level":"info","message":"User Service running on port 3002","service":"user-service","timestamp":"2025-10-13 07:15:57"}
{"level":"info","message":"Database pool initialized successfully","service":"user-service","timestamp":"2025-10-13 07:15:57"}
{"database":"auth_db","level":"info","message":"Database connection test successful","service":"user-service","timestamp":"2025-10-13T00:22:35.952Z"}
{"level":"info","message":"User Service running on port 3002","service":"user-service","timestamp":"2025-10-13 07:22:35"}
{"level":"info","message":"Database pool initialized successfully","service":"user-service","timestamp":"2025-10-13 07:22:35"}
{"database":"auth_db","level":"info","message":"Database connection test successful","service":"user-service","timestamp":"2025-10-13T00:59:11.302Z"}
{"level":"info","message":"User Service running on port 3002","service":"user-service","timestamp":"2025-10-13 07:59:11"}
{"level":"info","message":"Database pool initialized successfully","service":"user-service","timestamp":"2025-10-13 07:59:11"}
{"database":"auth_db","level":"info","message":"Database connection test successful","service":"user-service","timestamp":"2025-10-13T01:18:52.089Z"}
{"level":"info","message":"User Service running on port 3002","service":"user-service","timestamp":"2025-10-13 08:18:52"}
{"level":"info","message":"Database pool initialized successfully","service":"user-service","timestamp":"2025-10-13 08:18:52"}
{"database":"auth_db","level":"info","message":"Database connection test successful","service":"user-service","timestamp":"2025-10-13T01:23:41.164Z"}
{"level":"info","message":"User Service running on port 3002","service":"user-service","timestamp":"2025-10-13 08:23:41"}
{"level":"info","message":"Database pool initialized successfully","service":"user-service","timestamp":"2025-10-13 08:23:41"}
{"database":"auth_db","level":"info","message":"Database connection test successful","service":"user-service","timestamp":"2025-10-13T01:39:13.820Z"}
{"level":"info","message":"User Service running on port 3002","service":"user-service","timestamp":"2025-10-13 08:39:13"}
{"level":"info","message":"Database pool initialized successfully","service":"user-service","timestamp":"2025-10-13 08:39:13"}
{"database":"auth_db","level":"info","message":"Database connection test successful","service":"user-service","timestamp":"2025-10-13T01:42:00.704Z"}
{"address":"0.0.0.0","code":"EADDRINUSE","errno":-98,"level":"error","message":"Server error: listen EADDRINUSE: address already in use 0.0.0.0:3002","port":3002,"service":"user-service","stack":"Error: listen EADDRINUSE: address already in use 0.0.0.0:3002\n    at Server.setupListenHandle [as _listen2] (node:net:1908:16)\n    at listenInCluster (node:net:1965:12)\n    at doListen (node:net:2139:7)\n    at process.processTicksAndRejections (node:internal/process/task_queues:83:21)","syscall":"listen","timestamp":"2025-10-13 08:42:00"}
{"database":"auth_db","level":"info","message":"Database connection test successful","service":"user-service","timestamp":"2025-10-13T01:45:48.376Z"}
{"level":"info","message":"User Service running on port 3002","service":"user-service","timestamp":"2025-10-13 08:45:48"}
{"level":"info","message":"Database pool initialized successfully","service":"user-service","timestamp":"2025-10-13 08:45:48"}
{"database":"auth_db","level":"info","message":"Database connection test successful","service":"user-service","timestamp":"2025-10-13T01:50:39.348Z"}
{"level":"info","message":"User Service running on port 3002","service":"user-service","timestamp":"2025-10-13 08:50:39"}
{"level":"info","message":"Database pool initialized successfully","service":"user-service","timestamp":"2025-10-13 08:50:39"}
{"database":"auth_db","level":"info","message":"Database connection test successful","service":"user-service","timestamp":"2025-10-13T02:04:07.836Z"}
{"level":"info","message":"User Service running on port 3002","service":"user-service","timestamp":"2025-10-13 09:04:07"}
{"level":"info","message":"Database pool initialized successfully","service":"user-service","timestamp":"2025-10-13 09:04:07"}
{"code":"ECONNREFUSED","level":"error","message":"","service":"user-service","timestamp":"2025-10-13 13:24:46"}
{"error":"","level":"error","message":"Failed to start user service","service":"user-service","timestamp":"2025-10-13 13:24:46"}
{"database":"auth_db","level":"info","message":"Database connection test successful","service":"user-service","timestamp":"2025-10-13T06:25:13.190Z"}
{"level":"info","message":"User Service running on port 3002","service":"user-service","timestamp":"2025-10-13 13:25:13"}
{"level":"info","message":"Database pool initialized successfully","service":"user-service","timestamp":"2025-10-13 13:25:13"}
{"database":"auth_db","level":"info","message":"Database connection test successful","service":"user-service","timestamp":"2025-10-13T06:32:53.828Z"}
{"level":"info","message":"User Service running on port 3002","service":"user-service","timestamp":"2025-10-13 13:32:53"}
{"level":"info","message":"Database pool initialized successfully","service":"user-service","timestamp":"2025-10-13 13:32:53"}
{"database":"auth_db","level":"info","message":"Database connection test successful","service":"user-service","timestamp":"2025-10-13T06:35:37.169Z"}
{"level":"info","message":"User Service running on port 3002","service":"user-service","timestamp":"2025-10-13 13:35:37"}
{"level":"info","message":"Database pool initialized successfully","service":"user-service","timestamp":"2025-10-13 13:35:37"}
{"database":"auth_db","level":"info","message":"Database connection test successful","service":"user-service","timestamp":"2025-10-13T06:44:40.662Z"}
{"level":"info","message":"User Service running on port 3002","service":"user-service","timestamp":"2025-10-13 13:44:40"}
{"level":"info","message":"Database pool initialized successfully","service":"user-service","timestamp":"2025-10-13 13:44:40"}
{"database":"auth_db","level":"info","message":"Database connection test successful","service":"user-service","timestamp":"2025-10-13T07:16:39.688Z"}
{"level":"info","message":"User Service running on port 3002","service":"user-service","timestamp":"2025-10-13 14:16:39"}
{"level":"info","message":"Database pool initialized successfully","service":"user-service","timestamp":"2025-10-13 14:16:39"}
{"database":"auth_db","level":"info","message":"Database connection test successful","service":"user-service","timestamp":"2025-10-13T07:19:48.925Z"}
{"level":"info","message":"User Service running on port 3002","service":"user-service","timestamp":"2025-10-13 14:19:48"}
{"level":"info","message":"Database pool initialized successfully","service":"user-service","timestamp":"2025-10-13 14:19:48"}
{"database":"auth_db","level":"info","message":"Database connection test successful","service":"user-service","timestamp":"2025-10-13T07:21:33.777Z"}
{"address":"0.0.0.0","code":"EADDRINUSE","errno":-98,"level":"error","message":"Server error: listen EADDRINUSE: address already in use 0.0.0.0:3002","port":3002,"service":"user-service","stack":"Error: listen EADDRINUSE: address already in use 0.0.0.0:3002\n    at Server.setupListenHandle [as _listen2] (node:net:1908:16)\n    at listenInCluster (node:net:1965:12)\n    at doListen (node:net:2139:7)\n    at process.processTicksAndRejections (node:internal/process/task_queues:83:21)","syscall":"listen","timestamp":"2025-10-13 14:21:33"}
{"database":"auth_db","level":"info","message":"Database connection test successful","service":"user-service","timestamp":"2025-10-13T07:21:46.502Z"}
{"level":"info","message":"User Service running on port 3002","service":"user-service","timestamp":"2025-10-13 14:21:46"}
{"level":"info","message":"Database pool initialized successfully","service":"user-service","timestamp":"2025-10-13 14:21:46"}
{"database":"auth_db","level":"info","message":"Database connection test successful","service":"user-service","timestamp":"2025-10-13T07:26:18.846Z"}
{"level":"info","message":"User Service running on port 3002","service":"user-service","timestamp":"2025-10-13 14:26:18"}
{"level":"info","message":"Database pool initialized successfully","service":"user-service","timestamp":"2025-10-13 14:26:18"}
{"database":"auth_db","level":"info","message":"Database connection test successful","service":"user-service","timestamp":"2025-10-13T09:40:22.185Z"}
{"level":"info","message":"User Service running on port 3002","service":"user-service","timestamp":"2025-10-13 16:40:22"}
{"level":"info","message":"Database pool initialized successfully","service":"user-service","timestamp":"2025-10-13 16:40:22"}
{"database":"auth_db","level":"info","message":"Database connection test successful","service":"user-service","timestamp":"2025-10-13T09:52:08.935Z"}
{"level":"info","message":"User Service running on port 3002","service":"user-service","timestamp":"2025-10-13 16:52:08"}
{"level":"info","message":"Database pool initialized successfully","service":"user-service","timestamp":"2025-10-13 16:52:08"}
{"database":"auth_db","level":"info","message":"Database connection test successful","service":"user-service","timestamp":"2025-10-13T10:02:43.044Z"}
{"level":"info","message":"User Service running on port 3002","service":"user-service","timestamp":"2025-10-13 17:02:43"}
{"level":"info","message":"Database pool initialized successfully","service":"user-service","timestamp":"2025-10-13 17:02:43"}
{"database":"auth_db","level":"info","message":"Database connection test successful","service":"user-service","timestamp":"2025-10-13T10:22:27.779Z"}
{"level":"info","message":"User Service running on port 3002","service":"user-service","timestamp":"2025-10-13 17:22:27"}
{"level":"info","message":"Database pool initialized successfully","service":"user-service","timestamp":"2025-10-13 17:22:27"}
{"database":"auth_db","level":"info","message":"Database connection test successful","service":"user-service","timestamp":"2025-10-13T10:22:44.127Z"}
{"level":"info","message":"User Service running on port 3002","service":"user-service","timestamp":"2025-10-13 17:22:44"}
{"level":"info","message":"Database pool initialized successfully","service":"user-service","timestamp":"2025-10-13 17:22:44"}
{"database":"auth_db","level":"info","message":"Database connection test successful","service":"user-service","timestamp":"2025-10-13T10:25:46.656Z"}
{"level":"info","message":"User Service running on port 3002","service":"user-service","timestamp":"2025-10-13 17:25:46"}
{"level":"info","message":"Database pool initialized successfully","service":"user-service","timestamp":"2025-10-13 17:25:46"}
{"database":"auth_db","level":"info","message":"Database connection test successful","service":"user-service","timestamp":"2025-10-13T10:29:12.908Z"}
{"address":"0.0.0.0","code":"EADDRINUSE","errno":-98,"level":"error","message":"Server error: listen EADDRINUSE: address already in use 0.0.0.0:3002","port":3002,"service":"user-service","stack":"Error: listen EADDRINUSE: address already in use 0.0.0.0:3002\n    at Server.setupListenHandle [as _listen2] (node:net:1908:16)\n    at listenInCluster (node:net:1965:12)\n    at doListen (node:net:2139:7)\n    at process.processTicksAndRejections (node:internal/process/task_queues:83:21)","syscall":"listen","timestamp":"2025-10-13 17:29:12"}
{"database":"auth_db","level":"info","message":"Database connection test successful","service":"user-service","timestamp":"2025-10-13T10:29:52.184Z"}
{"address":"0.0.0.0","code":"EADDRINUSE","errno":-98,"level":"error","message":"Server error: listen EADDRINUSE: address already in use 0.0.0.0:3002","port":3002,"service":"user-service","stack":"Error: listen EADDRINUSE: address already in use 0.0.0.0:3002\n    at Server.setupListenHandle [as _listen2] (node:net:1908:16)\n    at listenInCluster (node:net:1965:12)\n    at doListen (node:net:2139:7)\n    at process.processTicksAndRejections (node:internal/process/task_queues:83:21)","syscall":"listen","timestamp":"2025-10-13 17:29:52"}
{"database":"auth_db","level":"info","message":"Database connection test successful","service":"user-service","timestamp":"2025-10-13T10:30:09.952Z"}
{"level":"info","message":"User Service running on port 3002","service":"user-service","timestamp":"2025-10-13 17:30:09"}
{"level":"info","message":"Database pool initialized successfully","service":"user-service","timestamp":"2025-10-13 17:30:09"}
{"database":"auth_db","level":"info","message":"Database connection test successful","service":"user-service","timestamp":"2025-10-13T11:03:38.867Z"}
{"level":"info","message":"User Service running on port 3002","service":"user-service","timestamp":"2025-10-13 18:03:38"}
{"level":"info","message":"Database pool initialized successfully","service":"user-service","timestamp":"2025-10-13 18:03:38"}
{"database":"auth_db","level":"info","message":"Database connection test successful","service":"user-service","timestamp":"2025-10-13T11:08:18.497Z"}
{"address":"0.0.0.0","code":"EADDRINUSE","errno":-98,"level":"error","message":"Server error: listen EADDRINUSE: address already in use 0.0.0.0:3002","port":3002,"service":"user-service","stack":"Error: listen EADDRINUSE: address already in use 0.0.0.0:3002\n    at Server.setupListenHandle [as _listen2] (node:net:1908:16)\n    at listenInCluster (node:net:1965:12)\n    at doListen (node:net:2139:7)\n    at process.processTicksAndRejections (node:internal/process/task_queues:83:21)","syscall":"listen","timestamp":"2025-10-13 18:08:18"}
{"database":"auth_db","level":"info","message":"Database connection test successful","service":"user-service","timestamp":"2025-10-13T11:08:36.625Z"}
{"level":"info","message":"User Service running on port 3002","service":"user-service","timestamp":"2025-10-13 18:08:36"}
{"level":"info","message":"Database pool initialized successfully","service":"user-service","timestamp":"2025-10-13 18:08:36"}
{"database":"auth_db","level":"info","message":"Database connection test successful","service":"user-service","timestamp":"2025-10-13T11:11:03.729Z"}
{"level":"info","message":"User Service running on port 3002","service":"user-service","timestamp":"2025-10-13 18:11:03"}
{"level":"info","message":"Database pool initialized successfully","service":"user-service","timestamp":"2025-10-13 18:11:03"}
{"database":"auth_db","level":"info","message":"Database connection test successful","service":"user-service","timestamp":"2025-10-13T11:13:07.471Z"}
{"level":"info","message":"User Service running on port 3002","service":"user-service","timestamp":"2025-10-13 18:13:07"}
{"level":"info","message":"Database pool initialized successfully","service":"user-service","timestamp":"2025-10-13 18:13:07"}
{"database":"auth_db","level":"info","message":"Database connection test successful","service":"user-service","timestamp":"2025-10-13T11:14:55.707Z"}
{"level":"info","message":"User Service running on port 3002","service":"user-service","timestamp":"2025-10-13 18:14:55"}
{"level":"info","message":"Database pool initialized successfully","service":"user-service","timestamp":"2025-10-13 18:14:55"}
{"database":"auth_db","level":"info","message":"Database connection test successful","service":"user-service","timestamp":"2025-10-13T11:17:00.163Z"}
{"level":"info","message":"User Service running on port 3002","service":"user-service","timestamp":"2025-10-13 18:17:00"}
{"level":"info","message":"Database pool initialized successfully","service":"user-service","timestamp":"2025-10-13 18:17:00"}
{"database":"auth_db","level":"info","message":"Database connection test successful","service":"user-service","timestamp":"2025-10-13T11:19:10.722Z"}
{"address":"0.0.0.0","code":"EADDRINUSE","errno":-98,"level":"error","message":"Server error: listen EADDRINUSE: address already in use 0.0.0.0:3002","port":3002,"service":"user-service","stack":"Error: listen EADDRINUSE: address already in use 0.0.0.0:3002\n    at Server.setupListenHandle [as _listen2] (node:net:1908:16)\n    at listenInCluster (node:net:1965:12)\n    at doListen (node:net:2139:7)\n    at process.processTicksAndRejections (node:internal/process/task_queues:83:21)","syscall":"listen","timestamp":"2025-10-13 18:19:10"}
{"database":"auth_db","level":"info","message":"Database connection test successful","service":"user-service","timestamp":"2025-10-13T11:19:28.512Z"}
{"level":"info","message":"User Service running on port 3002","service":"user-service","timestamp":"2025-10-13 18:19:28"}
{"level":"info","message":"Database pool initialized successfully","service":"user-service","timestamp":"2025-10-13 18:19:28"}
{"database":"auth_db","level":"info","message":"Database connection test successful","service":"user-service","timestamp":"2025-10-13T11:23:14.554Z"}
{"level":"info","message":"User Service running on port 3002","service":"user-service","timestamp":"2025-10-13 18:23:14"}
{"level":"info","message":"Database pool initialized successfully","service":"user-service","timestamp":"2025-10-13 18:23:14"}
{"database":"auth_db","level":"info","message":"Database connection test successful","service":"user-service","timestamp":"2025-10-13T11:40:16.446Z"}
{"address":"0.0.0.0","code":"EADDRINUSE","errno":-98,"level":"error","message":"Server error: listen EADDRINUSE: address already in use 0.0.0.0:3002","port":3002,"service":"user-service","stack":"Error: listen EADDRINUSE: address already in use 0.0.0.0:3002\n    at Server.setupListenHandle [as _listen2] (node:net:1908:16)\n    at listenInCluster (node:net:1965:12)\n    at doListen (node:net:2139:7)\n    at process.processTicksAndRejections (node:internal/process/task_queues:83:21)","syscall":"listen","timestamp":"2025-10-13 18:40:16"}
{"database":"auth_db","level":"info","message":"Database connection test successful","service":"user-service","timestamp":"2025-10-13T11:40:30.155Z"}
{"level":"info","message":"User Service running on port 3002","service":"user-service","timestamp":"2025-10-13 18:40:30"}
{"level":"info","message":"Database pool initialized successfully","service":"user-service","timestamp":"2025-10-13 18:40:30"}
{"database":"auth_db","level":"info","message":"Database connection test successful","service":"user-service","timestamp":"2025-10-13T12:57:30.599Z"}
{"level":"info","message":"User Service running on port 3002","service":"user-service","timestamp":"2025-10-13 19:57:30"}
{"level":"info","message":"Database pool initialized successfully","service":"user-service","timestamp":"2025-10-13 19:57:30"}
{"database":"auth_db","level":"info","message":"Database connection test successful","service":"user-service","timestamp":"2025-10-13T13:04:37.315Z"}
{"level":"info","message":"User Service running on port 3002","service":"user-service","timestamp":"2025-10-13 20:04:37"}
{"level":"info","message":"Database pool initialized successfully","service":"user-service","timestamp":"2025-10-13 20:04:37"}
{"database":"auth_db","level":"info","message":"Database connection test successful","service":"user-service","timestamp":"2025-10-13T17:17:22.988Z"}
{"level":"info","message":"User Service running on port 3002","service":"user-service","timestamp":"2025-10-14 00:17:22"}
{"level":"info","message":"Database pool initialized successfully","service":"user-service","timestamp":"2025-10-14 00:17:22"}
{"database":"auth_db","level":"info","message":"Database connection test successful","service":"user-service","timestamp":"2025-10-13T17:18:05.027Z"}
{"level":"info","message":"User Service running on port 3002","service":"user-service","timestamp":"2025-10-14 00:18:05"}
{"level":"info","message":"Database pool initialized successfully","service":"user-service","timestamp":"2025-10-14 00:18:05"}
{"database":"auth_db","level":"info","message":"Database connection test successful","service":"user-service","timestamp":"2025-10-14T02:00:53.871Z"}
{"level":"info","message":"User Service running on port 3002","service":"user-service","timestamp":"2025-10-14 09:00:53"}
{"level":"info","message":"Database pool initialized successfully","service":"user-service","timestamp":"2025-10-14 09:00:53"}
{"database":"auth_db","level":"info","message":"Database connection test successful","service":"user-service","timestamp":"2025-10-14T06:40:14.968Z"}
{"level":"info","message":"User Service running on port 3002","service":"user-service","timestamp":"2025-10-14 13:40:14"}
{"level":"info","message":"Database pool initialized successfully","service":"user-service","timestamp":"2025-10-14 13:40:14"}
{"database":"auth_db","level":"info","message":"Database connection test successful","service":"user-service","timestamp":"2025-10-14T07:04:19.232Z"}
{"level":"info","message":"User Service running on port 3002","service":"user-service","timestamp":"2025-10-14 14:04:19"}
{"level":"info","message":"Database pool initialized successfully","service":"user-service","timestamp":"2025-10-14 14:04:19"}
{"database":"auth_db","level":"info","message":"Database connection test successful","service":"user-service","timestamp":"2025-10-14T07:29:21.935Z"}
{"address":"0.0.0.0","code":"EADDRINUSE","errno":-98,"level":"error","message":"Server error: listen EADDRINUSE: address already in use 0.0.0.0:3002","port":3002,"service":"user-service","stack":"Error: listen EADDRINUSE: address already in use 0.0.0.0:3002\n    at Server.setupListenHandle [as _listen2] (node:net:1908:16)\n    at listenInCluster (node:net:1965:12)\n    at doListen (node:net:2139:7)\n    at process.processTicksAndRejections (node:internal/process/task_queues:83:21)","syscall":"listen","timestamp":"2025-10-14 14:29:21"}
{"database":"auth_db","level":"info","message":"Database connection test successful","service":"user-service","timestamp":"2025-10-14T07:29:41.516Z"}
{"level":"info","message":"User Service running on port 3002","service":"user-service","timestamp":"2025-10-14 14:29:41"}
{"level":"info","message":"Database pool initialized successfully","service":"user-service","timestamp":"2025-10-14 14:29:41"}
{"database":"auth_db","level":"info","message":"Database connection test successful","service":"user-service","timestamp":"2025-10-14T07:35:12.610Z"}
{"level":"info","message":"User Service running on port 3002","service":"user-service","timestamp":"2025-10-14 14:35:12"}
{"level":"info","message":"Database pool initialized successfully","service":"user-service","timestamp":"2025-10-14 14:35:12"}
{"database":"auth_db","level":"info","message":"Database connection test successful","service":"user-service","timestamp":"2025-10-14T07:37:29.901Z"}
{"address":"0.0.0.0","code":"EADDRINUSE","errno":-98,"level":"error","message":"Server error: listen EADDRINUSE: address already in use 0.0.0.0:3002","port":3002,"service":"user-service","stack":"Error: listen EADDRINUSE: address already in use 0.0.0.0:3002\n    at Server.setupListenHandle [as _listen2] (node:net:1908:16)\n    at listenInCluster (node:net:1965:12)\n    at doListen (node:net:2139:7)\n    at process.processTicksAndRejections (node:internal/process/task_queues:83:21)","syscall":"listen","timestamp":"2025-10-14 14:37:29"}
{"database":"auth_db","level":"info","message":"Database connection test successful","service":"user-service","timestamp":"2025-10-14T07:45:45.704Z"}
{"level":"info","message":"User Service running on port 3002","service":"user-service","timestamp":"2025-10-14 14:45:45"}
{"level":"info","message":"Database pool initialized successfully","service":"user-service","timestamp":"2025-10-14 14:45:45"}
{"database":"auth_db","level":"info","message":"Database connection test successful","service":"user-service","timestamp":"2025-10-14T07:47:06.302Z"}
{"level":"info","message":"User Service running on port 3002","service":"user-service","timestamp":"2025-10-14 14:47:06"}
{"level":"info","message":"Database pool initialized successfully","service":"user-service","timestamp":"2025-10-14 14:47:06"}
{"database":"auth_db","level":"info","message":"Database connection test successful","service":"user-service","timestamp":"2025-10-14T07:49:54.364Z"}
{"level":"info","message":"User Service running on port 3002","service":"user-service","timestamp":"2025-10-14 14:49:54"}
{"level":"info","message":"Database pool initialized successfully","service":"user-service","timestamp":"2025-10-14 14:49:54"}
{"database":"auth_db","level":"info","message":"Database connection test successful","service":"user-service","timestamp":"2025-10-14T07:52:48.533Z"}
{"level":"info","message":"User Service running on port 3002","service":"user-service","timestamp":"2025-10-14 14:52:48"}
{"level":"info","message":"Database pool initialized successfully","service":"user-service","timestamp":"2025-10-14 14:52:48"}
{"database":"auth_db","level":"info","message":"Database connection test successful","service":"user-service","timestamp":"2025-10-14T07:55:03.971Z"}
{"address":"0.0.0.0","code":"EADDRINUSE","errno":-98,"level":"error","message":"Server error: listen EADDRINUSE: address already in use 0.0.0.0:3002","port":3002,"service":"user-service","stack":"Error: listen EADDRINUSE: address already in use 0.0.0.0:3002\n    at Server.setupListenHandle [as _listen2] (node:net:1908:16)\n    at listenInCluster (node:net:1965:12)\n    at doListen (node:net:2139:7)\n    at process.processTicksAndRejections (node:internal/process/task_queues:83:21)","syscall":"listen","timestamp":"2025-10-14 14:55:03"}
{"database":"auth_db","level":"info","message":"Database connection test successful","service":"user-service","timestamp":"2025-10-14T07:55:22.157Z"}
{"level":"info","message":"User Service running on port 3002","service":"user-service","timestamp":"2025-10-14 14:55:22"}
{"level":"info","message":"Database pool initialized successfully","service":"user-service","timestamp":"2025-10-14 14:55:22"}
{"database":"auth_db","level":"info","message":"Database connection test successful","service":"user-service","timestamp":"2025-10-14T07:59:16.503Z"}
{"address":"0.0.0.0","code":"EADDRINUSE","errno":-98,"level":"error","message":"Server error: listen EADDRINUSE: address already in use 0.0.0.0:3002","port":3002,"service":"user-service","stack":"Error: listen EADDRINUSE: address already in use 0.0.0.0:3002\n    at Server.setupListenHandle [as _listen2] (node:net:1908:16)\n    at listenInCluster (node:net:1965:12)\n    at doListen (node:net:2139:7)\n    at process.processTicksAndRejections (node:internal/process/task_queues:83:21)","syscall":"listen","timestamp":"2025-10-14 14:59:16"}
{"database":"auth_db","level":"info","message":"Database connection test successful","service":"user-service","timestamp":"2025-10-14T08:01:32.784Z"}
{"level":"info","message":"User Service running on port 3002","service":"user-service","timestamp":"2025-10-14 15:01:32"}
{"level":"info","message":"Database pool initialized successfully","service":"user-service","timestamp":"2025-10-14 15:01:32"}
{"database":"auth_db","level":"info","message":"Database connection test successful","service":"user-service","timestamp":"2025-10-14T08:06:19.594Z"}
{"level":"info","message":"User Service running on port 3002","service":"user-service","timestamp":"2025-10-14 15:06:19"}
{"level":"info","message":"Database pool initialized successfully","service":"user-service","timestamp":"2025-10-14 15:06:19"}
{"database":"auth_db","level":"info","message":"Database connection test successful","service":"user-service","timestamp":"2025-10-14T08:16:45.741Z"}
{"level":"info","message":"User Service running on port 3002","service":"user-service","timestamp":"2025-10-14 15:16:45"}
{"level":"info","message":"Database pool initialized successfully","service":"user-service","timestamp":"2025-10-14 15:16:45"}
{"database":"auth_db","level":"info","message":"Database connection test successful","service":"user-service","timestamp":"2025-10-15T07:39:57.939Z"}
{"level":"info","message":"User Service running on port 3002","service":"user-service","timestamp":"2025-10-15 14:39:57"}
{"level":"info","message":"Database pool initialized successfully","service":"user-service","timestamp":"2025-10-15 14:39:57"}
{"code":"ECONNREFUSED","level":"error","message":"","service":"user-service","timestamp":"2025-10-16 14:18:17"}
{"error":"","level":"error","message":"Failed to start user service","service":"user-service","timestamp":"2025-10-16 14:18:17"}
{"code":"ECONNREFUSED","level":"error","message":"","service":"user-service","timestamp":"2025-10-16 14:24:00"}
{"error":"","level":"error","message":"Failed to start user service","service":"user-service","timestamp":"2025-10-16 14:24:00"}
{"code":"ECONNREFUSED","level":"error","message":"","service":"user-service","timestamp":"2025-10-16 14:24:15"}
{"error":"","level":"error","message":"Failed to start user service","service":"user-service","timestamp":"2025-10-16 14:24:15"}
{"database":"auth_db","level":"info","message":"Database connection test successful","service":"user-service","timestamp":"2025-10-16T07:25:35.342Z"}
{"level":"info","message":"User Service running on port 3002","service":"user-service","timestamp":"2025-10-16 14:25:35"}
{"level":"info","message":"Database pool initialized successfully","service":"user-service","timestamp":"2025-10-16 14:25:35"}
{"database":"auth_db","level":"info","message":"Database connection test successful","service":"user-service","timestamp":"2025-10-16T08:43:14.303Z"}
{"level":"info","message":"User Service running on port 3002","service":"user-service","timestamp":"2025-10-16 15:43:14"}
{"level":"info","message":"Database pool initialized successfully","service":"user-service","timestamp":"2025-10-16 15:43:14"}
{"database":"auth_db","level":"info","message":"Database connection test successful","service":"user-service","timestamp":"2025-10-16T16:09:20.909Z"}
{"level":"info","message":"User Service running on port 3002","service":"user-service","timestamp":"2025-10-16 23:09:20"}
{"level":"info","message":"Database pool initialized successfully","service":"user-service","timestamp":"2025-10-16 23:09:20"}
{"database":"auth_db","level":"info","message":"Database connection test successful","service":"user-service","timestamp":"2025-10-16T16:15:19.118Z"}
{"level":"info","message":"User Service running on port 3002","service":"user-service","timestamp":"2025-10-16 23:15:19"}
{"level":"info","message":"Database pool initialized successfully","service":"user-service","timestamp":"2025-10-16 23:15:19"}
{"database":"auth_db","level":"info","message":"Database connection test successful","service":"user-service","timestamp":"2025-10-16T16:34:43.133Z"}
{"level":"info","message":"User Service running on port 3002","service":"user-service","timestamp":"2025-10-16 23:34:43"}
